[ 2017-06-15T00:04:15+08:00 ] ::1 /WebExamSystem1/index.php/Home/Login/index.html
INFO: [ app_init ] --START--
INFO: Run Behavior\BuildLiteBehavior [ RunTime:0.000029s ]
INFO: [ app_init ] --END-- [ RunTime:0.000637s ]
INFO: [ app_begin ] --START--
INFO: Run Behavior\ReadHtmlCacheBehavior [ RunTime:0.000703s ]
INFO: [ app_begin ] --END-- [ RunTime:0.000846s ]
NOTIC: [2048] Declaration of Home\Controller\LoginController::error() should be compatible with Think\Controller::error($message = '', $jumpUrl = '', $ajax = false) F:\Program\wamp\www\WebExamSystem1\Application\Home\Controller\LoginController.class.php 第 4 行.
INFO: [ view_parse ] --START--
INFO: [ template_filter ] --START--
INFO: Run Behavior\ContentReplaceBehavior [ RunTime:0.000098s ]
INFO: [ template_filter ] --END-- [ RunTime:0.000244s ]
INFO: Run Behavior\ParseTemplateBehavior [ RunTime:0.007084s ]
INFO: [ view_parse ] --END-- [ RunTime:0.007211s ]
INFO: [ view_filter ] --START--
INFO: Run Behavior\WriteHtmlCacheBehavior [ RunTime:0.000552s ]
INFO: [ view_filter ] --END-- [ RunTime:0.000738s ]
INFO: [ app_end ] --START--
INFO: Run Behavior\ShowPageTraceBehavior [ RunTime:0.000749s ]
INFO: [ app_end ] --END-- [ RunTime:0.000887s ]

[ 2017-06-15T00:04:26+08:00 ] ::1 /WebExamSystem1/index.php/Home/Login/login.html
INFO: [ app_init ] --START--
INFO: Run Behavior\BuildLiteBehavior [ RunTime:0.000029s ]
INFO: [ app_init ] --END-- [ RunTime:0.000607s ]
INFO: [ app_begin ] --START--
INFO: Run Behavior\ReadHtmlCacheBehavior [ RunTime:0.000723s ]
INFO: [ app_begin ] --END-- [ RunTime:0.000846s ]
NOTIC: [2048] Declaration of Home\Controller\LoginController::error() should be compatible with Think\Controller::error($message = '', $jumpUrl = '', $ajax = false) F:\Program\wamp\www\WebExamSystem1\Application\Home\Controller\LoginController.class.php 第 4 行.
SQL: SHOW COLUMNS FROM `ex_user` [ RunTime:0.0500s ]
SQL: SELECT * FROM `ex_user` WHERE `cUser` = '2013040802017'  [ RunTime:0.0004s ]
SQL: SELECT * FROM `ex_user` WHERE `cUser` = '2013040802017'  [ RunTime:0.0003s ]

[ 2017-06-15T00:04:27+08:00 ] ::1 /WebExamSystem1/index.php/Home/Index/index.html
INFO: [ app_init ] --START--
INFO: Run Behavior\BuildLiteBehavior [ RunTime:0.000029s ]
INFO: [ app_init ] --END-- [ RunTime:0.000658s ]
INFO: [ app_begin ] --START--
INFO: Run Behavior\ReadHtmlCacheBehavior [ RunTime:0.000714s ]
INFO: [ app_begin ] --END-- [ RunTime:0.000879s ]
NOTIC: [2048] Declaration of Home\Controller\IndexController::success() should be compatible with Think\Controller::success($message = '', $jumpUrl = '', $ajax = false) F:\Program\wamp\www\WebExamSystem1\Application\Home\Controller\IndexController.class.php 第 4 行.
SQL: SHOW COLUMNS FROM `ex_user` [ RunTime:0.0031s ]
SQL: SELECT * FROM `ex_user` WHERE `id` = 2  [ RunTime:0.0004s ]
INFO: [ view_parse ] --START--
INFO: [ template_filter ] --START--
INFO: Run Behavior\ContentReplaceBehavior [ RunTime:0.000093s ]
INFO: [ template_filter ] --END-- [ RunTime:0.000222s ]
INFO: Run Behavior\ParseTemplateBehavior [ RunTime:0.011929s ]
INFO: [ view_parse ] --END-- [ RunTime:0.012112s ]
INFO: [ view_filter ] --START--
INFO: Run Behavior\WriteHtmlCacheBehavior [ RunTime:0.000595s ]
INFO: [ view_filter ] --END-- [ RunTime:0.000739s ]
INFO: [ app_end ] --START--
INFO: Run Behavior\ShowPageTraceBehavior [ RunTime:0.000851s ]
INFO: [ app_end ] --END-- [ RunTime:0.000971s ]

[ 2017-06-15T00:58:19+08:00 ] ::1 /WebExamSystem1/index.php/Home/Login/index.html
INFO: [ app_init ] --START--
INFO: Run Behavior\BuildLiteBehavior [ RunTime:0.000046s ]
INFO: [ app_init ] --END-- [ RunTime:0.000988s ]
INFO: [ app_begin ] --START--
INFO: Run Behavior\ReadHtmlCacheBehavior [ RunTime:0.001044s ]
INFO: [ app_begin ] --END-- [ RunTime:0.001245s ]
NOTIC: [2048] Declaration of Home\Controller\LoginController::error() should be compatible with Think\Controller::error($message = '', $jumpUrl = '', $ajax = false) F:\Program\wamp\www\WebExamSystem1\Application\Home\Controller\LoginController.class.php 第 4 行.
INFO: [ view_parse ] --START--
INFO: [ template_filter ] --START--
INFO: Run Behavior\ContentReplaceBehavior [ RunTime:0.000137s ]
INFO: [ template_filter ] --END-- [ RunTime:0.000345s ]
INFO: Run Behavior\ParseTemplateBehavior [ RunTime:0.013308s ]
INFO: [ view_parse ] --END-- [ RunTime:0.013541s ]
INFO: [ view_filter ] --START--
INFO: Run Behavior\WriteHtmlCacheBehavior [ RunTime:0.001005s ]
INFO: [ view_filter ] --END-- [ RunTime:0.001196s ]
INFO: [ app_end ] --START--
INFO: Run Behavior\ShowPageTraceBehavior [ RunTime:0.001216s ]
INFO: [ app_end ] --END-- [ RunTime:0.001371s ]

[ 2017-06-15T00:58:30+08:00 ] ::1 /WebExamSystem1/index.php/Home/Login/login.html
INFO: [ app_init ] --START--
INFO: Run Behavior\BuildLiteBehavior [ RunTime:0.000049s ]
INFO: [ app_init ] --END-- [ RunTime:0.001028s ]
INFO: [ app_begin ] --START--
INFO: Run Behavior\ReadHtmlCacheBehavior [ RunTime:0.001246s ]
INFO: [ app_begin ] --END-- [ RunTime:0.001448s ]
NOTIC: [2048] Declaration of Home\Controller\LoginController::error() should be compatible with Think\Controller::error($message = '', $jumpUrl = '', $ajax = false) F:\Program\wamp\www\WebExamSystem1\Application\Home\Controller\LoginController.class.php 第 4 行.
SQL: SHOW COLUMNS FROM `ex_user` [ RunTime:0.0029s ]
SQL: SELECT * FROM `ex_user` WHERE `cUser` = '2013040802017'  [ RunTime:0.0003s ]
SQL: SELECT * FROM `ex_user` WHERE `cUser` = '2013040802017'  [ RunTime:0.0002s ]

[ 2017-06-15T00:58:31+08:00 ] ::1 /WebExamSystem1/index.php/Home/Index/index.html
INFO: [ app_init ] --START--
INFO: Run Behavior\BuildLiteBehavior [ RunTime:0.000029s ]
INFO: [ app_init ] --END-- [ RunTime:0.000586s ]
INFO: [ app_begin ] --START--
INFO: Run Behavior\ReadHtmlCacheBehavior [ RunTime:0.000601s ]
INFO: [ app_begin ] --END-- [ RunTime:0.000728s ]
NOTIC: [2048] Declaration of Home\Controller\IndexController::success() should be compatible with Think\Controller::success($message = '', $jumpUrl = '', $ajax = false) F:\Program\wamp\www\WebExamSystem1\Application\Home\Controller\IndexController.class.php 第 4 行.
SQL: SHOW COLUMNS FROM `ex_user` [ RunTime:0.0034s ]
SQL: SELECT * FROM `ex_user` WHERE `id` = 2  [ RunTime:0.0004s ]
INFO: [ view_parse ] --START--
INFO: [ template_filter ] --START--
INFO: Run Behavior\ContentReplaceBehavior [ RunTime:0.000102s ]
INFO: [ template_filter ] --END-- [ RunTime:0.000237s ]
INFO: Run Behavior\ParseTemplateBehavior [ RunTime:0.011465s ]
INFO: [ view_parse ] --END-- [ RunTime:0.011667s ]
INFO: [ view_filter ] --START--
INFO: Run Behavior\WriteHtmlCacheBehavior [ RunTime:0.000759s ]
INFO: [ view_filter ] --END-- [ RunTime:0.000958s ]
INFO: [ app_end ] --START--
INFO: Run Behavior\ShowPageTraceBehavior [ RunTime:0.000778s ]
INFO: [ app_end ] --END-- [ RunTime:0.000898s ]

[ 2017-06-15T00:58:37+08:00 ] ::1 /WebExamSystem1/index.php/Home/Index/examlist.html
INFO: [ app_init ] --START--
INFO: Run Behavior\BuildLiteBehavior [ RunTime:0.000045s ]
INFO: [ app_init ] --END-- [ RunTime:0.000903s ]
INFO: [ app_begin ] --START--
INFO: Run Behavior\ReadHtmlCacheBehavior [ RunTime:0.000976s ]
INFO: [ app_begin ] --END-- [ RunTime:0.001186s ]
NOTIC: [2048] Declaration of Home\Controller\IndexController::success() should be compatible with Think\Controller::success($message = '', $jumpUrl = '', $ajax = false) F:\Program\wamp\www\WebExamSystem1\Application\Home\Controller\IndexController.class.php 第 4 行.
SQL: SHOW COLUMNS FROM `ex_user` [ RunTime:0.0031s ]
SQL: SELECT * FROM `ex_user` WHERE `id` = 2  [ RunTime:0.0003s ]
SQL: SHOW COLUMNS FROM `ex_paper` [ RunTime:0.0034s ]
SQL: SELECT * FROM `ex_paper` WHERE `iUserid` = 2 AND `iTestType` = 1 AND `iPapState` <> 2  [ RunTime:0.0004s ]
INFO: [ view_parse ] --START--
INFO: [ template_filter ] --START--
INFO: Run Behavior\ContentReplaceBehavior [ RunTime:0.000106s ]
INFO: [ template_filter ] --END-- [ RunTime:0.000245s ]
INFO: Run Behavior\ParseTemplateBehavior [ RunTime:0.013536s ]
INFO: [ view_parse ] --END-- [ RunTime:0.013672s ]
INFO: [ view_filter ] --START--
INFO: Run Behavior\WriteHtmlCacheBehavior [ RunTime:0.000675s ]
INFO: [ view_filter ] --END-- [ RunTime:0.000857s ]
INFO: [ app_end ] --START--
INFO: Run Behavior\ShowPageTraceBehavior [ RunTime:0.000835s ]
INFO: [ app_end ] --END-- [ RunTime:0.001018s ]

[ 2017-06-15T00:58:44+08:00 ] ::1 /WebExamSystem1/index.php/Home/Index/enterExam/id/2.html
INFO: [ app_init ] --START--
INFO: Run Behavior\BuildLiteBehavior [ RunTime:0.000044s ]
INFO: [ app_init ] --END-- [ RunTime:0.001046s ]
INFO: [ app_begin ] --START--
INFO: Run Behavior\ReadHtmlCacheBehavior [ RunTime:0.001239s ]
INFO: [ app_begin ] --END-- [ RunTime:0.001478s ]
NOTIC: [2048] Declaration of Home\Controller\IndexController::success() should be compatible with Think\Controller::success($message = '', $jumpUrl = '', $ajax = false) F:\Program\wamp\www\WebExamSystem1\Application\Home\Controller\IndexController.class.php 第 4 行.
SQL: SHOW COLUMNS FROM `ex_paper` [ RunTime:0.0048s ]
SQL: SELECT * FROM `ex_paper` WHERE `id` = 2  [ RunTime:0.0004s ]
SQL: SHOW COLUMNS FROM `ex_papproblem` [ RunTime:0.0033s ]
SQL: SELECT * FROM `ex_papproblem` WHERE `iPapid` = 2  [ RunTime:0.0003s ]
NOTIC: [8] Undefined variable: prblist F:\Program\wamp\www\WebExamSystem1\Application\Common\Model\PaperModel.class.php 第 51 行.
NOTIC: [2] Invalid argument supplied for foreach() F:\Program\wamp\www\WebExamSystem1\Application\Common\Model\PaperModel.class.php 第 51 行.

[ 2017-06-15T00:58:44+08:00 ] ::1 /WebExamSystem1/index.php/Home/Exam/index/id/2.html
INFO: [ app_init ] --START--
INFO: Run Behavior\BuildLiteBehavior [ RunTime:0.000029s ]
INFO: [ app_init ] --END-- [ RunTime:0.000601s ]
INFO: [ app_begin ] --START--
INFO: Run Behavior\ReadHtmlCacheBehavior [ RunTime:0.000553s ]
INFO: [ app_begin ] --END-- [ RunTime:0.000678s ]
NOTIC: [2048] Declaration of Home\Controller\ExamController::index() should be compatible with Home\Controller\BaseController::index() F:\Program\wamp\www\WebExamSystem1\Application\Home\Controller\ExamController.class.php 第 4 行.
SQL: SHOW COLUMNS FROM `ex_user` [ RunTime:0.0031s ]
SQL: SELECT * FROM `ex_user` WHERE `id` = 2  [ RunTime:0.0003s ]
SQL: SHOW COLUMNS FROM `ex_paper` [ RunTime:0.0031s ]
SQL: SELECT * FROM `ex_paper` WHERE `id` = 2  [ RunTime:0.0003s ]
INFO: [ view_parse ] --START--
INFO: [ template_filter ] --START--
INFO: Run Behavior\ContentReplaceBehavior [ RunTime:0.000123s ]
INFO: [ template_filter ] --END-- [ RunTime:0.000250s ]
INFO: Run Behavior\ParseTemplateBehavior [ RunTime:0.011219s ]
INFO: [ view_parse ] --END-- [ RunTime:0.011347s ]
INFO: [ view_filter ] --START--
INFO: Run Behavior\WriteHtmlCacheBehavior [ RunTime:0.000569s ]
INFO: [ view_filter ] --END-- [ RunTime:0.000689s ]
INFO: [ app_end ] --START--
INFO: Run Behavior\ShowPageTraceBehavior [ RunTime:0.000773s ]
INFO: [ app_end ] --END-- [ RunTime:0.000898s ]

[ 2017-06-15T00:58:45+08:00 ] ::1 /WebExamSystem1/index.php/Home/Exam/getPaper
INFO: [ app_init ] --START--
INFO: Run Behavior\BuildLiteBehavior [ RunTime:0.000081s ]
INFO: [ app_init ] --END-- [ RunTime:0.001832s ]
INFO: [ app_begin ] --START--
INFO: Run Behavior\ReadHtmlCacheBehavior [ RunTime:0.000958s ]
INFO: [ app_begin ] --END-- [ RunTime:0.001145s ]
NOTIC: [2048] Declaration of Home\Controller\ExamController::index() should be compatible with Home\Controller\BaseController::index() F:\Program\wamp\www\WebExamSystem1\Application\Home\Controller\ExamController.class.php 第 4 行.
SQL: SHOW COLUMNS FROM `ex_paper` [ RunTime:0.0037s ]
SQL: SELECT * FROM `ex_paper` WHERE `id` = 2  [ RunTime:0.0003s ]

[ 2017-06-15T00:58:45+08:00 ] ::1 /WebExamSystem1/index.php/Home/Exam/getList
INFO: [ app_init ] --START--
INFO: Run Behavior\BuildLiteBehavior [ RunTime:0.000043s ]
INFO: [ app_init ] --END-- [ RunTime:0.001278s ]
INFO: [ app_begin ] --START--
INFO: Run Behavior\ReadHtmlCacheBehavior [ RunTime:0.001083s ]
INFO: [ app_begin ] --END-- [ RunTime:0.001263s ]
NOTIC: [2048] Declaration of Home\Controller\ExamController::index() should be compatible with Home\Controller\BaseController::index() F:\Program\wamp\www\WebExamSystem1\Application\Home\Controller\ExamController.class.php 第 4 行.
SQL: SHOW COLUMNS FROM `ex_paper` [ RunTime:0.0036s ]
SQL: SELECT * FROM `ex_paper` WHERE `id` = 2  [ RunTime:0.0003s ]
SQL: SHOW COLUMNS FROM `ex_papproblem` [ RunTime:0.0030s ]
SQL: SELECT * FROM `ex_papproblem` WHERE `iPapid` = 2  [ RunTime:0.0003s ]

[ 2017-06-15T00:58:45+08:00 ] ::1 /WebExamSystem1/index.php/Home/Exam/getPrb
INFO: [ app_init ] --START--
INFO: Run Behavior\BuildLiteBehavior [ RunTime:0.000053s ]
INFO: [ app_init ] --END-- [ RunTime:0.001122s ]
INFO: [ app_begin ] --START--
INFO: Run Behavior\ReadHtmlCacheBehavior [ RunTime:0.000641s ]
INFO: [ app_begin ] --END-- [ RunTime:0.000759s ]
NOTIC: [2048] Declaration of Home\Controller\ExamController::index() should be compatible with Home\Controller\BaseController::index() F:\Program\wamp\www\WebExamSystem1\Application\Home\Controller\ExamController.class.php 第 4 行.
SQL: SHOW COLUMNS FROM `ex_pselect` [ RunTime:0.0035s ]
SQL: SELECT * FROM `ex_pselect` WHERE `id` = 14  [ RunTime:0.0003s ]

[ 2017-06-15T00:59:17+08:00 ] ::1 /WebExamSystem1/index.php/Home/Exam/getPrb
INFO: [ app_init ] --START--
INFO: Run Behavior\BuildLiteBehavior [ RunTime:0.000033s ]
INFO: [ app_init ] --END-- [ RunTime:0.000628s ]
INFO: [ app_begin ] --START--
INFO: Run Behavior\ReadHtmlCacheBehavior [ RunTime:0.000633s ]
INFO: [ app_begin ] --END-- [ RunTime:0.000741s ]
NOTIC: [2048] Declaration of Home\Controller\ExamController::index() should be compatible with Home\Controller\BaseController::index() F:\Program\wamp\www\WebExamSystem1\Application\Home\Controller\ExamController.class.php 第 4 行.
SQL: SHOW COLUMNS FROM `ex_pselect` [ RunTime:0.0096s ]
SQL: SELECT * FROM `ex_pselect` WHERE `id` = 16  [ RunTime:0.0008s ]

[ 2017-06-15T00:59:21+08:00 ] ::1 /WebExamSystem1/index.php/Home/Exam/getPrb
INFO: [ app_init ] --START--
INFO: Run Behavior\BuildLiteBehavior [ RunTime:0.000039s ]
INFO: [ app_init ] --END-- [ RunTime:0.000763s ]
INFO: [ app_begin ] --START--
INFO: Run Behavior\ReadHtmlCacheBehavior [ RunTime:0.000740s ]
INFO: [ app_begin ] --END-- [ RunTime:0.000875s ]
NOTIC: [2048] Declaration of Home\Controller\ExamController::index() should be compatible with Home\Controller\BaseController::index() F:\Program\wamp\www\WebExamSystem1\Application\Home\Controller\ExamController.class.php 第 4 行.
SQL: SHOW COLUMNS FROM `ex_pselect` [ RunTime:0.0038s ]
SQL: SELECT * FROM `ex_pselect` WHERE `id` = 18  [ RunTime:0.0004s ]

[ 2017-06-15T00:59:23+08:00 ] ::1 /WebExamSystem1/index.php/Home/Exam/getPrb
INFO: [ app_init ] --START--
INFO: Run Behavior\BuildLiteBehavior [ RunTime:0.000056s ]
INFO: [ app_init ] --END-- [ RunTime:0.001614s ]
INFO: [ app_begin ] --START--
INFO: Run Behavior\ReadHtmlCacheBehavior [ RunTime:0.001240s ]
INFO: [ app_begin ] --END-- [ RunTime:0.001506s ]
NOTIC: [2048] Declaration of Home\Controller\ExamController::index() should be compatible with Home\Controller\BaseController::index() F:\Program\wamp\www\WebExamSystem1\Application\Home\Controller\ExamController.class.php 第 4 行.
SQL: SHOW COLUMNS FROM `ex_pselect` [ RunTime:0.0047s ]
SQL: SELECT * FROM `ex_pselect` WHERE `id` = 20  [ RunTime:0.0003s ]

[ 2017-06-15T00:59:24+08:00 ] ::1 /WebExamSystem1/index.php/Home/Exam/getPrb
INFO: [ app_init ] --START--
INFO: Run Behavior\BuildLiteBehavior [ RunTime:0.000052s ]
INFO: [ app_init ] --END-- [ RunTime:0.001449s ]
INFO: [ app_begin ] --START--
INFO: Run Behavior\ReadHtmlCacheBehavior [ RunTime:0.001013s ]
INFO: [ app_begin ] --END-- [ RunTime:0.001193s ]
NOTIC: [2048] Declaration of Home\Controller\ExamController::index() should be compatible with Home\Controller\BaseController::index() F:\Program\wamp\www\WebExamSystem1\Application\Home\Controller\ExamController.class.php 第 4 行.
SQL: SHOW COLUMNS FROM `ex_pjudge` [ RunTime:0.0035s ]
SQL: SELECT * FROM `ex_pjudge` WHERE `id` = 2  [ RunTime:0.0003s ]

[ 2017-06-15T00:59:26+08:00 ] ::1 /WebExamSystem1/index.php/Home/Exam/getPrb
INFO: [ app_init ] --START--
INFO: Run Behavior\BuildLiteBehavior [ RunTime:0.000129s ]
INFO: [ app_init ] --END-- [ RunTime:0.001931s ]
INFO: [ app_begin ] --START--
INFO: Run Behavior\ReadHtmlCacheBehavior [ RunTime:0.001939s ]
INFO: [ app_begin ] --END-- [ RunTime:0.002298s ]
NOTIC: [2048] Declaration of Home\Controller\ExamController::index() should be compatible with Home\Controller\BaseController::index() F:\Program\wamp\www\WebExamSystem1\Application\Home\Controller\ExamController.class.php 第 4 行.
SQL: SHOW COLUMNS FROM `ex_pselect` [ RunTime:0.0063s ]
SQL: SELECT * FROM `ex_pselect` WHERE `id` = 16  [ RunTime:0.0006s ]

[ 2017-06-15T00:59:32+08:00 ] ::1 /WebExamSystem1/index.php/Home/Exam/getPrb
INFO: [ app_init ] --START--
INFO: Run Behavior\BuildLiteBehavior [ RunTime:0.000051s ]
INFO: [ app_init ] --END-- [ RunTime:0.001074s ]
INFO: [ app_begin ] --START--
INFO: Run Behavior\ReadHtmlCacheBehavior [ RunTime:0.001144s ]
INFO: [ app_begin ] --END-- [ RunTime:0.001356s ]
NOTIC: [2048] Declaration of Home\Controller\ExamController::index() should be compatible with Home\Controller\BaseController::index() F:\Program\wamp\www\WebExamSystem1\Application\Home\Controller\ExamController.class.php 第 4 行.
SQL: SHOW COLUMNS FROM `ex_pselect` [ RunTime:0.0052s ]
SQL: SELECT * FROM `ex_pselect` WHERE `id` = 16  [ RunTime:0.0003s ]

[ 2017-06-15T00:59:47+08:00 ] ::1 /WebExamSystem1/index.php/Home/Exam/getPrb
INFO: [ app_init ] --START--
INFO: Run Behavior\BuildLiteBehavior [ RunTime:0.000094s ]
INFO: [ app_init ] --END-- [ RunTime:0.001927s ]
INFO: [ app_begin ] --START--
INFO: Run Behavior\ReadHtmlCacheBehavior [ RunTime:0.001261s ]
INFO: [ app_begin ] --END-- [ RunTime:0.001487s ]
NOTIC: [2048] Declaration of Home\Controller\ExamController::index() should be compatible with Home\Controller\BaseController::index() F:\Program\wamp\www\WebExamSystem1\Application\Home\Controller\ExamController.class.php 第 4 行.
SQL: SHOW COLUMNS FROM `ex_pselect` [ RunTime:0.0038s ]
SQL: SELECT * FROM `ex_pselect` WHERE `id` = 18  [ RunTime:0.0003s ]

[ 2017-06-15T00:59:51+08:00 ] ::1 /WebExamSystem1/index.php/Home/Exam/getPrb
INFO: [ app_init ] --START--
INFO: Run Behavior\BuildLiteBehavior [ RunTime:0.000093s ]
INFO: [ app_init ] --END-- [ RunTime:0.001890s ]
INFO: [ app_begin ] --START--
INFO: Run Behavior\ReadHtmlCacheBehavior [ RunTime:0.001061s ]
INFO: [ app_begin ] --END-- [ RunTime:0.001247s ]
NOTIC: [2048] Declaration of Home\Controller\ExamController::index() should be compatible with Home\Controller\BaseController::index() F:\Program\wamp\www\WebExamSystem1\Application\Home\Controller\ExamController.class.php 第 4 行.
SQL: SHOW COLUMNS FROM `ex_pselect` [ RunTime:0.0046s ]
SQL: SELECT * FROM `ex_pselect` WHERE `id` = 18  [ RunTime:0.0004s ]

[ 2017-06-15T00:59:53+08:00 ] ::1 /WebExamSystem1/index.php/Home/Exam/getPrb
INFO: [ app_init ] --START--
INFO: Run Behavior\BuildLiteBehavior [ RunTime:0.000033s ]
INFO: [ app_init ] --END-- [ RunTime:0.000617s ]
INFO: [ app_begin ] --START--
INFO: Run Behavior\ReadHtmlCacheBehavior [ RunTime:0.001860s ]
INFO: [ app_begin ] --END-- [ RunTime:0.002186s ]
NOTIC: [2048] Declaration of Home\Controller\ExamController::index() should be compatible with Home\Controller\BaseController::index() F:\Program\wamp\www\WebExamSystem1\Application\Home\Controller\ExamController.class.php 第 4 行.
SQL: SHOW COLUMNS FROM `ex_pfillblank` [ RunTime:0.0067s ]
SQL: SELECT * FROM `ex_pfillblank` WHERE `id` = 6  [ RunTime:0.0006s ]

[ 2017-06-15T01:00:06+08:00 ] ::1 /WebExamSystem1/index.php/Home/Exam/getPrb
INFO: [ app_init ] --START--
INFO: Run Behavior\BuildLiteBehavior [ RunTime:0.000031s ]
INFO: [ app_init ] --END-- [ RunTime:0.000604s ]
INFO: [ app_begin ] --START--
INFO: Run Behavior\ReadHtmlCacheBehavior [ RunTime:0.000651s ]
INFO: [ app_begin ] --END-- [ RunTime:0.000759s ]
NOTIC: [2048] Declaration of Home\Controller\ExamController::index() should be compatible with Home\Controller\BaseController::index() F:\Program\wamp\www\WebExamSystem1\Application\Home\Controller\ExamController.class.php 第 4 行.
SQL: SHOW COLUMNS FROM `ex_pfillblank` [ RunTime:0.0062s ]
SQL: SELECT * FROM `ex_pfillblank` WHERE `id` = 6  [ RunTime:0.0006s ]

[ 2017-06-15T01:00:18+08:00 ] ::1 /WebExamSystem1/index.php/Home/Exam/getPrb
INFO: [ app_init ] --START--
INFO: Run Behavior\BuildLiteBehavior [ RunTime:0.000051s ]
INFO: [ app_init ] --END-- [ RunTime:0.001554s ]
INFO: [ app_begin ] --START--
INFO: Run Behavior\ReadHtmlCacheBehavior [ RunTime:0.001016s ]
INFO: [ app_begin ] --END-- [ RunTime:0.001191s ]
NOTIC: [2048] Declaration of Home\Controller\ExamController::index() should be compatible with Home\Controller\BaseController::index() F:\Program\wamp\www\WebExamSystem1\Application\Home\Controller\ExamController.class.php 第 4 行.
SQL: SHOW COLUMNS FROM `ex_pjudge` [ RunTime:0.0053s ]
SQL: SELECT * FROM `ex_pjudge` WHERE `id` = 3  [ RunTime:0.0005s ]

[ 2017-06-15T01:00:23+08:00 ] ::1 /WebExamSystem1/index.php/Home/Exam/getPrb
INFO: [ app_init ] --START--
INFO: Run Behavior\BuildLiteBehavior [ RunTime:0.000046s ]
INFO: [ app_init ] --END-- [ RunTime:0.000918s ]
INFO: [ app_begin ] --START--
INFO: Run Behavior\ReadHtmlCacheBehavior [ RunTime:0.000940s ]
INFO: [ app_begin ] --END-- [ RunTime:0.001102s ]
NOTIC: [2048] Declaration of Home\Controller\ExamController::index() should be compatible with Home\Controller\BaseController::index() F:\Program\wamp\www\WebExamSystem1\Application\Home\Controller\ExamController.class.php 第 4 行.
SQL: SHOW COLUMNS FROM `ex_pjudge` [ RunTime:0.0048s ]
SQL: SELECT * FROM `ex_pjudge` WHERE `id` = 3  [ RunTime:0.0003s ]

[ 2017-06-15T01:00:37+08:00 ] ::1 /WebExamSystem1/index.php/Home/Exam/getPrb
INFO: [ app_init ] --START--
INFO: Run Behavior\BuildLiteBehavior [ RunTime:0.000058s ]
INFO: [ app_init ] --END-- [ RunTime:0.001127s ]
INFO: [ app_begin ] --START--
INFO: Run Behavior\ReadHtmlCacheBehavior [ RunTime:0.001227s ]
INFO: [ app_begin ] --END-- [ RunTime:0.001423s ]
NOTIC: [2048] Declaration of Home\Controller\ExamController::index() should be compatible with Home\Controller\BaseController::index() F:\Program\wamp\www\WebExamSystem1\Application\Home\Controller\ExamController.class.php 第 4 行.
SQL: SHOW COLUMNS FROM `ex_pselect` [ RunTime:0.0033s ]
SQL: SELECT * FROM `ex_pselect` WHERE `id` = 14  [ RunTime:0.0004s ]

[ 2017-06-15T01:00:40+08:00 ] ::1 /WebExamSystem1/index.php/Home/Exam/getPrb
INFO: [ app_init ] --START--
INFO: Run Behavior\BuildLiteBehavior [ RunTime:0.000093s ]
INFO: [ app_init ] --END-- [ RunTime:0.001815s ]
INFO: [ app_begin ] --START--
INFO: Run Behavior\ReadHtmlCacheBehavior [ RunTime:0.001243s ]
INFO: [ app_begin ] --END-- [ RunTime:0.001469s ]
NOTIC: [2048] Declaration of Home\Controller\ExamController::index() should be compatible with Home\Controller\BaseController::index() F:\Program\wamp\www\WebExamSystem1\Application\Home\Controller\ExamController.class.php 第 4 行.
SQL: SHOW COLUMNS FROM `ex_pselect` [ RunTime:0.0062s ]
SQL: SELECT * FROM `ex_pselect` WHERE `id` = 14  [ RunTime:0.0004s ]

[ 2017-06-15T01:00:41+08:00 ] ::1 /WebExamSystem1/index.php/Home/Exam/getPrb
INFO: [ app_init ] --START--
INFO: Run Behavior\BuildLiteBehavior [ RunTime:0.000033s ]
INFO: [ app_init ] --END-- [ RunTime:0.001024s ]
INFO: [ app_begin ] --START--
INFO: Run Behavior\ReadHtmlCacheBehavior [ RunTime:0.000632s ]
INFO: [ app_begin ] --END-- [ RunTime:0.000754s ]
NOTIC: [2048] Declaration of Home\Controller\ExamController::index() should be compatible with Home\Controller\BaseController::index() F:\Program\wamp\www\WebExamSystem1\Application\Home\Controller\ExamController.class.php 第 4 行.
SQL: SHOW COLUMNS FROM `ex_pselect` [ RunTime:0.0031s ]
SQL: SELECT * FROM `ex_pselect` WHERE `id` = 16  [ RunTime:0.0003s ]

[ 2017-06-15T01:00:42+08:00 ] ::1 /WebExamSystem1/index.php/Home/Exam/getPrb
INFO: [ app_init ] --START--
INFO: Run Behavior\BuildLiteBehavior [ RunTime:0.000056s ]
INFO: [ app_init ] --END-- [ RunTime:0.001127s ]
INFO: [ app_begin ] --START--
INFO: Run Behavior\ReadHtmlCacheBehavior [ RunTime:0.001200s ]
INFO: [ app_begin ] --END-- [ RunTime:0.001406s ]
NOTIC: [2048] Declaration of Home\Controller\ExamController::index() should be compatible with Home\Controller\BaseController::index() F:\Program\wamp\www\WebExamSystem1\Application\Home\Controller\ExamController.class.php 第 4 行.
SQL: SHOW COLUMNS FROM `ex_pselect` [ RunTime:0.0047s ]
SQL: SELECT * FROM `ex_pselect` WHERE `id` = 18  [ RunTime:0.0003s ]

[ 2017-06-15T01:00:43+08:00 ] ::1 /WebExamSystem1/index.php/Home/Exam/getPrb
INFO: [ app_init ] --START--
INFO: Run Behavior\BuildLiteBehavior [ RunTime:0.000051s ]
INFO: [ app_init ] --END-- [ RunTime:0.001013s ]
INFO: [ app_begin ] --START--
INFO: Run Behavior\ReadHtmlCacheBehavior [ RunTime:0.001032s ]
INFO: [ app_begin ] --END-- [ RunTime:0.001203s ]
NOTIC: [2048] Declaration of Home\Controller\ExamController::index() should be compatible with Home\Controller\BaseController::index() F:\Program\wamp\www\WebExamSystem1\Application\Home\Controller\ExamController.class.php 第 4 行.
SQL: SHOW COLUMNS FROM `ex_pselect` [ RunTime:0.0031s ]
SQL: SELECT * FROM `ex_pselect` WHERE `id` = 20  [ RunTime:0.0003s ]

[ 2017-06-15T01:00:45+08:00 ] ::1 /WebExamSystem1/index.php/Home/Exam/getPrb
INFO: [ app_init ] --START--
INFO: Run Behavior\BuildLiteBehavior [ RunTime:0.000054s ]
INFO: [ app_init ] --END-- [ RunTime:0.001076s ]
INFO: [ app_begin ] --START--
INFO: Run Behavior\ReadHtmlCacheBehavior [ RunTime:0.001023s ]
INFO: [ app_begin ] --END-- [ RunTime:0.001272s ]
NOTIC: [2048] Declaration of Home\Controller\ExamController::index() should be compatible with Home\Controller\BaseController::index() F:\Program\wamp\www\WebExamSystem1\Application\Home\Controller\ExamController.class.php 第 4 行.
SQL: SHOW COLUMNS FROM `ex_pselect` [ RunTime:0.0032s ]
SQL: SELECT * FROM `ex_pselect` WHERE `id` = 20  [ RunTime:0.0003s ]

[ 2017-06-15T01:00:46+08:00 ] ::1 /WebExamSystem1/index.php/Home/Exam/getPrb
INFO: [ app_init ] --START--
INFO: Run Behavior\BuildLiteBehavior [ RunTime:0.000113s ]
INFO: [ app_init ] --END-- [ RunTime:0.001990s ]
INFO: [ app_begin ] --START--
INFO: Run Behavior\ReadHtmlCacheBehavior [ RunTime:0.002085s ]
INFO: [ app_begin ] --END-- [ RunTime:0.002421s ]
NOTIC: [2048] Declaration of Home\Controller\ExamController::index() should be compatible with Home\Controller\BaseController::index() F:\Program\wamp\www\WebExamSystem1\Application\Home\Controller\ExamController.class.php 第 4 行.
SQL: SHOW COLUMNS FROM `ex_pfillblank` [ RunTime:0.0089s ]
SQL: SELECT * FROM `ex_pfillblank` WHERE `id` = 6  [ RunTime:0.0008s ]

[ 2017-06-15T01:00:47+08:00 ] ::1 /WebExamSystem1/index.php/Home/Exam/getPrb
INFO: [ app_init ] --START--
INFO: Run Behavior\BuildLiteBehavior [ RunTime:0.000039s ]
INFO: [ app_init ] --END-- [ RunTime:0.000669s ]
INFO: [ app_begin ] --START--
INFO: Run Behavior\ReadHtmlCacheBehavior [ RunTime:0.001856s ]
INFO: [ app_begin ] --END-- [ RunTime:0.002199s ]
NOTIC: [2048] Declaration of Home\Controller\ExamController::index() should be compatible with Home\Controller\BaseController::index() F:\Program\wamp\www\WebExamSystem1\Application\Home\Controller\ExamController.class.php 第 4 行.
SQL: SHOW COLUMNS FROM `ex_pfillblank` [ RunTime:0.0046s ]
SQL: SELECT * FROM `ex_pfillblank` WHERE `id` = 10  [ RunTime:0.0004s ]

[ 2017-06-15T01:00:49+08:00 ] ::1 /WebExamSystem1/index.php/Home/Exam/getPrb
INFO: [ app_init ] --START--
INFO: Run Behavior\BuildLiteBehavior [ RunTime:0.000033s ]
INFO: [ app_init ] --END-- [ RunTime:0.000624s ]
INFO: [ app_begin ] --START--
INFO: Run Behavior\ReadHtmlCacheBehavior [ RunTime:0.000618s ]
INFO: [ app_begin ] --END-- [ RunTime:0.000729s ]
NOTIC: [2048] Declaration of Home\Controller\ExamController::index() should be compatible with Home\Controller\BaseController::index() F:\Program\wamp\www\WebExamSystem1\Application\Home\Controller\ExamController.class.php 第 4 行.
SQL: SHOW COLUMNS FROM `ex_pfillblank` [ RunTime:0.0035s ]
SQL: SELECT * FROM `ex_pfillblank` WHERE `id` = 10  [ RunTime:0.0003s ]

[ 2017-06-15T01:00:50+08:00 ] ::1 /WebExamSystem1/index.php/Home/Exam/getPrb
INFO: [ app_init ] --START--
INFO: Run Behavior\BuildLiteBehavior [ RunTime:0.000092s ]
INFO: [ app_init ] --END-- [ RunTime:0.001700s ]
INFO: [ app_begin ] --START--
INFO: Run Behavior\ReadHtmlCacheBehavior [ RunTime:0.001201s ]
INFO: [ app_begin ] --END-- [ RunTime:0.001411s ]
NOTIC: [2048] Declaration of Home\Controller\ExamController::index() should be compatible with Home\Controller\BaseController::index() F:\Program\wamp\www\WebExamSystem1\Application\Home\Controller\ExamController.class.php 第 4 行.
SQL: SHOW COLUMNS FROM `ex_pjudge` [ RunTime:0.0057s ]
SQL: SELECT * FROM `ex_pjudge` WHERE `id` = 2  [ RunTime:0.0003s ]

[ 2017-06-15T01:00:51+08:00 ] ::1 /WebExamSystem1/index.php/Home/Exam/getPrb
INFO: [ app_init ] --START--
INFO: Run Behavior\BuildLiteBehavior [ RunTime:0.000043s ]
INFO: [ app_init ] --END-- [ RunTime:0.000873s ]
INFO: [ app_begin ] --START--
INFO: Run Behavior\ReadHtmlCacheBehavior [ RunTime:0.000924s ]
INFO: [ app_begin ] --END-- [ RunTime:0.001076s ]
NOTIC: [2048] Declaration of Home\Controller\ExamController::index() should be compatible with Home\Controller\BaseController::index() F:\Program\wamp\www\WebExamSystem1\Application\Home\Controller\ExamController.class.php 第 4 行.
SQL: SHOW COLUMNS FROM `ex_pjudge` [ RunTime:0.0030s ]
SQL: SELECT * FROM `ex_pjudge` WHERE `id` = 3  [ RunTime:0.0003s ]

[ 2017-06-15T01:00:52+08:00 ] ::1 /WebExamSystem1/index.php/Home/Exam/getPrb
INFO: [ app_init ] --START--
INFO: Run Behavior\BuildLiteBehavior [ RunTime:0.000032s ]
INFO: [ app_init ] --END-- [ RunTime:0.000623s ]
INFO: [ app_begin ] --START--
INFO: Run Behavior\ReadHtmlCacheBehavior [ RunTime:0.000654s ]
INFO: [ app_begin ] --END-- [ RunTime:0.000780s ]
NOTIC: [2048] Declaration of Home\Controller\ExamController::index() should be compatible with Home\Controller\BaseController::index() F:\Program\wamp\www\WebExamSystem1\Application\Home\Controller\ExamController.class.php 第 4 行.
SQL: SHOW COLUMNS FROM `ex_pjudge` [ RunTime:0.0069s ]
SQL: SELECT * FROM `ex_pjudge` WHERE `id` = 2  [ RunTime:0.0006s ]

[ 2017-06-15T01:00:54+08:00 ] ::1 /WebExamSystem1/index.php/Home/Exam/getPrb
INFO: [ app_init ] --START--
INFO: Run Behavior\BuildLiteBehavior [ RunTime:0.000035s ]
INFO: [ app_init ] --END-- [ RunTime:0.000596s ]
INFO: [ app_begin ] --START--
INFO: Run Behavior\ReadHtmlCacheBehavior [ RunTime:0.000641s ]
INFO: [ app_begin ] --END-- [ RunTime:0.000784s ]
NOTIC: [2048] Declaration of Home\Controller\ExamController::index() should be compatible with Home\Controller\BaseController::index() F:\Program\wamp\www\WebExamSystem1\Application\Home\Controller\ExamController.class.php 第 4 行.
SQL: SHOW COLUMNS FROM `ex_pjudge` [ RunTime:0.0033s ]
SQL: SELECT * FROM `ex_pjudge` WHERE `id` = 2  [ RunTime:0.0003s ]

[ 2017-06-15T01:00:55+08:00 ] ::1 /WebExamSystem1/index.php/Home/Exam/getPrb
INFO: [ app_init ] --START--
INFO: Run Behavior\BuildLiteBehavior [ RunTime:0.000032s ]
INFO: [ app_init ] --END-- [ RunTime:0.000617s ]
INFO: [ app_begin ] --START--
INFO: Run Behavior\ReadHtmlCacheBehavior [ RunTime:0.000640s ]
INFO: [ app_begin ] --END-- [ RunTime:0.000758s ]
NOTIC: [2048] Declaration of Home\Controller\ExamController::index() should be compatible with Home\Controller\BaseController::index() F:\Program\wamp\www\WebExamSystem1\Application\Home\Controller\ExamController.class.php 第 4 行.
SQL: SHOW COLUMNS FROM `ex_pjudge` [ RunTime:0.0035s ]
SQL: SELECT * FROM `ex_pjudge` WHERE `id` = 3  [ RunTime:0.0003s ]

[ 2017-06-15T01:00:55+08:00 ] ::1 /WebExamSystem1/index.php/Home/Exam/getPrb
INFO: [ app_init ] --START--
INFO: Run Behavior\BuildLiteBehavior [ RunTime:0.000091s ]
INFO: [ app_init ] --END-- [ RunTime:0.001735s ]
INFO: [ app_begin ] --START--
INFO: Run Behavior\ReadHtmlCacheBehavior [ RunTime:0.001913s ]
INFO: [ app_begin ] --END-- [ RunTime:0.002253s ]
NOTIC: [2048] Declaration of Home\Controller\ExamController::index() should be compatible with Home\Controller\BaseController::index() F:\Program\wamp\www\WebExamSystem1\Application\Home\Controller\ExamController.class.php 第 4 行.
SQL: SHOW COLUMNS FROM `ex_pjudge` [ RunTime:0.0094s ]
SQL: SELECT * FROM `ex_pjudge` WHERE `id` = 5  [ RunTime:0.0008s ]

[ 2017-06-15T01:00:57+08:00 ] ::1 /WebExamSystem1/index.php/Home/Exam/getPrb
INFO: [ app_init ] --START--
INFO: Run Behavior\BuildLiteBehavior [ RunTime:0.000032s ]
INFO: [ app_init ] --END-- [ RunTime:0.000565s ]
INFO: [ app_begin ] --START--
INFO: Run Behavior\ReadHtmlCacheBehavior [ RunTime:0.000658s ]
INFO: [ app_begin ] --END-- [ RunTime:0.000772s ]
NOTIC: [2048] Declaration of Home\Controller\ExamController::index() should be compatible with Home\Controller\BaseController::index() F:\Program\wamp\www\WebExamSystem1\Application\Home\Controller\ExamController.class.php 第 4 行.
SQL: SHOW COLUMNS FROM `ex_pjudge` [ RunTime:0.0034s ]
SQL: SELECT * FROM `ex_pjudge` WHERE `id` = 5  [ RunTime:0.0003s ]

[ 2017-06-15T01:00:58+08:00 ] ::1 /WebExamSystem1/index.php/Home/Exam/getPrb
INFO: [ app_init ] --START--
INFO: Run Behavior\BuildLiteBehavior [ RunTime:0.000064s ]
INFO: [ app_init ] --END-- [ RunTime:0.001234s ]
INFO: [ app_begin ] --START--
INFO: Run Behavior\ReadHtmlCacheBehavior [ RunTime:0.001435s ]
INFO: [ app_begin ] --END-- [ RunTime:0.001671s ]
NOTIC: [2048] Declaration of Home\Controller\ExamController::index() should be compatible with Home\Controller\BaseController::index() F:\Program\wamp\www\WebExamSystem1\Application\Home\Controller\ExamController.class.php 第 4 行.
SQL: SHOW COLUMNS FROM `ex_preadcode` [ RunTime:0.0044s ]
SQL: SELECT * FROM `ex_preadcode` WHERE `id` = 3  [ RunTime:0.0004s ]

[ 2017-06-15T01:01:42+08:00 ] ::1 /WebExamSystem1/index.php/Home/Exam/getPrb
INFO: [ app_init ] --START--
INFO: Run Behavior\BuildLiteBehavior [ RunTime:0.000031s ]
INFO: [ app_init ] --END-- [ RunTime:0.000586s ]
INFO: [ app_begin ] --START--
INFO: Run Behavior\ReadHtmlCacheBehavior [ RunTime:0.000660s ]
INFO: [ app_begin ] --END-- [ RunTime:0.000768s ]
NOTIC: [2048] Declaration of Home\Controller\ExamController::index() should be compatible with Home\Controller\BaseController::index() F:\Program\wamp\www\WebExamSystem1\Application\Home\Controller\ExamController.class.php 第 4 行.
SQL: SHOW COLUMNS FROM `ex_preadcode` [ RunTime:0.0031s ]
SQL: SELECT * FROM `ex_preadcode` WHERE `id` = 3  [ RunTime:0.0003s ]

[ 2017-06-15T01:01:48+08:00 ] ::1 /WebExamSystem1/index.php/Home/Exam/submitPaper
INFO: [ app_init ] --START--
INFO: Run Behavior\BuildLiteBehavior [ RunTime:0.000093s ]
INFO: [ app_init ] --END-- [ RunTime:0.002062s ]
INFO: [ app_begin ] --START--
INFO: Run Behavior\ReadHtmlCacheBehavior [ RunTime:0.000899s ]
INFO: [ app_begin ] --END-- [ RunTime:0.001070s ]
NOTIC: [2048] Declaration of Home\Controller\ExamController::index() should be compatible with Home\Controller\BaseController::index() F:\Program\wamp\www\WebExamSystem1\Application\Home\Controller\ExamController.class.php 第 4 行.
SQL: SHOW COLUMNS FROM `ex_paper` [ RunTime:0.0037s ]
SQL: SHOW COLUMNS FROM `ex_pselect` [ RunTime:0.0038s ]
SQL: SELECT * FROM `ex_pselect` WHERE `id` = 14  [ RunTime:0.0003s ]
SQL: SHOW COLUMNS FROM `ex_papproblem` [ RunTime:0.0028s ]
SQL: SELECT * FROM `ex_papproblem` WHERE `id` = 22  [ RunTime:0.0002s ]
SQL: SELECT * FROM `ex_pselect` WHERE `id` = 16  [ RunTime:0.0002s ]
SQL: SELECT * FROM `ex_papproblem` WHERE `id` = 23  [ RunTime:0.0002s ]
SQL: SELECT * FROM `ex_pselect` WHERE `id` = 18  [ RunTime:0.0002s ]
SQL: SELECT * FROM `ex_papproblem` WHERE `id` = 24  [ RunTime:0.0002s ]
SQL: SELECT * FROM `ex_pselect` WHERE `id` = 20  [ RunTime:0.0002s ]
SQL: SELECT * FROM `ex_papproblem` WHERE `id` = 25  [ RunTime:0.0002s ]
SQL: SHOW COLUMNS FROM `ex_pfillblank` [ RunTime:0.0031s ]
SQL: SELECT * FROM `ex_pfillblank` WHERE `id` = 6  [ RunTime:0.0003s ]
SQL: SELECT * FROM `ex_papproblem` WHERE `id` = 26  [ RunTime:0.0002s ]
SQL: SELECT * FROM `ex_pfillblank` WHERE `id` = 10  [ RunTime:0.0002s ]
SQL: SELECT * FROM `ex_papproblem` WHERE `id` = 27  [ RunTime:0.0002s ]
SQL: SHOW COLUMNS FROM `ex_pjudge` [ RunTime:0.0029s ]
SQL: SELECT * FROM `ex_pjudge` WHERE `id` = 2  [ RunTime:0.0002s ]
SQL: SELECT * FROM `ex_papproblem` WHERE `id` = 28  [ RunTime:0.0002s ]
SQL: SELECT * FROM `ex_pjudge` WHERE `id` = 3  [ RunTime:0.0002s ]
SQL: SELECT * FROM `ex_papproblem` WHERE `id` = 29  [ RunTime:0.0002s ]
SQL: SELECT * FROM `ex_pjudge` WHERE `id` = 5  [ RunTime:0.0002s ]
SQL: SELECT * FROM `ex_papproblem` WHERE `id` = 30  [ RunTime:0.0002s ]
SQL: SHOW COLUMNS FROM `ex_preadcode` [ RunTime:0.0028s ]
SQL: SELECT * FROM `ex_preadcode` WHERE `id` = 3  [ RunTime:0.0002s ]
SQL: SELECT * FROM `ex_papproblem` WHERE `id` = 31  [ RunTime:0.0002s ]
SQL: UPDATE `ex_paper` SET `iScore`='50',`iWroNum`='6',`iPapState`='2',`dTesDate`='2017-06-15' WHERE `id` = 2 [ RunTime:0.0290s ]

[ 2017-06-15T01:01:49+08:00 ] ::1 /WebExamSystem1/index.php/Home/Index/success
INFO: [ app_init ] --START--
INFO: Run Behavior\BuildLiteBehavior [ RunTime:0.000078s ]
INFO: [ app_init ] --END-- [ RunTime:0.001281s ]
INFO: [ app_begin ] --START--
INFO: Run Behavior\ReadHtmlCacheBehavior [ RunTime:0.001371s ]
INFO: [ app_begin ] --END-- [ RunTime:0.001686s ]
NOTIC: [2048] Declaration of Home\Controller\IndexController::success() should be compatible with Think\Controller::success($message = '', $jumpUrl = '', $ajax = false) F:\Program\wamp\www\WebExamSystem1\Application\Home\Controller\IndexController.class.php 第 4 行.
SQL: SHOW COLUMNS FROM `ex_user` [ RunTime:0.0031s ]
SQL: SELECT * FROM `ex_user` WHERE `id` = 2  [ RunTime:0.0003s ]
INFO: [ view_parse ] --START--
INFO: [ template_filter ] --START--
INFO: Run Behavior\ContentReplaceBehavior [ RunTime:0.000098s ]
INFO: [ template_filter ] --END-- [ RunTime:0.000232s ]
INFO: Run Behavior\ParseTemplateBehavior [ RunTime:0.011225s ]
INFO: [ view_parse ] --END-- [ RunTime:0.011390s ]
INFO: [ view_filter ] --START--
INFO: Run Behavior\WriteHtmlCacheBehavior [ RunTime:0.000511s ]
INFO: [ view_filter ] --END-- [ RunTime:0.000632s ]
INFO: [ app_end ] --START--
INFO: Run Behavior\ShowPageTraceBehavior [ RunTime:0.000705s ]
INFO: [ app_end ] --END-- [ RunTime:0.000822s ]

[ 2017-06-15T01:01:57+08:00 ] ::1 /WebExamSystem1/index.php/Home/Index/historylist.html
INFO: [ app_init ] --START--
INFO: Run Behavior\BuildLiteBehavior [ RunTime:0.000031s ]
INFO: [ app_init ] --END-- [ RunTime:0.000606s ]
INFO: [ app_begin ] --START--
INFO: Run Behavior\ReadHtmlCacheBehavior [ RunTime:0.000650s ]
INFO: [ app_begin ] --END-- [ RunTime:0.000776s ]
NOTIC: [2048] Declaration of Home\Controller\IndexController::success() should be compatible with Think\Controller::success($message = '', $jumpUrl = '', $ajax = false) F:\Program\wamp\www\WebExamSystem1\Application\Home\Controller\IndexController.class.php 第 4 行.
SQL: SHOW COLUMNS FROM `ex_user` [ RunTime:0.0031s ]
SQL: SELECT * FROM `ex_user` WHERE `id` = 2  [ RunTime:0.0003s ]
SQL: SHOW COLUMNS FROM `ex_paper` [ RunTime:0.0030s ]
SQL: SELECT * FROM `ex_paper` WHERE `iUserid` = 2 AND `iPapState` = 2  [ RunTime:0.0003s ]
INFO: [ view_parse ] --START--
INFO: [ template_filter ] --START--
INFO: Run Behavior\ContentReplaceBehavior [ RunTime:0.000093s ]
INFO: [ template_filter ] --END-- [ RunTime:0.000220s ]
INFO: Run Behavior\ParseTemplateBehavior [ RunTime:0.013009s ]
INFO: [ view_parse ] --END-- [ RunTime:0.013136s ]
INFO: [ view_filter ] --START--
INFO: Run Behavior\WriteHtmlCacheBehavior [ RunTime:0.001598s ]
INFO: [ view_filter ] --END-- [ RunTime:0.001875s ]
INFO: [ app_end ] --START--
INFO: Run Behavior\ShowPageTraceBehavior [ RunTime:0.005730s ]
INFO: [ app_end ] --END-- [ RunTime:0.006319s ]

[ 2017-06-15T01:02:13+08:00 ] ::1 /WebExamSystem1/index.php/Home/Index/historypaper/id/2.html
INFO: [ app_init ] --START--
INFO: Run Behavior\BuildLiteBehavior [ RunTime:0.000055s ]
INFO: [ app_init ] --END-- [ RunTime:0.001144s ]
INFO: [ app_begin ] --START--
INFO: Run Behavior\ReadHtmlCacheBehavior [ RunTime:0.001007s ]
INFO: [ app_begin ] --END-- [ RunTime:0.001229s ]
NOTIC: [2048] Declaration of Home\Controller\IndexController::success() should be compatible with Think\Controller::success($message = '', $jumpUrl = '', $ajax = false) F:\Program\wamp\www\WebExamSystem1\Application\Home\Controller\IndexController.class.php 第 4 行.
SQL: SHOW COLUMNS FROM `ex_user` [ RunTime:0.0032s ]
SQL: SELECT * FROM `ex_user` WHERE `id` = 2  [ RunTime:0.0003s ]
SQL: SHOW COLUMNS FROM `ex_paper` [ RunTime:0.0032s ]
SQL: SELECT * FROM `ex_paper` WHERE `id` = 2  [ RunTime:0.0003s ]
INFO: [ view_parse ] --START--
INFO: [ template_filter ] --START--
INFO: Run Behavior\ContentReplaceBehavior [ RunTime:0.000099s ]
INFO: [ template_filter ] --END-- [ RunTime:0.000226s ]
INFO: Run Behavior\ParseTemplateBehavior [ RunTime:0.011733s ]
INFO: [ view_parse ] --END-- [ RunTime:0.011860s ]
INFO: [ view_filter ] --START--
INFO: Run Behavior\WriteHtmlCacheBehavior [ RunTime:0.000584s ]
INFO: [ view_filter ] --END-- [ RunTime:0.000697s ]
INFO: [ app_end ] --START--
INFO: Run Behavior\ShowPageTraceBehavior [ RunTime:0.000717s ]
INFO: [ app_end ] --END-- [ RunTime:0.000836s ]

[ 2017-06-15T01:02:56+08:00 ] ::1 /WebExamSystem1/index.php/Home/Index/index.html
INFO: [ app_init ] --START--
INFO: Run Behavior\BuildLiteBehavior [ RunTime:0.000034s ]
INFO: [ app_init ] --END-- [ RunTime:0.000638s ]
INFO: [ app_begin ] --START--
INFO: Run Behavior\ReadHtmlCacheBehavior [ RunTime:0.000693s ]
INFO: [ app_begin ] --END-- [ RunTime:0.000819s ]
NOTIC: [2048] Declaration of Home\Controller\IndexController::success() should be compatible with Think\Controller::success($message = '', $jumpUrl = '', $ajax = false) F:\Program\wamp\www\WebExamSystem1\Application\Home\Controller\IndexController.class.php 第 4 行.
SQL: SHOW COLUMNS FROM `ex_user` [ RunTime:0.0041s ]
SQL: SELECT * FROM `ex_user` WHERE `id` = 2  [ RunTime:0.0003s ]
INFO: [ view_parse ] --START--
INFO: [ template_filter ] --START--
INFO: Run Behavior\ContentReplaceBehavior [ RunTime:0.000091s ]
INFO: [ template_filter ] --END-- [ RunTime:0.000222s ]
INFO: Run Behavior\ParseTemplateBehavior [ RunTime:0.012020s ]
INFO: [ view_parse ] --END-- [ RunTime:0.012171s ]
INFO: [ view_filter ] --START--
INFO: Run Behavior\WriteHtmlCacheBehavior [ RunTime:0.000614s ]
INFO: [ view_filter ] --END-- [ RunTime:0.000736s ]
INFO: [ app_end ] --START--
INFO: Run Behavior\ShowPageTraceBehavior [ RunTime:0.000754s ]
INFO: [ app_end ] --END-- [ RunTime:0.000874s ]

[ 2017-06-15T09:56:23+08:00 ] ::1 /WebExamSystem1/index.php/Home/Login/index.html
INFO: [ app_init ] --START--
INFO: Run Behavior\BuildLiteBehavior [ RunTime:0.000099s ]
INFO: [ app_init ] --END-- [ RunTime:0.002802s ]
INFO: [ app_begin ] --START--
INFO: Run Behavior\ReadHtmlCacheBehavior [ RunTime:0.002557s ]
INFO: [ app_begin ] --END-- [ RunTime:0.003000s ]
NOTIC: [2048] Declaration of Home\Controller\LoginController::error() should be compatible with Think\Controller::error($message = '', $jumpUrl = '', $ajax = false) F:\Program\wamp\www\WebExamSystem1\Application\Home\Controller\LoginController.class.php 第 4 行.
INFO: [ view_parse ] --START--
INFO: [ template_filter ] --START--
INFO: Run Behavior\ContentReplaceBehavior [ RunTime:0.001052s ]
INFO: [ template_filter ] --END-- [ RunTime:0.001548s ]
INFO: Run Behavior\ParseTemplateBehavior [ RunTime:0.032555s ]
INFO: [ view_parse ] --END-- [ RunTime:0.032841s ]
INFO: [ view_filter ] --START--
INFO: Run Behavior\WriteHtmlCacheBehavior [ RunTime:0.000926s ]
INFO: [ view_filter ] --END-- [ RunTime:0.001101s ]
INFO: [ app_end ] --START--
INFO: Run Behavior\ShowPageTraceBehavior [ RunTime:0.001191s ]
INFO: [ app_end ] --END-- [ RunTime:0.001362s ]

[ 2017-06-15T09:56:32+08:00 ] ::1 /WebExamSystem1/index.php/Home/Login/login.html
INFO: [ app_init ] --START--
INFO: Run Behavior\BuildLiteBehavior [ RunTime:0.000091s ]
INFO: [ app_init ] --END-- [ RunTime:0.001990s ]
INFO: [ app_begin ] --START--
INFO: Run Behavior\ReadHtmlCacheBehavior [ RunTime:0.002289s ]
INFO: [ app_begin ] --END-- [ RunTime:0.002820s ]
NOTIC: [2048] Declaration of Home\Controller\LoginController::error() should be compatible with Think\Controller::error($message = '', $jumpUrl = '', $ajax = false) F:\Program\wamp\www\WebExamSystem1\Application\Home\Controller\LoginController.class.php 第 4 行.
SQL: SHOW COLUMNS FROM `ex_user` [ RunTime:0.0559s ]
SQL: SELECT * FROM `ex_user` WHERE `cUser` = '2013040802017'  [ RunTime:0.0209s ]
SQL: SELECT * FROM `ex_user` WHERE `cUser` = '2013040802017'  [ RunTime:0.0010s ]

[ 2017-06-15T09:57:50+08:00 ] ::1 /WebExamSystem1/index.php/Home/Index/index.html
INFO: [ app_init ] --START--
INFO: Run Behavior\BuildLiteBehavior [ RunTime:0.000027s ]
INFO: [ app_init ] --END-- [ RunTime:0.000611s ]
INFO: [ app_begin ] --START--
INFO: Run Behavior\ReadHtmlCacheBehavior [ RunTime:0.000651s ]
INFO: [ app_begin ] --END-- [ RunTime:0.000777s ]
NOTIC: [2048] Declaration of Home\Controller\IndexController::success() should be compatible with Think\Controller::success($message = '', $jumpUrl = '', $ajax = false) F:\Program\wamp\www\WebExamSystem1\Application\Home\Controller\IndexController.class.php 第 4 行.
SQL: SHOW COLUMNS FROM `ex_user` [ RunTime:0.0094s ]
SQL: SELECT * FROM `ex_user` WHERE `id` = 2  [ RunTime:0.0009s ]
INFO: [ view_parse ] --START--
INFO: [ template_filter ] --START--
INFO: Run Behavior\ContentReplaceBehavior [ RunTime:0.000261s ]
INFO: [ template_filter ] --END-- [ RunTime:0.000633s ]
INFO: Run Behavior\ParseTemplateBehavior [ RunTime:0.054200s ]
INFO: [ view_parse ] --END-- [ RunTime:0.054620s ]
INFO: [ view_filter ] --START--
INFO: Run Behavior\WriteHtmlCacheBehavior [ RunTime:0.001112s ]
INFO: [ view_filter ] --END-- [ RunTime:0.001459s ]
INFO: [ app_end ] --START--
INFO: Run Behavior\ShowPageTraceBehavior [ RunTime:0.001709s ]
INFO: [ app_end ] --END-- [ RunTime:0.002138s ]

[ 2017-06-15T09:58:21+08:00 ] ::1 /WebExamSystem1/index.php/Home/Login/logout.html
INFO: [ app_init ] --START--
INFO: Run Behavior\BuildLiteBehavior [ RunTime:0.000030s ]
INFO: [ app_init ] --END-- [ RunTime:0.000621s ]
INFO: [ app_begin ] --START--
INFO: Run Behavior\ReadHtmlCacheBehavior [ RunTime:0.000587s ]
INFO: [ app_begin ] --END-- [ RunTime:0.000714s ]
NOTIC: [2048] Declaration of Home\Controller\LoginController::error() should be compatible with Think\Controller::error($message = '', $jumpUrl = '', $ajax = false) F:\Program\wamp\www\WebExamSystem1\Application\Home\Controller\LoginController.class.php 第 4 行.

[ 2017-06-15T09:58:21+08:00 ] ::1 /WebExamSystem1/index.php/Home/Login/index.html
INFO: [ app_init ] --START--
INFO: Run Behavior\BuildLiteBehavior [ RunTime:0.000028s ]
INFO: [ app_init ] --END-- [ RunTime:0.000541s ]
INFO: [ app_begin ] --START--
INFO: Run Behavior\ReadHtmlCacheBehavior [ RunTime:0.000652s ]
INFO: [ app_begin ] --END-- [ RunTime:0.000786s ]
NOTIC: [2048] Declaration of Home\Controller\LoginController::error() should be compatible with Think\Controller::error($message = '', $jumpUrl = '', $ajax = false) F:\Program\wamp\www\WebExamSystem1\Application\Home\Controller\LoginController.class.php 第 4 行.
INFO: [ view_parse ] --START--
INFO: [ template_filter ] --START--
INFO: Run Behavior\ContentReplaceBehavior [ RunTime:0.000083s ]
INFO: [ template_filter ] --END-- [ RunTime:0.000208s ]
INFO: Run Behavior\ParseTemplateBehavior [ RunTime:0.006555s ]
INFO: [ view_parse ] --END-- [ RunTime:0.006678s ]
INFO: [ view_filter ] --START--
INFO: Run Behavior\WriteHtmlCacheBehavior [ RunTime:0.000381s ]
INFO: [ view_filter ] --END-- [ RunTime:0.000494s ]
INFO: [ app_end ] --START--
INFO: Run Behavior\ShowPageTraceBehavior [ RunTime:0.000587s ]
INFO: [ app_end ] --END-- [ RunTime:0.000707s ]

[ 2017-06-15T10:02:01+08:00 ] ::1 /WebExamSystem1/index.php/Home/Login/index.html
INFO: [ app_init ] --START--
INFO: Run Behavior\BuildLiteBehavior [ RunTime:0.000027s ]
INFO: [ app_init ] --END-- [ RunTime:0.000609s ]
INFO: [ app_begin ] --START--
INFO: Run Behavior\ReadHtmlCacheBehavior [ RunTime:0.000711s ]
INFO: [ app_begin ] --END-- [ RunTime:0.000841s ]
NOTIC: [2048] Declaration of Home\Controller\LoginController::error() should be compatible with Think\Controller::error($message = '', $jumpUrl = '', $ajax = false) F:\Program\wamp\www\WebExamSystem1\Application\Home\Controller\LoginController.class.php 第 4 行.
INFO: [ view_parse ] --START--
INFO: [ template_filter ] --START--
INFO: Run Behavior\ContentReplaceBehavior [ RunTime:0.000087s ]
INFO: [ template_filter ] --END-- [ RunTime:0.000216s ]
INFO: Run Behavior\ParseTemplateBehavior [ RunTime:0.008228s ]
INFO: [ view_parse ] --END-- [ RunTime:0.008382s ]
INFO: [ view_filter ] --START--
INFO: Run Behavior\WriteHtmlCacheBehavior [ RunTime:0.000577s ]
INFO: [ view_filter ] --END-- [ RunTime:0.000693s ]
INFO: [ app_end ] --START--
INFO: Run Behavior\ShowPageTraceBehavior [ RunTime:0.000771s ]
INFO: [ app_end ] --END-- [ RunTime:0.000895s ]

[ 2017-06-15T10:02:12+08:00 ] ::1 /WebExamSystem1/index.php/Home/Login/login.html
INFO: [ app_init ] --START--
INFO: Run Behavior\BuildLiteBehavior [ RunTime:0.000036s ]
INFO: [ app_init ] --END-- [ RunTime:0.000793s ]
INFO: [ app_begin ] --START--
INFO: Run Behavior\ReadHtmlCacheBehavior [ RunTime:0.000933s ]
INFO: [ app_begin ] --END-- [ RunTime:0.001073s ]
NOTIC: [2048] Declaration of Home\Controller\LoginController::error() should be compatible with Think\Controller::error($message = '', $jumpUrl = '', $ajax = false) F:\Program\wamp\www\WebExamSystem1\Application\Home\Controller\LoginController.class.php 第 4 行.
SQL: SHOW COLUMNS FROM `ex_user` [ RunTime:0.0030s ]
SQL: SELECT * FROM `ex_user` WHERE `cUser` = '2013040802017'  [ RunTime:0.0003s ]
SQL: SELECT * FROM `ex_user` WHERE `cUser` = '2013040802017'  [ RunTime:0.0002s ]

[ 2017-06-15T10:02:13+08:00 ] ::1 /WebExamSystem1/index.php/Home/Index/index.html
INFO: [ app_init ] --START--
INFO: Run Behavior\BuildLiteBehavior [ RunTime:0.000031s ]
INFO: [ app_init ] --END-- [ RunTime:0.000630s ]
INFO: [ app_begin ] --START--
INFO: Run Behavior\ReadHtmlCacheBehavior [ RunTime:0.000762s ]
INFO: [ app_begin ] --END-- [ RunTime:0.000909s ]
NOTIC: [2048] Declaration of Home\Controller\IndexController::success() should be compatible with Think\Controller::success($message = '', $jumpUrl = '', $ajax = false) F:\Program\wamp\www\WebExamSystem1\Application\Home\Controller\IndexController.class.php 第 4 行.
SQL: SHOW COLUMNS FROM `ex_user` [ RunTime:0.0034s ]
SQL: SELECT * FROM `ex_user` WHERE `id` = 2  [ RunTime:0.0003s ]
INFO: [ view_parse ] --START--
INFO: [ template_filter ] --START--
INFO: Run Behavior\ContentReplaceBehavior [ RunTime:0.000090s ]
INFO: [ template_filter ] --END-- [ RunTime:0.000217s ]
INFO: Run Behavior\ParseTemplateBehavior [ RunTime:0.010563s ]
INFO: [ view_parse ] --END-- [ RunTime:0.010704s ]
INFO: [ view_filter ] --START--
INFO: Run Behavior\WriteHtmlCacheBehavior [ RunTime:0.000666s ]
INFO: [ view_filter ] --END-- [ RunTime:0.000837s ]
INFO: [ app_end ] --START--
INFO: Run Behavior\ShowPageTraceBehavior [ RunTime:0.000741s ]
INFO: [ app_end ] --END-- [ RunTime:0.000879s ]

[ 2017-06-15T10:02:18+08:00 ] ::1 /WebExamSystem1/index.php/Home/Index/examlist.html
INFO: [ app_init ] --START--
INFO: Run Behavior\BuildLiteBehavior [ RunTime:0.000052s ]
INFO: [ app_init ] --END-- [ RunTime:0.001092s ]
INFO: [ app_begin ] --START--
INFO: Run Behavior\ReadHtmlCacheBehavior [ RunTime:0.001404s ]
INFO: [ app_begin ] --END-- [ RunTime:0.001718s ]
NOTIC: [2048] Declaration of Home\Controller\IndexController::success() should be compatible with Think\Controller::success($message = '', $jumpUrl = '', $ajax = false) F:\Program\wamp\www\WebExamSystem1\Application\Home\Controller\IndexController.class.php 第 4 行.
SQL: SHOW COLUMNS FROM `ex_user` [ RunTime:0.0032s ]
SQL: SELECT * FROM `ex_user` WHERE `id` = 2  [ RunTime:0.0003s ]
SQL: SHOW COLUMNS FROM `ex_paper` [ RunTime:0.0496s ]
SQL: SELECT * FROM `ex_paper` WHERE `iUserid` = 2 AND `iTestType` = 1 AND `iPapState` <> 2  [ RunTime:0.0127s ]
INFO: [ view_parse ] --START--
INFO: [ template_filter ] --START--
INFO: Run Behavior\ContentReplaceBehavior [ RunTime:0.000306s ]
INFO: [ template_filter ] --END-- [ RunTime:0.000647s ]
INFO: Run Behavior\ParseTemplateBehavior [ RunTime:0.068928s ]
INFO: [ view_parse ] --END-- [ RunTime:0.069380s ]
INFO: [ view_filter ] --START--
INFO: Run Behavior\WriteHtmlCacheBehavior [ RunTime:0.001235s ]
INFO: [ view_filter ] --END-- [ RunTime:0.001556s ]
INFO: [ app_end ] --START--
INFO: Run Behavior\ShowPageTraceBehavior [ RunTime:0.001846s ]
INFO: [ app_end ] --END-- [ RunTime:0.002169s ]

[ 2017-06-15T10:02:21+08:00 ] ::1 /WebExamSystem1/index.php/Home/Index/historylist.html
INFO: [ app_init ] --START--
INFO: Run Behavior\BuildLiteBehavior [ RunTime:0.000084s ]
INFO: [ app_init ] --END-- [ RunTime:0.002007s ]
INFO: [ app_begin ] --START--
INFO: Run Behavior\ReadHtmlCacheBehavior [ RunTime:0.001360s ]
INFO: [ app_begin ] --END-- [ RunTime:0.001652s ]
NOTIC: [2048] Declaration of Home\Controller\IndexController::success() should be compatible with Think\Controller::success($message = '', $jumpUrl = '', $ajax = false) F:\Program\wamp\www\WebExamSystem1\Application\Home\Controller\IndexController.class.php 第 4 行.
SQL: SHOW COLUMNS FROM `ex_user` [ RunTime:0.0057s ]
SQL: SELECT * FROM `ex_user` WHERE `id` = 2  [ RunTime:0.0003s ]
SQL: SHOW COLUMNS FROM `ex_paper` [ RunTime:0.0035s ]
SQL: SELECT * FROM `ex_paper` WHERE `iUserid` = 2 AND `iPapState` = 2  [ RunTime:0.0004s ]
INFO: [ view_parse ] --START--
INFO: [ template_filter ] --START--
INFO: Run Behavior\ContentReplaceBehavior [ RunTime:0.000105s ]
INFO: [ template_filter ] --END-- [ RunTime:0.000238s ]
INFO: Run Behavior\ParseTemplateBehavior [ RunTime:0.050024s ]
INFO: [ view_parse ] --END-- [ RunTime:0.050159s ]
INFO: [ view_filter ] --START--
INFO: Run Behavior\WriteHtmlCacheBehavior [ RunTime:0.000652s ]
INFO: [ view_filter ] --END-- [ RunTime:0.000774s ]
INFO: [ app_end ] --START--
INFO: Run Behavior\ShowPageTraceBehavior [ RunTime:0.000811s ]
INFO: [ app_end ] --END-- [ RunTime:0.000932s ]

[ 2017-06-15T10:02:23+08:00 ] ::1 /WebExamSystem1/index.php/Home/Index/historypaper/id/1.html
INFO: [ app_init ] --START--
INFO: Run Behavior\BuildLiteBehavior [ RunTime:0.000112s ]
INFO: [ app_init ] --END-- [ RunTime:0.002208s ]
INFO: [ app_begin ] --START--
INFO: Run Behavior\ReadHtmlCacheBehavior [ RunTime:0.001196s ]
INFO: [ app_begin ] --END-- [ RunTime:0.001448s ]
NOTIC: [2048] Declaration of Home\Controller\IndexController::success() should be compatible with Think\Controller::success($message = '', $jumpUrl = '', $ajax = false) F:\Program\wamp\www\WebExamSystem1\Application\Home\Controller\IndexController.class.php 第 4 行.
SQL: SHOW COLUMNS FROM `ex_user` [ RunTime:0.0061s ]
SQL: SELECT * FROM `ex_user` WHERE `id` = 2  [ RunTime:0.0003s ]
SQL: SHOW COLUMNS FROM `ex_paper` [ RunTime:0.0035s ]
SQL: SELECT * FROM `ex_paper` WHERE `id` = 1  [ RunTime:0.0004s ]
INFO: [ view_parse ] --START--
INFO: [ template_filter ] --START--
INFO: Run Behavior\ContentReplaceBehavior [ RunTime:0.000126s ]
INFO: [ template_filter ] --END-- [ RunTime:0.000290s ]
INFO: Run Behavior\ParseTemplateBehavior [ RunTime:0.049716s ]
INFO: [ view_parse ] --END-- [ RunTime:0.049874s ]
INFO: [ view_filter ] --START--
INFO: Run Behavior\WriteHtmlCacheBehavior [ RunTime:0.000634s ]
INFO: [ view_filter ] --END-- [ RunTime:0.000759s ]
INFO: [ app_end ] --START--
INFO: Run Behavior\ShowPageTraceBehavior [ RunTime:0.000877s ]
INFO: [ app_end ] --END-- [ RunTime:0.001021s ]

[ 2017-06-15T10:02:25+08:00 ] ::1 /WebExamSystem1/index.php/Home/Index/examlist.html
INFO: [ app_init ] --START--
INFO: Run Behavior\BuildLiteBehavior [ RunTime:0.000044s ]
INFO: [ app_init ] --END-- [ RunTime:0.000937s ]
INFO: [ app_begin ] --START--
INFO: Run Behavior\ReadHtmlCacheBehavior [ RunTime:0.000935s ]
INFO: [ app_begin ] --END-- [ RunTime:0.001139s ]
NOTIC: [2048] Declaration of Home\Controller\IndexController::success() should be compatible with Think\Controller::success($message = '', $jumpUrl = '', $ajax = false) F:\Program\wamp\www\WebExamSystem1\Application\Home\Controller\IndexController.class.php 第 4 行.
SQL: SHOW COLUMNS FROM `ex_user` [ RunTime:0.0032s ]
SQL: SELECT * FROM `ex_user` WHERE `id` = 2  [ RunTime:0.0003s ]
SQL: SHOW COLUMNS FROM `ex_paper` [ RunTime:0.0030s ]
SQL: SELECT * FROM `ex_paper` WHERE `iUserid` = 2 AND `iTestType` = 1 AND `iPapState` <> 2  [ RunTime:0.0003s ]
INFO: [ view_parse ] --START--
INFO: [ template_filter ] --START--
INFO: Run Behavior\ContentReplaceBehavior [ RunTime:0.000098s ]
INFO: [ template_filter ] --END-- [ RunTime:0.000231s ]
INFO: Run Behavior\ParseTemplateBehavior [ RunTime:0.012538s ]
INFO: [ view_parse ] --END-- [ RunTime:0.012668s ]
INFO: [ view_filter ] --START--
INFO: Run Behavior\WriteHtmlCacheBehavior [ RunTime:0.000573s ]
INFO: [ view_filter ] --END-- [ RunTime:0.000692s ]
INFO: [ app_end ] --START--
INFO: Run Behavior\ShowPageTraceBehavior [ RunTime:0.000780s ]
INFO: [ app_end ] --END-- [ RunTime:0.000899s ]

[ 2017-06-15T10:04:03+08:00 ] ::1 /WebExamSystem1/index.php/Home/Login/index.html
INFO: [ app_init ] --START--
INFO: Run Behavior\BuildLiteBehavior [ RunTime:0.000045s ]
INFO: [ app_init ] --END-- [ RunTime:0.000884s ]
INFO: [ app_begin ] --START--
INFO: Run Behavior\ReadHtmlCacheBehavior [ RunTime:0.000988s ]
INFO: [ app_begin ] --END-- [ RunTime:0.001192s ]
NOTIC: [2048] Declaration of Home\Controller\LoginController::error() should be compatible with Think\Controller::error($message = '', $jumpUrl = '', $ajax = false) F:\Program\wamp\www\WebExamSystem1\Application\Home\Controller\LoginController.class.php 第 4 行.
INFO: [ view_parse ] --START--
INFO: [ template_filter ] --START--
INFO: Run Behavior\ContentReplaceBehavior [ RunTime:0.000136s ]
INFO: [ template_filter ] --END-- [ RunTime:0.000342s ]
INFO: Run Behavior\ParseTemplateBehavior [ RunTime:0.011438s ]
INFO: [ view_parse ] --END-- [ RunTime:0.011635s ]
INFO: [ view_filter ] --START--
INFO: Run Behavior\WriteHtmlCacheBehavior [ RunTime:0.000696s ]
INFO: [ view_filter ] --END-- [ RunTime:0.000880s ]
INFO: [ app_end ] --START--
INFO: Run Behavior\ShowPageTraceBehavior [ RunTime:0.000887s ]
INFO: [ app_end ] --END-- [ RunTime:0.001037s ]

[ 2017-06-15T10:04:10+08:00 ] ::1 /WebExamSystem1/index.php/Home/Login/login.html
INFO: [ app_init ] --START--
INFO: Run Behavior\BuildLiteBehavior [ RunTime:0.000033s ]
INFO: [ app_init ] --END-- [ RunTime:0.000885s ]
INFO: [ app_begin ] --START--
INFO: Run Behavior\ReadHtmlCacheBehavior [ RunTime:0.000901s ]
INFO: [ app_begin ] --END-- [ RunTime:0.001046s ]
NOTIC: [2048] Declaration of Home\Controller\LoginController::error() should be compatible with Think\Controller::error($message = '', $jumpUrl = '', $ajax = false) F:\Program\wamp\www\WebExamSystem1\Application\Home\Controller\LoginController.class.php 第 4 行.
SQL: SHOW COLUMNS FROM `ex_user` [ RunTime:0.0039s ]
SQL: SELECT * FROM `ex_user` WHERE `cUser` = '2013040802017'  [ RunTime:0.0003s ]
SQL: SELECT * FROM `ex_user` WHERE `cUser` = '2013040802017'  [ RunTime:0.0002s ]

[ 2017-06-15T10:04:11+08:00 ] ::1 /WebExamSystem1/index.php/Home/Index/index.html
INFO: [ app_init ] --START--
INFO: Run Behavior\BuildLiteBehavior [ RunTime:0.000133s ]
INFO: [ app_init ] --END-- [ RunTime:0.001768s ]
INFO: [ app_begin ] --START--
INFO: Run Behavior\ReadHtmlCacheBehavior [ RunTime:0.002003s ]
INFO: [ app_begin ] --END-- [ RunTime:0.002397s ]
NOTIC: [2048] Declaration of Home\Controller\IndexController::success() should be compatible with Think\Controller::success($message = '', $jumpUrl = '', $ajax = false) F:\Program\wamp\www\WebExamSystem1\Application\Home\Controller\IndexController.class.php 第 4 行.
SQL: SHOW COLUMNS FROM `ex_user` [ RunTime:0.0053s ]
SQL: SELECT * FROM `ex_user` WHERE `id` = 2  [ RunTime:0.0003s ]
INFO: [ view_parse ] --START--
INFO: [ template_filter ] --START--
INFO: Run Behavior\ContentReplaceBehavior [ RunTime:0.000104s ]
INFO: [ template_filter ] --END-- [ RunTime:0.000253s ]
INFO: Run Behavior\ParseTemplateBehavior [ RunTime:0.012050s ]
INFO: [ view_parse ] --END-- [ RunTime:0.012197s ]
INFO: [ view_filter ] --START--
INFO: Run Behavior\WriteHtmlCacheBehavior [ RunTime:0.000566s ]
INFO: [ view_filter ] --END-- [ RunTime:0.000694s ]
INFO: [ app_end ] --START--
INFO: Run Behavior\ShowPageTraceBehavior [ RunTime:0.000847s ]
INFO: [ app_end ] --END-- [ RunTime:0.000981s ]

[ 2017-06-15T10:04:13+08:00 ] ::1 /WebExamSystem1/index.php/Home/Index/examlist.html
INFO: [ app_init ] --START--
INFO: Run Behavior\BuildLiteBehavior [ RunTime:0.000035s ]
INFO: [ app_init ] --END-- [ RunTime:0.000761s ]
INFO: [ app_begin ] --START--
INFO: Run Behavior\ReadHtmlCacheBehavior [ RunTime:0.000852s ]
INFO: [ app_begin ] --END-- [ RunTime:0.001010s ]
NOTIC: [2048] Declaration of Home\Controller\IndexController::success() should be compatible with Think\Controller::success($message = '', $jumpUrl = '', $ajax = false) F:\Program\wamp\www\WebExamSystem1\Application\Home\Controller\IndexController.class.php 第 4 行.
SQL: SHOW COLUMNS FROM `ex_user` [ RunTime:0.0037s ]
SQL: SELECT * FROM `ex_user` WHERE `id` = 2  [ RunTime:0.0004s ]
SQL: SHOW COLUMNS FROM `ex_paper` [ RunTime:0.0039s ]
SQL: SELECT * FROM `ex_paper` WHERE `iUserid` = 2 AND `iTestType` = 1 AND `iPapState` <> 2  [ RunTime:0.0003s ]
INFO: [ view_parse ] --START--
INFO: [ template_filter ] --START--
INFO: Run Behavior\ContentReplaceBehavior [ RunTime:0.000100s ]
INFO: [ template_filter ] --END-- [ RunTime:0.000232s ]
INFO: Run Behavior\ParseTemplateBehavior [ RunTime:0.012628s ]
INFO: [ view_parse ] --END-- [ RunTime:0.012755s ]
INFO: [ view_filter ] --START--
INFO: Run Behavior\WriteHtmlCacheBehavior [ RunTime:0.000512s ]
INFO: [ view_filter ] --END-- [ RunTime:0.000627s ]
INFO: [ app_end ] --START--
INFO: Run Behavior\ShowPageTraceBehavior [ RunTime:0.000699s ]
INFO: [ app_end ] --END-- [ RunTime:0.000820s ]

[ 2017-06-15T10:04:17+08:00 ] ::1 /WebExamSystem1/index.php/Home/Index/enterExam/id/3.html
INFO: [ app_init ] --START--
INFO: Run Behavior\BuildLiteBehavior [ RunTime:0.000080s ]
INFO: [ app_init ] --END-- [ RunTime:0.001628s ]
INFO: [ app_begin ] --START--
INFO: Run Behavior\ReadHtmlCacheBehavior [ RunTime:0.002080s ]
INFO: [ app_begin ] --END-- [ RunTime:0.002497s ]
NOTIC: [2048] Declaration of Home\Controller\IndexController::success() should be compatible with Think\Controller::success($message = '', $jumpUrl = '', $ajax = false) F:\Program\wamp\www\WebExamSystem1\Application\Home\Controller\IndexController.class.php 第 4 行.
SQL: SHOW COLUMNS FROM `ex_paper` [ RunTime:0.0059s ]
SQL: SELECT * FROM `ex_paper` WHERE `id` = 3  [ RunTime:0.0005s ]
SQL: SHOW COLUMNS FROM `ex_papproblem` [ RunTime:0.0056s ]
SQL: SELECT * FROM `ex_papproblem` WHERE `iPapid` = 3  [ RunTime:0.0005s ]
NOTIC: [8] Undefined variable: prblist F:\Program\wamp\www\WebExamSystem1\Application\Common\Model\PaperModel.class.php 第 51 行.
NOTIC: [2] Invalid argument supplied for foreach() F:\Program\wamp\www\WebExamSystem1\Application\Common\Model\PaperModel.class.php 第 51 行.

[ 2017-06-15T10:04:18+08:00 ] ::1 /WebExamSystem1/index.php/Home/Exam/index/id/3.html
INFO: [ app_init ] --START--
INFO: Run Behavior\BuildLiteBehavior [ RunTime:0.000044s ]
INFO: [ app_init ] --END-- [ RunTime:0.001073s ]
INFO: [ app_begin ] --START--
INFO: Run Behavior\ReadHtmlCacheBehavior [ RunTime:0.001046s ]
INFO: [ app_begin ] --END-- [ RunTime:0.001250s ]
NOTIC: [2048] Declaration of Home\Controller\ExamController::index() should be compatible with Home\Controller\BaseController::index() F:\Program\wamp\www\WebExamSystem1\Application\Home\Controller\ExamController.class.php 第 4 行.
SQL: SHOW COLUMNS FROM `ex_user` [ RunTime:0.0047s ]
SQL: SELECT * FROM `ex_user` WHERE `id` = 2  [ RunTime:0.0004s ]
SQL: SHOW COLUMNS FROM `ex_paper` [ RunTime:0.0049s ]
SQL: SELECT * FROM `ex_paper` WHERE `id` = 3  [ RunTime:0.0005s ]
INFO: [ view_parse ] --START--
INFO: [ template_filter ] --START--
INFO: Run Behavior\ContentReplaceBehavior [ RunTime:0.000352s ]
INFO: [ template_filter ] --END-- [ RunTime:0.000732s ]
INFO: Run Behavior\ParseTemplateBehavior [ RunTime:0.047631s ]
INFO: [ view_parse ] --END-- [ RunTime:0.048038s ]
INFO: [ view_filter ] --START--
INFO: Run Behavior\WriteHtmlCacheBehavior [ RunTime:0.001599s ]
INFO: [ view_filter ] --END-- [ RunTime:0.001948s ]
INFO: [ app_end ] --START--
INFO: Run Behavior\ShowPageTraceBehavior [ RunTime:0.002194s ]
INFO: [ app_end ] --END-- [ RunTime:0.002643s ]

[ 2017-06-15T10:04:18+08:00 ] ::1 /WebExamSystem1/index.php/Home/Exam/getPaper
INFO: [ app_init ] --START--
INFO: Run Behavior\BuildLiteBehavior [ RunTime:0.000045s ]
INFO: [ app_init ] --END-- [ RunTime:0.000909s ]
INFO: [ app_begin ] --START--
INFO: Run Behavior\ReadHtmlCacheBehavior [ RunTime:0.001085s ]
INFO: [ app_begin ] --END-- [ RunTime:0.001283s ]
NOTIC: [2048] Declaration of Home\Controller\ExamController::index() should be compatible with Home\Controller\BaseController::index() F:\Program\wamp\www\WebExamSystem1\Application\Home\Controller\ExamController.class.php 第 4 行.
SQL: SHOW COLUMNS FROM `ex_paper` [ RunTime:0.0053s ]
SQL: SELECT * FROM `ex_paper` WHERE `id` = 3  [ RunTime:0.0003s ]

[ 2017-06-15T10:04:19+08:00 ] ::1 /WebExamSystem1/index.php/Home/Exam/getList
INFO: [ app_init ] --START--
INFO: Run Behavior\BuildLiteBehavior [ RunTime:0.000053s ]
INFO: [ app_init ] --END-- [ RunTime:0.000931s ]
INFO: [ app_begin ] --START--
INFO: Run Behavior\ReadHtmlCacheBehavior [ RunTime:0.000985s ]
INFO: [ app_begin ] --END-- [ RunTime:0.001181s ]
NOTIC: [2048] Declaration of Home\Controller\ExamController::index() should be compatible with Home\Controller\BaseController::index() F:\Program\wamp\www\WebExamSystem1\Application\Home\Controller\ExamController.class.php 第 4 行.
SQL: SHOW COLUMNS FROM `ex_paper` [ RunTime:0.0037s ]
SQL: SELECT * FROM `ex_paper` WHERE `id` = 3  [ RunTime:0.0009s ]
SQL: SHOW COLUMNS FROM `ex_papproblem` [ RunTime:0.0032s ]
SQL: SELECT * FROM `ex_papproblem` WHERE `iPapid` = 3  [ RunTime:0.0003s ]

[ 2017-06-15T10:04:19+08:00 ] ::1 /WebExamSystem1/index.php/Home/Exam/getPrb
INFO: [ app_init ] --START--
INFO: Run Behavior\BuildLiteBehavior [ RunTime:0.000034s ]
INFO: [ app_init ] --END-- [ RunTime:0.000676s ]
INFO: [ app_begin ] --START--
INFO: Run Behavior\ReadHtmlCacheBehavior [ RunTime:0.000644s ]
INFO: [ app_begin ] --END-- [ RunTime:0.000767s ]
NOTIC: [2048] Declaration of Home\Controller\ExamController::index() should be compatible with Home\Controller\BaseController::index() F:\Program\wamp\www\WebExamSystem1\Application\Home\Controller\ExamController.class.php 第 4 行.
SQL: SHOW COLUMNS FROM `ex_pselect` [ RunTime:0.0036s ]
SQL: SELECT * FROM `ex_pselect` WHERE `id` = 15  [ RunTime:0.0003s ]

[ 2017-06-15T10:04:28+08:00 ] ::1 /WebExamSystem1/index.php/Home/Exam/getPrb
INFO: [ app_init ] --START--
INFO: Run Behavior\BuildLiteBehavior [ RunTime:0.000083s ]
INFO: [ app_init ] --END-- [ RunTime:0.001604s ]
INFO: [ app_begin ] --START--
INFO: Run Behavior\ReadHtmlCacheBehavior [ RunTime:0.001991s ]
INFO: [ app_begin ] --END-- [ RunTime:0.002303s ]
NOTIC: [2048] Declaration of Home\Controller\ExamController::index() should be compatible with Home\Controller\BaseController::index() F:\Program\wamp\www\WebExamSystem1\Application\Home\Controller\ExamController.class.php 第 4 行.
SQL: SHOW COLUMNS FROM `ex_pselect` [ RunTime:0.0047s ]
SQL: SELECT * FROM `ex_pselect` WHERE `id` = 18  [ RunTime:0.0003s ]

[ 2017-06-15T10:04:28+08:00 ] ::1 /WebExamSystem1/index.php/Home/Exam/getPrb
INFO: [ app_init ] --START--
INFO: Run Behavior\BuildLiteBehavior [ RunTime:0.000033s ]
INFO: [ app_init ] --END-- [ RunTime:0.000615s ]
INFO: [ app_begin ] --START--
INFO: Run Behavior\ReadHtmlCacheBehavior [ RunTime:0.000592s ]
INFO: [ app_begin ] --END-- [ RunTime:0.000709s ]
NOTIC: [2048] Declaration of Home\Controller\ExamController::index() should be compatible with Home\Controller\BaseController::index() F:\Program\wamp\www\WebExamSystem1\Application\Home\Controller\ExamController.class.php 第 4 行.
SQL: SHOW COLUMNS FROM `ex_pfillblank` [ RunTime:0.0033s ]
SQL: SELECT * FROM `ex_pfillblank` WHERE `id` = 5  [ RunTime:0.0003s ]

[ 2017-06-15T10:04:29+08:00 ] ::1 /WebExamSystem1/index.php/Home/Exam/getPrb
INFO: [ app_init ] --START--
INFO: Run Behavior\BuildLiteBehavior [ RunTime:0.000050s ]
INFO: [ app_init ] --END-- [ RunTime:0.000979s ]
INFO: [ app_begin ] --START--
INFO: Run Behavior\ReadHtmlCacheBehavior [ RunTime:0.000890s ]
INFO: [ app_begin ] --END-- [ RunTime:0.001067s ]
NOTIC: [2048] Declaration of Home\Controller\ExamController::index() should be compatible with Home\Controller\BaseController::index() F:\Program\wamp\www\WebExamSystem1\Application\Home\Controller\ExamController.class.php 第 4 行.
SQL: SHOW COLUMNS FROM `ex_pselect` [ RunTime:0.0040s ]
SQL: SELECT * FROM `ex_pselect` WHERE `id` = 15  [ RunTime:0.0003s ]

[ 2017-06-15T10:04:31+08:00 ] ::1 /WebExamSystem1/index.php/Home/Exam/getPrb
INFO: [ app_init ] --START--
INFO: Run Behavior\BuildLiteBehavior [ RunTime:0.000121s ]
INFO: [ app_init ] --END-- [ RunTime:0.002216s ]
INFO: [ app_begin ] --START--
INFO: Run Behavior\ReadHtmlCacheBehavior [ RunTime:0.000854s ]
INFO: [ app_begin ] --END-- [ RunTime:0.001038s ]
NOTIC: [2048] Declaration of Home\Controller\ExamController::index() should be compatible with Home\Controller\BaseController::index() F:\Program\wamp\www\WebExamSystem1\Application\Home\Controller\ExamController.class.php 第 4 行.
SQL: SHOW COLUMNS FROM `ex_pselect` [ RunTime:0.0042s ]
SQL: SELECT * FROM `ex_pselect` WHERE `id` = 18  [ RunTime:0.0004s ]

[ 2017-06-15T10:04:33+08:00 ] ::1 /WebExamSystem1/index.php/Home/Exam/getPrb
INFO: [ app_init ] --START--
INFO: Run Behavior\BuildLiteBehavior [ RunTime:0.000044s ]
INFO: [ app_init ] --END-- [ RunTime:0.000840s ]
INFO: [ app_begin ] --START--
INFO: Run Behavior\ReadHtmlCacheBehavior [ RunTime:0.000826s ]
INFO: [ app_begin ] --END-- [ RunTime:0.000977s ]
NOTIC: [2048] Declaration of Home\Controller\ExamController::index() should be compatible with Home\Controller\BaseController::index() F:\Program\wamp\www\WebExamSystem1\Application\Home\Controller\ExamController.class.php 第 4 行.
SQL: SHOW COLUMNS FROM `ex_pselect` [ RunTime:0.0044s ]
SQL: SELECT * FROM `ex_pselect` WHERE `id` = 15  [ RunTime:0.0005s ]

[ 2017-06-15T10:04:36+08:00 ] ::1 /WebExamSystem1/index.php/Home/Exam/getPrb
INFO: [ app_init ] --START--
INFO: Run Behavior\BuildLiteBehavior [ RunTime:0.000055s ]
INFO: [ app_init ] --END-- [ RunTime:0.000830s ]
INFO: [ app_begin ] --START--
INFO: Run Behavior\ReadHtmlCacheBehavior [ RunTime:0.000719s ]
INFO: [ app_begin ] --END-- [ RunTime:0.000850s ]
NOTIC: [2048] Declaration of Home\Controller\ExamController::index() should be compatible with Home\Controller\BaseController::index() F:\Program\wamp\www\WebExamSystem1\Application\Home\Controller\ExamController.class.php 第 4 行.
SQL: SHOW COLUMNS FROM `ex_pselect` [ RunTime:0.0051s ]
SQL: SELECT * FROM `ex_pselect` WHERE `id` = 15  [ RunTime:0.0004s ]

[ 2017-06-15T10:04:40+08:00 ] ::1 /WebExamSystem1/index.php/Home/Exam/getPrb
INFO: [ app_init ] --START--
INFO: Run Behavior\BuildLiteBehavior [ RunTime:0.000062s ]
INFO: [ app_init ] --END-- [ RunTime:0.001199s ]
INFO: [ app_begin ] --START--
INFO: Run Behavior\ReadHtmlCacheBehavior [ RunTime:0.001229s ]
INFO: [ app_begin ] --END-- [ RunTime:0.001460s ]
NOTIC: [2048] Declaration of Home\Controller\ExamController::index() should be compatible with Home\Controller\BaseController::index() F:\Program\wamp\www\WebExamSystem1\Application\Home\Controller\ExamController.class.php 第 4 行.
SQL: SHOW COLUMNS FROM `ex_pselect` [ RunTime:0.0040s ]
SQL: SELECT * FROM `ex_pselect` WHERE `id` = 18  [ RunTime:0.0004s ]

[ 2017-06-15T10:04:42+08:00 ] ::1 /WebExamSystem1/index.php/Home/Exam/getPrb
INFO: [ app_init ] --START--
INFO: Run Behavior\BuildLiteBehavior [ RunTime:0.000088s ]
INFO: [ app_init ] --END-- [ RunTime:0.001746s ]
INFO: [ app_begin ] --START--
INFO: Run Behavior\ReadHtmlCacheBehavior [ RunTime:0.001798s ]
INFO: [ app_begin ] --END-- [ RunTime:0.002138s ]
NOTIC: [2048] Declaration of Home\Controller\ExamController::index() should be compatible with Home\Controller\BaseController::index() F:\Program\wamp\www\WebExamSystem1\Application\Home\Controller\ExamController.class.php 第 4 行.
SQL: SHOW COLUMNS FROM `ex_pselect` [ RunTime:0.0048s ]
SQL: SELECT * FROM `ex_pselect` WHERE `id` = 18  [ RunTime:0.0004s ]

[ 2017-06-15T10:04:58+08:00 ] ::1 /WebExamSystem1/index.php/Home/Exam/getPrb
INFO: [ app_init ] --START--
INFO: Run Behavior\BuildLiteBehavior [ RunTime:0.000089s ]
INFO: [ app_init ] --END-- [ RunTime:0.001758s ]
INFO: [ app_begin ] --START--
INFO: Run Behavior\ReadHtmlCacheBehavior [ RunTime:0.001256s ]
INFO: [ app_begin ] --END-- [ RunTime:0.001489s ]
NOTIC: [2048] Declaration of Home\Controller\ExamController::index() should be compatible with Home\Controller\BaseController::index() F:\Program\wamp\www\WebExamSystem1\Application\Home\Controller\ExamController.class.php 第 4 行.
SQL: SHOW COLUMNS FROM `ex_pfillblank` [ RunTime:0.0044s ]
SQL: SELECT * FROM `ex_pfillblank` WHERE `id` = 5  [ RunTime:0.0004s ]

[ 2017-06-15T10:05:03+08:00 ] ::1 /WebExamSystem1/index.php/Home/Exam/getPrb
INFO: [ app_init ] --START--
INFO: Run Behavior\BuildLiteBehavior [ RunTime:0.000042s ]
INFO: [ app_init ] --END-- [ RunTime:0.000797s ]
INFO: [ app_begin ] --START--
INFO: Run Behavior\ReadHtmlCacheBehavior [ RunTime:0.000881s ]
INFO: [ app_begin ] --END-- [ RunTime:0.001060s ]
NOTIC: [2048] Declaration of Home\Controller\ExamController::index() should be compatible with Home\Controller\BaseController::index() F:\Program\wamp\www\WebExamSystem1\Application\Home\Controller\ExamController.class.php 第 4 行.
SQL: SHOW COLUMNS FROM `ex_pfillblank` [ RunTime:0.0031s ]
SQL: SELECT * FROM `ex_pfillblank` WHERE `id` = 5  [ RunTime:0.0003s ]

[ 2017-06-15T10:05:07+08:00 ] ::1 /WebExamSystem1/index.php/Home/Exam/submitPaper
INFO: [ app_init ] --START--
INFO: Run Behavior\BuildLiteBehavior [ RunTime:0.000091s ]
INFO: [ app_init ] --END-- [ RunTime:0.001657s ]
INFO: [ app_begin ] --START--
INFO: Run Behavior\ReadHtmlCacheBehavior [ RunTime:0.001653s ]
INFO: [ app_begin ] --END-- [ RunTime:0.001973s ]
NOTIC: [2048] Declaration of Home\Controller\ExamController::index() should be compatible with Home\Controller\BaseController::index() F:\Program\wamp\www\WebExamSystem1\Application\Home\Controller\ExamController.class.php 第 4 行.
SQL: SHOW COLUMNS FROM `ex_paper` [ RunTime:0.0040s ]
SQL: SHOW COLUMNS FROM `ex_pselect` [ RunTime:0.0038s ]
SQL: SELECT * FROM `ex_pselect` WHERE `id` = 15  [ RunTime:0.0004s ]
SQL: SHOW COLUMNS FROM `ex_papproblem` [ RunTime:0.0037s ]
SQL: SELECT * FROM `ex_papproblem` WHERE `id` = 32  [ RunTime:0.0003s ]
SQL: SELECT * FROM `ex_pselect` WHERE `id` = 18  [ RunTime:0.0003s ]
SQL: SELECT * FROM `ex_papproblem` WHERE `id` = 33  [ RunTime:0.0002s ]
SQL: SHOW COLUMNS FROM `ex_pfillblank` [ RunTime:0.0036s ]
SQL: SELECT * FROM `ex_pfillblank` WHERE `id` = 5  [ RunTime:0.0003s ]
SQL: SELECT * FROM `ex_papproblem` WHERE `id` = 34  [ RunTime:0.0002s ]
SQL: UPDATE `ex_paper` SET `iScore`='0',`iWroNum`='3',`iPapState`='2',`dTesDate`='2017-06-15' WHERE `id` = 3 [ RunTime:0.0545s ]

[ 2017-06-15T10:05:07+08:00 ] ::1 /WebExamSystem1/index.php/Home/Index/success
INFO: [ app_init ] --START--
INFO: Run Behavior\BuildLiteBehavior [ RunTime:0.000058s ]
INFO: [ app_init ] --END-- [ RunTime:0.000947s ]
INFO: [ app_begin ] --START--
INFO: Run Behavior\ReadHtmlCacheBehavior [ RunTime:0.001019s ]
INFO: [ app_begin ] --END-- [ RunTime:0.001219s ]
NOTIC: [2048] Declaration of Home\Controller\IndexController::success() should be compatible with Think\Controller::success($message = '', $jumpUrl = '', $ajax = false) F:\Program\wamp\www\WebExamSystem1\Application\Home\Controller\IndexController.class.php 第 4 行.
SQL: SHOW COLUMNS FROM `ex_user` [ RunTime:0.0032s ]
SQL: SELECT * FROM `ex_user` WHERE `id` = 2  [ RunTime:0.0003s ]
INFO: [ view_parse ] --START--
INFO: [ template_filter ] --START--
INFO: Run Behavior\ContentReplaceBehavior [ RunTime:0.000097s ]
INFO: [ template_filter ] --END-- [ RunTime:0.000232s ]
INFO: Run Behavior\ParseTemplateBehavior [ RunTime:0.029146s ]
INFO: [ view_parse ] --END-- [ RunTime:0.029284s ]
INFO: [ view_filter ] --START--
INFO: Run Behavior\WriteHtmlCacheBehavior [ RunTime:0.000522s ]
INFO: [ view_filter ] --END-- [ RunTime:0.000645s ]
INFO: [ app_end ] --START--
INFO: Run Behavior\ShowPageTraceBehavior [ RunTime:0.000709s ]
INFO: [ app_end ] --END-- [ RunTime:0.000829s ]

[ 2017-06-15T10:05:10+08:00 ] ::1 /WebExamSystem1/index.php/Home/Index/examlist.html
INFO: [ app_init ] --START--
INFO: Run Behavior\BuildLiteBehavior [ RunTime:0.000036s ]
INFO: [ app_init ] --END-- [ RunTime:0.000820s ]
INFO: [ app_begin ] --START--
INFO: Run Behavior\ReadHtmlCacheBehavior [ RunTime:0.000772s ]
INFO: [ app_begin ] --END-- [ RunTime:0.000943s ]
NOTIC: [2048] Declaration of Home\Controller\IndexController::success() should be compatible with Think\Controller::success($message = '', $jumpUrl = '', $ajax = false) F:\Program\wamp\www\WebExamSystem1\Application\Home\Controller\IndexController.class.php 第 4 行.
SQL: SHOW COLUMNS FROM `ex_user` [ RunTime:0.0041s ]
SQL: SELECT * FROM `ex_user` WHERE `id` = 2  [ RunTime:0.0004s ]
SQL: SHOW COLUMNS FROM `ex_paper` [ RunTime:0.0037s ]
SQL: SELECT * FROM `ex_paper` WHERE `iUserid` = 2 AND `iTestType` = 1 AND `iPapState` <> 2  [ RunTime:0.0004s ]
INFO: [ view_parse ] --START--
INFO: [ template_filter ] --START--
INFO: Run Behavior\ContentReplaceBehavior [ RunTime:0.000101s ]
INFO: [ template_filter ] --END-- [ RunTime:0.000236s ]
INFO: Run Behavior\ParseTemplateBehavior [ RunTime:0.013231s ]
INFO: [ view_parse ] --END-- [ RunTime:0.013376s ]
INFO: [ view_filter ] --START--
INFO: Run Behavior\WriteHtmlCacheBehavior [ RunTime:0.000535s ]
INFO: [ view_filter ] --END-- [ RunTime:0.000659s ]
INFO: [ app_end ] --START--
INFO: Run Behavior\ShowPageTraceBehavior [ RunTime:0.000715s ]
INFO: [ app_end ] --END-- [ RunTime:0.000844s ]

[ 2017-06-15T10:05:13+08:00 ] ::1 /WebExamSystem1/index.php/Home/Index/historylist.html
INFO: [ app_init ] --START--
INFO: Run Behavior\BuildLiteBehavior [ RunTime:0.000068s ]
INFO: [ app_init ] --END-- [ RunTime:0.001288s ]
INFO: [ app_begin ] --START--
INFO: Run Behavior\ReadHtmlCacheBehavior [ RunTime:0.001234s ]
INFO: [ app_begin ] --END-- [ RunTime:0.001511s ]
NOTIC: [2048] Declaration of Home\Controller\IndexController::success() should be compatible with Think\Controller::success($message = '', $jumpUrl = '', $ajax = false) F:\Program\wamp\www\WebExamSystem1\Application\Home\Controller\IndexController.class.php 第 4 行.
SQL: SHOW COLUMNS FROM `ex_user` [ RunTime:0.0033s ]
SQL: SELECT * FROM `ex_user` WHERE `id` = 2  [ RunTime:0.0003s ]
SQL: SHOW COLUMNS FROM `ex_paper` [ RunTime:0.0031s ]
SQL: SELECT * FROM `ex_paper` WHERE `iUserid` = 2 AND `iPapState` = 2  [ RunTime:0.0003s ]
INFO: [ view_parse ] --START--
INFO: [ template_filter ] --START--
INFO: Run Behavior\ContentReplaceBehavior [ RunTime:0.000097s ]
INFO: [ template_filter ] --END-- [ RunTime:0.000229s ]
INFO: Run Behavior\ParseTemplateBehavior [ RunTime:0.014142s ]
INFO: [ view_parse ] --END-- [ RunTime:0.014271s ]
INFO: [ view_filter ] --START--
INFO: Run Behavior\WriteHtmlCacheBehavior [ RunTime:0.000564s ]
INFO: [ view_filter ] --END-- [ RunTime:0.000681s ]
INFO: [ app_end ] --START--
INFO: Run Behavior\ShowPageTraceBehavior [ RunTime:0.000746s ]
INFO: [ app_end ] --END-- [ RunTime:0.000867s ]

[ 2017-06-15T10:05:21+08:00 ] ::1 /WebExamSystem1/index.php/Home/Index/historypaper/id/3.html
INFO: [ app_init ] --START--
INFO: Run Behavior\BuildLiteBehavior [ RunTime:0.000061s ]
INFO: [ app_init ] --END-- [ RunTime:0.001115s ]
INFO: [ app_begin ] --START--
INFO: Run Behavior\ReadHtmlCacheBehavior [ RunTime:0.001173s ]
INFO: [ app_begin ] --END-- [ RunTime:0.001423s ]
NOTIC: [2048] Declaration of Home\Controller\IndexController::success() should be compatible with Think\Controller::success($message = '', $jumpUrl = '', $ajax = false) F:\Program\wamp\www\WebExamSystem1\Application\Home\Controller\IndexController.class.php 第 4 行.
SQL: SHOW COLUMNS FROM `ex_user` [ RunTime:0.0032s ]
SQL: SELECT * FROM `ex_user` WHERE `id` = 2  [ RunTime:0.0003s ]
SQL: SHOW COLUMNS FROM `ex_paper` [ RunTime:0.0030s ]
SQL: SELECT * FROM `ex_paper` WHERE `id` = 3  [ RunTime:0.0003s ]
INFO: [ view_parse ] --START--
INFO: [ template_filter ] --START--
INFO: Run Behavior\ContentReplaceBehavior [ RunTime:0.000103s ]
INFO: [ template_filter ] --END-- [ RunTime:0.000234s ]
INFO: Run Behavior\ParseTemplateBehavior [ RunTime:0.011561s ]
INFO: [ view_parse ] --END-- [ RunTime:0.011701s ]
INFO: [ view_filter ] --START--
INFO: Run Behavior\WriteHtmlCacheBehavior [ RunTime:0.000521s ]
INFO: [ view_filter ] --END-- [ RunTime:0.000640s ]
INFO: [ app_end ] --START--
INFO: Run Behavior\ShowPageTraceBehavior [ RunTime:0.000698s ]
INFO: [ app_end ] --END-- [ RunTime:0.000817s ]

[ 2017-06-15T10:06:05+08:00 ] ::1 /WebExamSystem1/index.php/Home/Index/index.html
INFO: [ app_init ] --START--
INFO: Run Behavior\BuildLiteBehavior [ RunTime:0.000041s ]
INFO: [ app_init ] --END-- [ RunTime:0.000622s ]
INFO: [ app_begin ] --START--
INFO: Run Behavior\ReadHtmlCacheBehavior [ RunTime:0.000648s ]
INFO: [ app_begin ] --END-- [ RunTime:0.000773s ]
NOTIC: [2048] Declaration of Home\Controller\IndexController::success() should be compatible with Think\Controller::success($message = '', $jumpUrl = '', $ajax = false) F:\Program\wamp\www\WebExamSystem1\Application\Home\Controller\IndexController.class.php 第 4 行.
SQL: SHOW COLUMNS FROM `ex_user` [ RunTime:0.0098s ]
SQL: SELECT * FROM `ex_user` WHERE `id` = 2  [ RunTime:0.0007s ]
INFO: [ view_parse ] --START--
INFO: [ template_filter ] --START--
INFO: Run Behavior\ContentReplaceBehavior [ RunTime:0.000146s ]
INFO: [ template_filter ] --END-- [ RunTime:0.000355s ]
INFO: Run Behavior\ParseTemplateBehavior [ RunTime:0.016953s ]
INFO: [ view_parse ] --END-- [ RunTime:0.017176s ]
INFO: [ view_filter ] --START--
INFO: Run Behavior\WriteHtmlCacheBehavior [ RunTime:0.000891s ]
INFO: [ view_filter ] --END-- [ RunTime:0.001084s ]
INFO: [ app_end ] --START--
INFO: Run Behavior\ShowPageTraceBehavior [ RunTime:0.001198s ]
INFO: [ app_end ] --END-- [ RunTime:0.001389s ]

