[ 2017-06-11T19:17:15+08:00 ] ::1 /WebExamSystem1/index.php/Admin/Index/index.html
INFO: [ app_init ] --START--
INFO: Run Behavior\BuildLiteBehavior [ RunTime:0.000021s ]
INFO: [ app_init ] --END-- [ RunTime:0.000370s ]
INFO: [ app_begin ] --START--
INFO: Run Behavior\ReadHtmlCacheBehavior [ RunTime:0.000365s ]
INFO: [ app_begin ] --END-- [ RunTime:0.000462s ]
SQL: SHOW COLUMNS FROM `ex_user` [ RunTime:0.0021s ]
SQL: SELECT * FROM `ex_user` WHERE `id` = null  [ RunTime:0.0002s ]

[ 2017-06-11T19:17:15+08:00 ] ::1 /WebExamSystem1/index.php/Admin/Login/error.html
INFO: [ app_init ] --START--
INFO: Run Behavior\BuildLiteBehavior [ RunTime:0.000019s ]
INFO: [ app_init ] --END-- [ RunTime:0.000294s ]
INFO: [ app_begin ] --START--
INFO: Run Behavior\ReadHtmlCacheBehavior [ RunTime:0.000298s ]
INFO: [ app_begin ] --END-- [ RunTime:0.000382s ]
NOTIC: [2048] Declaration of Admin\Controller\LoginController::error() should be compatible with Think\Controller::error($message = '', $jumpUrl = '', $ajax = false) F:\Program\wamp\www\WebExamSystem1\Application\Admin\Controller\LoginController.class.php 第 4 行.
INFO: [ view_parse ] --START--
INFO: [ template_filter ] --START--
INFO: Run Behavior\ContentReplaceBehavior [ RunTime:0.000056s ]
INFO: [ template_filter ] --END-- [ RunTime:0.000148s ]
INFO: Run Behavior\ParseTemplateBehavior [ RunTime:0.038086s ]
INFO: [ view_parse ] --END-- [ RunTime:0.038175s ]
INFO: [ view_filter ] --START--
INFO: Run Behavior\WriteHtmlCacheBehavior [ RunTime:0.000259s ]
INFO: [ view_filter ] --END-- [ RunTime:0.000336s ]
INFO: [ app_end ] --START--
INFO: Run Behavior\ShowPageTraceBehavior [ RunTime:0.000389s ]
INFO: [ app_end ] --END-- [ RunTime:0.000471s ]

[ 2017-06-11T19:17:17+08:00 ] ::1 /WebExamSystem1/index.php/Admin/Login/index.html
INFO: [ app_init ] --START--
INFO: Run Behavior\BuildLiteBehavior [ RunTime:0.000019s ]
INFO: [ app_init ] --END-- [ RunTime:0.000307s ]
INFO: [ app_begin ] --START--
INFO: Run Behavior\ReadHtmlCacheBehavior [ RunTime:0.000343s ]
INFO: [ app_begin ] --END-- [ RunTime:0.000438s ]
NOTIC: [2048] Declaration of Admin\Controller\LoginController::error() should be compatible with Think\Controller::error($message = '', $jumpUrl = '', $ajax = false) F:\Program\wamp\www\WebExamSystem1\Application\Admin\Controller\LoginController.class.php 第 4 行.
INFO: [ view_parse ] --START--
INFO: [ template_filter ] --START--
INFO: Run Behavior\ContentReplaceBehavior [ RunTime:0.000068s ]
INFO: [ template_filter ] --END-- [ RunTime:0.000165s ]
INFO: Run Behavior\ParseTemplateBehavior [ RunTime:0.026094s ]
INFO: [ view_parse ] --END-- [ RunTime:0.026207s ]
INFO: [ view_filter ] --START--
INFO: Run Behavior\WriteHtmlCacheBehavior [ RunTime:0.000289s ]
INFO: [ view_filter ] --END-- [ RunTime:0.000368s ]
INFO: [ app_end ] --START--
INFO: Run Behavior\ShowPageTraceBehavior [ RunTime:0.000437s ]
INFO: [ app_end ] --END-- [ RunTime:0.000522s ]

[ 2017-06-11T19:17:23+08:00 ] ::1 /WebExamSystem1/index.php/Admin/Login/login
INFO: [ app_init ] --START--
INFO: Run Behavior\BuildLiteBehavior [ RunTime:0.000019s ]
INFO: [ app_init ] --END-- [ RunTime:0.000348s ]
INFO: [ app_begin ] --START--
INFO: Run Behavior\ReadHtmlCacheBehavior [ RunTime:0.000390s ]
INFO: [ app_begin ] --END-- [ RunTime:0.000479s ]
NOTIC: [2048] Declaration of Admin\Controller\LoginController::error() should be compatible with Think\Controller::error($message = '', $jumpUrl = '', $ajax = false) F:\Program\wamp\www\WebExamSystem1\Application\Admin\Controller\LoginController.class.php 第 4 行.
SQL: SHOW COLUMNS FROM `ex_user` [ RunTime:0.0062s ]
SQL: SELECT * FROM `ex_user` WHERE `cUser` = '001'  [ RunTime:0.0002s ]
SQL: SELECT * FROM `ex_user` WHERE `cUser` = '001'  [ RunTime:0.0002s ]
SQL: SELECT * FROM `ex_user` WHERE `cUser` = '001'  [ RunTime:0.0001s ]

[ 2017-06-11T19:17:23+08:00 ] ::1 /WebExamSystem1/index.php/Admin/Index/index
INFO: [ app_init ] --START--
INFO: Run Behavior\BuildLiteBehavior [ RunTime:0.000018s ]
INFO: [ app_init ] --END-- [ RunTime:0.000280s ]
INFO: [ app_begin ] --START--
INFO: Run Behavior\ReadHtmlCacheBehavior [ RunTime:0.000363s ]
INFO: [ app_begin ] --END-- [ RunTime:0.000452s ]
SQL: SHOW COLUMNS FROM `ex_user` [ RunTime:0.0021s ]
SQL: SELECT * FROM `ex_user` WHERE `id` = 1  [ RunTime:0.0003s ]
SQL: SHOW COLUMNS FROM `ex_pselect` [ RunTime:0.0021s ]
SQL: SHOW COLUMNS FROM `ex_pfillblank` [ RunTime:0.0017s ]
SQL: SHOW COLUMNS FROM `ex_pjudge` [ RunTime:0.0020s ]
SQL: SHOW COLUMNS FROM `ex_preadcode` [ RunTime:0.0019s ]
SQL: SHOW COLUMNS FROM `ex_pcode` [ RunTime:0.0018s ]
SQL: SHOW COLUMNS FROM `ex_pwcode` [ RunTime:0.0019s ]
SQL: SELECT * FROM `ex_pselect`  [ RunTime:0.0003s ]
SQL: SELECT * FROM `ex_pfillblank`  [ RunTime:0.0001s ]
SQL: SELECT * FROM `ex_pjudge`  [ RunTime:0.0002s ]
SQL: SELECT * FROM `ex_preadcode`  [ RunTime:0.0001s ]
SQL: SELECT * FROM `ex_pcode`  [ RunTime:0.0001s ]
NOTIC: [8] Undefined variable: subjects F:\Program\wamp\www\WebExamSystem1\Application\Admin\Controller\IndexController.class.php 第 10 行.
INFO: [ view_parse ] --START--
INFO: [ template_filter ] --START--
INFO: Run Behavior\ContentReplaceBehavior [ RunTime:0.000077s ]
INFO: [ template_filter ] --END-- [ RunTime:0.000170s ]
INFO: Run Behavior\ParseTemplateBehavior [ RunTime:0.062219s ]
INFO: [ view_parse ] --END-- [ RunTime:0.062320s ]
INFO: [ view_filter ] --START--
INFO: Run Behavior\WriteHtmlCacheBehavior [ RunTime:0.000269s ]
INFO: [ view_filter ] --END-- [ RunTime:0.000347s ]
INFO: [ app_end ] --START--
INFO: Run Behavior\ShowPageTraceBehavior [ RunTime:0.000385s ]
INFO: [ app_end ] --END-- [ RunTime:0.000468s ]

[ 2017-06-11T19:17:29+08:00 ] ::1 /WebExamSystem1/index.php/Admin/Problem/select.html
INFO: [ app_init ] --START--
INFO: Run Behavior\BuildLiteBehavior [ RunTime:0.000019s ]
INFO: [ app_init ] --END-- [ RunTime:0.000281s ]
INFO: [ app_begin ] --START--
INFO: Run Behavior\ReadHtmlCacheBehavior [ RunTime:0.000334s ]
INFO: [ app_begin ] --END-- [ RunTime:0.000421s ]
SQL: SHOW COLUMNS FROM `ex_user` [ RunTime:0.0061s ]
SQL: SELECT * FROM `ex_user` WHERE `id` = 1  [ RunTime:0.0002s ]
SQL: select a.id,b.cName as subName,c.cName as capName,a.tTitle from ex_pselect as a,ex_subject as b, ex_chapter as c where a.iSubid = b.id and a.iChaid = c.id; [ RunTime:0.0003s ]
SQL: SHOW COLUMNS FROM `ex_pselect` [ RunTime:0.0018s ]
SQL: SHOW COLUMNS FROM `ex_pfillblank` [ RunTime:0.0016s ]
SQL: SHOW COLUMNS FROM `ex_pjudge` [ RunTime:0.0020s ]
SQL: SHOW COLUMNS FROM `ex_preadcode` [ RunTime:0.0020s ]
SQL: SHOW COLUMNS FROM `ex_pcode` [ RunTime:0.0017s ]
SQL: SHOW COLUMNS FROM `ex_pwcode` [ RunTime:0.0016s ]
SQL: SELECT * FROM `ex_pselect`  [ RunTime:0.0002s ]
INFO: [ view_parse ] --START--
INFO: [ template_filter ] --START--
INFO: Run Behavior\ContentReplaceBehavior [ RunTime:0.000087s ]
INFO: [ template_filter ] --END-- [ RunTime:0.000194s ]
INFO: Run Behavior\ParseTemplateBehavior [ RunTime:0.032143s ]
INFO: [ view_parse ] --END-- [ RunTime:0.032240s ]
INFO: [ view_filter ] --START--
INFO: Run Behavior\WriteHtmlCacheBehavior [ RunTime:0.000344s ]
INFO: [ view_filter ] --END-- [ RunTime:0.000421s ]
INFO: [ app_end ] --START--
INFO: Run Behavior\ShowPageTraceBehavior [ RunTime:0.000414s ]
INFO: [ app_end ] --END-- [ RunTime:0.000497s ]

[ 2017-06-11T19:17:30+08:00 ] ::1 /WebExamSystem1/index.php/Admin/Problem/wCode.html
INFO: [ app_init ] --START--
INFO: Run Behavior\BuildLiteBehavior [ RunTime:0.000019s ]
INFO: [ app_init ] --END-- [ RunTime:0.000291s ]
INFO: [ app_begin ] --START--
INFO: Run Behavior\ReadHtmlCacheBehavior [ RunTime:0.000344s ]
INFO: [ app_begin ] --END-- [ RunTime:0.000431s ]
SQL: SHOW COLUMNS FROM `ex_user` [ RunTime:0.0020s ]
SQL: SELECT * FROM `ex_user` WHERE `id` = 1  [ RunTime:0.0002s ]
SQL: select a.id,b.cName as subName,c.cName as capName,a.tTitle from ex_pwcode as a,ex_subject as b, ex_chapter as c where a.iSubid = b.id and a.iChaid = c.id; [ RunTime:0.0002s ]
NOTIC: [8] Undefined offset: 1 F:\Program\wamp\www\WebExamSystem1\Application\Admin\Controller\ProblemController.class.php 第 487 行.
SQL: SHOW COLUMNS FROM `ex_pselect` [ RunTime:0.0018s ]
SQL: SHOW COLUMNS FROM `ex_pfillblank` [ RunTime:0.0019s ]
SQL: SHOW COLUMNS FROM `ex_pjudge` [ RunTime:0.0018s ]
SQL: SHOW COLUMNS FROM `ex_preadcode` [ RunTime:0.0018s ]
SQL: SHOW COLUMNS FROM `ex_pcode` [ RunTime:0.0017s ]
SQL: SHOW COLUMNS FROM `ex_pwcode` [ RunTime:0.0020s ]
SQL: SELECT * FROM `ex_pwcode`  [ RunTime:0.0002s ]
INFO: [ view_parse ] --START--
INFO: [ template_filter ] --START--
INFO: Run Behavior\ContentReplaceBehavior [ RunTime:0.000078s ]
INFO: [ template_filter ] --END-- [ RunTime:0.000169s ]
INFO: Run Behavior\ParseTemplateBehavior [ RunTime:0.032299s ]
INFO: [ view_parse ] --END-- [ RunTime:0.032418s ]
INFO: [ view_filter ] --START--
INFO: Run Behavior\WriteHtmlCacheBehavior [ RunTime:0.000336s ]
INFO: [ view_filter ] --END-- [ RunTime:0.000416s ]
INFO: [ app_end ] --START--
INFO: Run Behavior\ShowPageTraceBehavior [ RunTime:0.000440s ]
INFO: [ app_end ] --END-- [ RunTime:0.000529s ]

[ 2017-06-11T19:17:30+08:00 ] ::1 /WebExamSystem1/index.php/Admin/Problem/code.html
INFO: [ app_init ] --START--
INFO: Run Behavior\BuildLiteBehavior [ RunTime:0.000019s ]
INFO: [ app_init ] --END-- [ RunTime:0.000341s ]
INFO: [ app_begin ] --START--
INFO: Run Behavior\ReadHtmlCacheBehavior [ RunTime:0.000396s ]
INFO: [ app_begin ] --END-- [ RunTime:0.000489s ]
SQL: SHOW COLUMNS FROM `ex_user` [ RunTime:0.0018s ]
SQL: SELECT * FROM `ex_user` WHERE `id` = 1  [ RunTime:0.0002s ]
SQL: select a.id,b.cName as subName,c.cName as capName,a.tTitle from ex_pcode as a,ex_subject as b, ex_chapter as c where a.iSubid = b.id and a.iChaid = c.id; [ RunTime:0.0002s ]
NOTIC: [8] Undefined offset: 2 F:\Program\wamp\www\WebExamSystem1\Application\Admin\Controller\ProblemController.class.php 第 430 行.
SQL: SHOW COLUMNS FROM `ex_pselect` [ RunTime:0.0019s ]
SQL: SHOW COLUMNS FROM `ex_pfillblank` [ RunTime:0.0018s ]
SQL: SHOW COLUMNS FROM `ex_pjudge` [ RunTime:0.0017s ]
SQL: SHOW COLUMNS FROM `ex_preadcode` [ RunTime:0.0020s ]
SQL: SHOW COLUMNS FROM `ex_pcode` [ RunTime:0.0019s ]
SQL: SHOW COLUMNS FROM `ex_pwcode` [ RunTime:0.0016s ]
SQL: SELECT * FROM `ex_pcode`  [ RunTime:0.0002s ]
INFO: [ view_parse ] --START--
INFO: [ template_filter ] --START--
INFO: Run Behavior\ContentReplaceBehavior [ RunTime:0.000083s ]
INFO: [ template_filter ] --END-- [ RunTime:0.000176s ]
INFO: Run Behavior\ParseTemplateBehavior [ RunTime:0.028187s ]
INFO: [ view_parse ] --END-- [ RunTime:0.028295s ]
INFO: [ view_filter ] --START--
INFO: Run Behavior\WriteHtmlCacheBehavior [ RunTime:0.000306s ]
INFO: [ view_filter ] --END-- [ RunTime:0.000382s ]
INFO: [ app_end ] --START--
INFO: Run Behavior\ShowPageTraceBehavior [ RunTime:0.000431s ]
INFO: [ app_end ] --END-- [ RunTime:0.000515s ]

[ 2017-06-11T19:17:33+08:00 ] ::1 /WebExamSystem1/index.php/Admin/Problem/codeedit/id/1/op/1.html
INFO: [ app_init ] --START--
INFO: Run Behavior\BuildLiteBehavior [ RunTime:0.000020s ]
INFO: [ app_init ] --END-- [ RunTime:0.000332s ]
INFO: [ app_begin ] --START--
INFO: Run Behavior\ReadHtmlCacheBehavior [ RunTime:0.000389s ]
INFO: [ app_begin ] --END-- [ RunTime:0.000500s ]
SQL: SHOW COLUMNS FROM `ex_user` [ RunTime:0.0018s ]
SQL: SELECT * FROM `ex_user` WHERE `id` = 1  [ RunTime:0.0002s ]
SQL: SHOW COLUMNS FROM `ex_pcode` [ RunTime:0.0018s ]
SQL: SELECT * FROM `ex_pcode` WHERE `id` = 1  [ RunTime:0.0002s ]
SQL: SHOW COLUMNS FROM `ex_subject` [ RunTime:0.0017s ]
SQL: SELECT * FROM `ex_subject` WHERE `id` = 1  [ RunTime:0.0001s ]
NOTIC: [8] Use of undefined constant cname - assumed 'cname' F:\Program\wamp\www\WebExamSystem1\Application\Common\Model\ProblemModel.class.php 第 210 行.
SQL: SHOW COLUMNS FROM `ex_chapter` [ RunTime:0.0017s ]
SQL: SELECT * FROM `ex_chapter` WHERE `id` = 1  [ RunTime:0.0002s ]
NOTIC: [8] Use of undefined constant cname - assumed 'cname' F:\Program\wamp\www\WebExamSystem1\Application\Common\Model\ProblemModel.class.php 第 217 行.
INFO: [ view_parse ] --START--
INFO: [ template_filter ] --START--
INFO: Run Behavior\ContentReplaceBehavior [ RunTime:0.000098s ]
INFO: [ template_filter ] --END-- [ RunTime:0.000191s ]
INFO: Run Behavior\ParseTemplateBehavior [ RunTime:0.062318s ]
INFO: [ view_parse ] --END-- [ RunTime:0.062427s ]
INFO: [ view_filter ] --START--
INFO: Run Behavior\WriteHtmlCacheBehavior [ RunTime:0.000269s ]
INFO: [ view_filter ] --END-- [ RunTime:0.000346s ]
INFO: [ app_end ] --START--
INFO: Run Behavior\ShowPageTraceBehavior [ RunTime:0.000404s ]
INFO: [ app_end ] --END-- [ RunTime:0.000487s ]

[ 2017-06-11T19:24:02+08:00 ] ::1 /WebExamSystem1/index.php/Admin/Problem/setCode/id/1.html
INFO: [ app_init ] --START--
INFO: Run Behavior\BuildLiteBehavior [ RunTime:0.000021s ]
INFO: [ app_init ] --END-- [ RunTime:0.000361s ]
INFO: [ app_begin ] --START--
INFO: Run Behavior\ReadHtmlCacheBehavior [ RunTime:0.000381s ]
INFO: [ app_begin ] --END-- [ RunTime:0.000469s ]
SQL: SHOW COLUMNS FROM `ex_pcode` [ RunTime:0.0066s ]
SQL: UPDATE `ex_pcode` SET `iSubid`='1',`iChaid`='1',`tTitle`='本程序输出倒三角，请补全程序中所缺部分。 <br />
Const n As Integer = 5  <br />
Private Sub Form_Load() Form1.Show <br />
&nbsp&nbspFor i = n To 1 Step -1 Print Space(n - i); <br />
    For j = 1 To ______       <br />
&nbsp&nbsp&nbsp&nbsp&nbsp&nbsp&nbsp&nbsp&nbsp______   <br />
 &nbsp&nbsp&nbspNext j   <br />
&nbsp&nbspPrint <br />
&nbsp&nbspNext i<br />
End Sub ',`cCorrect1`='2 * i - 1',`cCorrect2`='Print &quot;*&quot;;',`cKey`='解析1' WHERE `id` = 1 [ RunTime:0.0328s ]

[ 2017-06-11T19:24:03+08:00 ] ::1 /WebExamSystem1/index.php/Admin/Problem/code.html
INFO: [ app_init ] --START--
INFO: Run Behavior\BuildLiteBehavior [ RunTime:0.000020s ]
INFO: [ app_init ] --END-- [ RunTime:0.000291s ]
INFO: [ app_begin ] --START--
INFO: Run Behavior\ReadHtmlCacheBehavior [ RunTime:0.000328s ]
INFO: [ app_begin ] --END-- [ RunTime:0.000412s ]
SQL: SHOW COLUMNS FROM `ex_user` [ RunTime:0.0019s ]
SQL: SELECT * FROM `ex_user` WHERE `id` = 1  [ RunTime:0.0002s ]
SQL: select a.id,b.cName as subName,c.cName as capName,a.tTitle from ex_pcode as a,ex_subject as b, ex_chapter as c where a.iSubid = b.id and a.iChaid = c.id; [ RunTime:0.0002s ]
NOTIC: [8] Undefined offset: 2 F:\Program\wamp\www\WebExamSystem1\Application\Admin\Controller\ProblemController.class.php 第 430 行.
SQL: SHOW COLUMNS FROM `ex_pselect` [ RunTime:0.0018s ]
SQL: SHOW COLUMNS FROM `ex_pfillblank` [ RunTime:0.0020s ]
SQL: SHOW COLUMNS FROM `ex_pjudge` [ RunTime:0.0022s ]
SQL: SHOW COLUMNS FROM `ex_preadcode` [ RunTime:0.0019s ]
SQL: SHOW COLUMNS FROM `ex_pcode` [ RunTime:0.0017s ]
SQL: SHOW COLUMNS FROM `ex_pwcode` [ RunTime:0.0017s ]
SQL: SELECT * FROM `ex_pcode`  [ RunTime:0.0002s ]
INFO: [ view_parse ] --START--
INFO: [ template_filter ] --START--
INFO: Run Behavior\ContentReplaceBehavior [ RunTime:0.000080s ]
INFO: [ template_filter ] --END-- [ RunTime:0.000174s ]
INFO: Run Behavior\ParseTemplateBehavior [ RunTime:0.011962s ]
INFO: [ view_parse ] --END-- [ RunTime:0.012057s ]
INFO: [ view_filter ] --START--
INFO: Run Behavior\WriteHtmlCacheBehavior [ RunTime:0.000304s ]
INFO: [ view_filter ] --END-- [ RunTime:0.000381s ]
INFO: [ app_end ] --START--
INFO: Run Behavior\ShowPageTraceBehavior [ RunTime:0.000428s ]
INFO: [ app_end ] --END-- [ RunTime:0.000548s ]

[ 2017-06-11T19:30:18+08:00 ] ::1 /WebExamSystem1/index.php/Admin/Index/index.html
INFO: [ app_init ] --START--
INFO: Run Behavior\BuildLiteBehavior [ RunTime:0.000019s ]
INFO: [ app_init ] --END-- [ RunTime:0.000314s ]
INFO: [ app_begin ] --START--
INFO: Run Behavior\ReadHtmlCacheBehavior [ RunTime:0.000364s ]
INFO: [ app_begin ] --END-- [ RunTime:0.000448s ]
SQL: SHOW COLUMNS FROM `ex_user` [ RunTime:0.0027s ]
SQL: SELECT * FROM `ex_user` WHERE `id` = null  [ RunTime:0.0001s ]

[ 2017-06-11T19:30:18+08:00 ] ::1 /WebExamSystem1/index.php/Admin/Login/error.html
INFO: [ app_init ] --START--
INFO: Run Behavior\BuildLiteBehavior [ RunTime:0.000021s ]
INFO: [ app_init ] --END-- [ RunTime:0.000359s ]
INFO: [ app_begin ] --START--
INFO: Run Behavior\ReadHtmlCacheBehavior [ RunTime:0.000413s ]
INFO: [ app_begin ] --END-- [ RunTime:0.000520s ]
NOTIC: [2048] Declaration of Admin\Controller\LoginController::error() should be compatible with Think\Controller::error($message = '', $jumpUrl = '', $ajax = false) F:\Program\wamp\www\WebExamSystem1\Application\Admin\Controller\LoginController.class.php 第 4 行.
INFO: [ view_parse ] --START--
INFO: [ template_filter ] --START--
INFO: Run Behavior\ContentReplaceBehavior [ RunTime:0.000058s ]
INFO: [ template_filter ] --END-- [ RunTime:0.000152s ]
INFO: Run Behavior\ParseTemplateBehavior [ RunTime:0.006468s ]
INFO: [ view_parse ] --END-- [ RunTime:0.006565s ]
INFO: [ view_filter ] --START--
INFO: Run Behavior\WriteHtmlCacheBehavior [ RunTime:0.000266s ]
INFO: [ view_filter ] --END-- [ RunTime:0.000343s ]
INFO: [ app_end ] --START--
INFO: Run Behavior\ShowPageTraceBehavior [ RunTime:0.000436s ]
INFO: [ app_end ] --END-- [ RunTime:0.000522s ]

[ 2017-06-11T19:30:20+08:00 ] ::1 /WebExamSystem1/index.php/Admin/Login/index.html
INFO: [ app_init ] --START--
INFO: Run Behavior\BuildLiteBehavior [ RunTime:0.000018s ]
INFO: [ app_init ] --END-- [ RunTime:0.000282s ]
INFO: [ app_begin ] --START--
INFO: Run Behavior\ReadHtmlCacheBehavior [ RunTime:0.000342s ]
INFO: [ app_begin ] --END-- [ RunTime:0.000428s ]
NOTIC: [2048] Declaration of Admin\Controller\LoginController::error() should be compatible with Think\Controller::error($message = '', $jumpUrl = '', $ajax = false) F:\Program\wamp\www\WebExamSystem1\Application\Admin\Controller\LoginController.class.php 第 4 行.
INFO: [ view_parse ] --START--
INFO: [ template_filter ] --START--
INFO: Run Behavior\ContentReplaceBehavior [ RunTime:0.000059s ]
INFO: [ template_filter ] --END-- [ RunTime:0.000149s ]
INFO: Run Behavior\ParseTemplateBehavior [ RunTime:0.006358s ]
INFO: [ view_parse ] --END-- [ RunTime:0.006448s ]
INFO: [ view_filter ] --START--
INFO: Run Behavior\WriteHtmlCacheBehavior [ RunTime:0.000258s ]
INFO: [ view_filter ] --END-- [ RunTime:0.000335s ]
INFO: [ app_end ] --START--
INFO: Run Behavior\ShowPageTraceBehavior [ RunTime:0.000390s ]
INFO: [ app_end ] --END-- [ RunTime:0.000472s ]

[ 2017-06-11T19:30:41+08:00 ] ::1 /WebExamSystem1/index.php/Admin/Login/login
INFO: [ app_init ] --START--
INFO: Run Behavior\BuildLiteBehavior [ RunTime:0.000035s ]
INFO: [ app_init ] --END-- [ RunTime:0.000528s ]
INFO: [ app_begin ] --START--
INFO: Run Behavior\ReadHtmlCacheBehavior [ RunTime:0.000465s ]
INFO: [ app_begin ] --END-- [ RunTime:0.000558s ]
NOTIC: [2048] Declaration of Admin\Controller\LoginController::error() should be compatible with Think\Controller::error($message = '', $jumpUrl = '', $ajax = false) F:\Program\wamp\www\WebExamSystem1\Application\Admin\Controller\LoginController.class.php 第 4 行.
SQL: SHOW COLUMNS FROM `ex_user` [ RunTime:0.0029s ]
SQL: SELECT * FROM `ex_user` WHERE `cUser` = '001'  [ RunTime:0.0002s ]
SQL: SELECT * FROM `ex_user` WHERE `cUser` = '001'  [ RunTime:0.0001s ]
SQL: SELECT * FROM `ex_user` WHERE `cUser` = '001'  [ RunTime:0.0001s ]

[ 2017-06-11T19:30:42+08:00 ] ::1 /WebExamSystem1/index.php/Admin/Index/index
INFO: [ app_init ] --START--
INFO: Run Behavior\BuildLiteBehavior [ RunTime:0.000019s ]
INFO: [ app_init ] --END-- [ RunTime:0.000290s ]
INFO: [ app_begin ] --START--
INFO: Run Behavior\ReadHtmlCacheBehavior [ RunTime:0.000340s ]
INFO: [ app_begin ] --END-- [ RunTime:0.000425s ]
SQL: SHOW COLUMNS FROM `ex_user` [ RunTime:0.0018s ]
SQL: SELECT * FROM `ex_user` WHERE `id` = 1  [ RunTime:0.0002s ]
SQL: SHOW COLUMNS FROM `ex_pselect` [ RunTime:0.0027s ]
SQL: SHOW COLUMNS FROM `ex_pfillblank` [ RunTime:0.0024s ]
SQL: SHOW COLUMNS FROM `ex_pjudge` [ RunTime:0.0026s ]
SQL: SHOW COLUMNS FROM `ex_preadcode` [ RunTime:0.0033s ]
SQL: SHOW COLUMNS FROM `ex_pcode` [ RunTime:0.0019s ]
SQL: SHOW COLUMNS FROM `ex_pwcode` [ RunTime:0.0017s ]
SQL: SELECT * FROM `ex_pselect`  [ RunTime:0.0003s ]
SQL: SELECT * FROM `ex_pfillblank`  [ RunTime:0.0001s ]
SQL: SELECT * FROM `ex_pjudge`  [ RunTime:0.0001s ]
SQL: SELECT * FROM `ex_preadcode`  [ RunTime:0.0001s ]
SQL: SELECT * FROM `ex_pcode`  [ RunTime:0.0001s ]
NOTIC: [8] Undefined variable: subjects F:\Program\wamp\www\WebExamSystem1\Application\Admin\Controller\IndexController.class.php 第 10 行.
INFO: [ view_parse ] --START--
INFO: [ template_filter ] --START--
INFO: Run Behavior\ContentReplaceBehavior [ RunTime:0.000085s ]
INFO: [ template_filter ] --END-- [ RunTime:0.000187s ]
INFO: Run Behavior\ParseTemplateBehavior [ RunTime:0.011867s ]
INFO: [ view_parse ] --END-- [ RunTime:0.011989s ]
INFO: [ view_filter ] --START--
INFO: Run Behavior\WriteHtmlCacheBehavior [ RunTime:0.000360s ]
INFO: [ view_filter ] --END-- [ RunTime:0.000486s ]
INFO: [ app_end ] --START--
INFO: Run Behavior\ShowPageTraceBehavior [ RunTime:0.000491s ]
INFO: [ app_end ] --END-- [ RunTime:0.000611s ]

[ 2017-06-11T19:33:49+08:00 ] ::1 /WebExamSystem1/index.php/Admin/Index/index
INFO: [ app_init ] --START--
INFO: Run Behavior\BuildLiteBehavior [ RunTime:0.000019s ]
INFO: [ app_init ] --END-- [ RunTime:0.000313s ]
INFO: [ app_begin ] --START--
INFO: Run Behavior\ReadHtmlCacheBehavior [ RunTime:0.000378s ]
INFO: [ app_begin ] --END-- [ RunTime:0.000466s ]
SQL: SHOW COLUMNS FROM `ex_user` [ RunTime:0.0021s ]
SQL: SELECT * FROM `ex_user` WHERE `id` = 1  [ RunTime:0.0002s ]
SQL: SHOW COLUMNS FROM `ex_pselect` [ RunTime:0.0027s ]
SQL: SHOW COLUMNS FROM `ex_pfillblank` [ RunTime:0.0020s ]
SQL: SHOW COLUMNS FROM `ex_pjudge` [ RunTime:0.0019s ]
SQL: SHOW COLUMNS FROM `ex_preadcode` [ RunTime:0.0027s ]
SQL: SHOW COLUMNS FROM `ex_pcode` [ RunTime:0.0024s ]
SQL: SHOW COLUMNS FROM `ex_pwcode` [ RunTime:0.0022s ]
SQL: SELECT * FROM `ex_pselect`  [ RunTime:0.0003s ]
SQL: SELECT * FROM `ex_pfillblank`  [ RunTime:0.0001s ]
SQL: SELECT * FROM `ex_pjudge`  [ RunTime:0.0001s ]
SQL: SELECT * FROM `ex_preadcode`  [ RunTime:0.0001s ]
SQL: SELECT * FROM `ex_pcode`  [ RunTime:0.0002s ]
NOTIC: [8] Undefined variable: subjects F:\Program\wamp\www\WebExamSystem1\Application\Admin\Controller\IndexController.class.php 第 10 行.
INFO: [ view_parse ] --START--
INFO: [ template_filter ] --START--
INFO: Run Behavior\ContentReplaceBehavior [ RunTime:0.000074s ]
INFO: [ template_filter ] --END-- [ RunTime:0.000168s ]
INFO: Run Behavior\ParseTemplateBehavior [ RunTime:0.043632s ]
INFO: [ view_parse ] --END-- [ RunTime:0.043751s ]
INFO: [ view_filter ] --START--
INFO: Run Behavior\WriteHtmlCacheBehavior [ RunTime:0.000275s ]
INFO: [ view_filter ] --END-- [ RunTime:0.000371s ]
INFO: [ app_end ] --START--
INFO: Run Behavior\ShowPageTraceBehavior [ RunTime:0.000396s ]
INFO: [ app_end ] --END-- [ RunTime:0.000477s ]

[ 2017-06-11T19:33:54+08:00 ] ::1 /WebExamSystem1/index.php/Admin/Index/index
INFO: [ app_init ] --START--
INFO: Run Behavior\BuildLiteBehavior [ RunTime:0.000019s ]
INFO: [ app_init ] --END-- [ RunTime:0.000297s ]
INFO: [ app_begin ] --START--
INFO: Run Behavior\ReadHtmlCacheBehavior [ RunTime:0.000355s ]
INFO: [ app_begin ] --END-- [ RunTime:0.000440s ]
SQL: SHOW COLUMNS FROM `ex_user` [ RunTime:0.0018s ]
SQL: SELECT * FROM `ex_user` WHERE `id` = 1  [ RunTime:0.0002s ]
SQL: SHOW COLUMNS FROM `ex_pselect` [ RunTime:0.0019s ]
SQL: SHOW COLUMNS FROM `ex_pfillblank` [ RunTime:0.0018s ]
SQL: SHOW COLUMNS FROM `ex_pjudge` [ RunTime:0.0019s ]
SQL: SHOW COLUMNS FROM `ex_preadcode` [ RunTime:0.0017s ]
SQL: SHOW COLUMNS FROM `ex_pcode` [ RunTime:0.0019s ]
SQL: SHOW COLUMNS FROM `ex_pwcode` [ RunTime:0.0020s ]
SQL: SELECT * FROM `ex_pselect`  [ RunTime:0.0004s ]
SQL: SELECT * FROM `ex_pfillblank`  [ RunTime:0.0002s ]
SQL: SELECT * FROM `ex_pjudge`  [ RunTime:0.0002s ]
SQL: SELECT * FROM `ex_preadcode`  [ RunTime:0.0001s ]
SQL: SELECT * FROM `ex_pcode`  [ RunTime:0.0001s ]
NOTIC: [8] Undefined variable: subjects F:\Program\wamp\www\WebExamSystem1\Application\Admin\Controller\IndexController.class.php 第 10 行.
INFO: [ view_parse ] --START--
INFO: [ template_filter ] --START--
INFO: Run Behavior\ContentReplaceBehavior [ RunTime:0.000072s ]
INFO: [ template_filter ] --END-- [ RunTime:0.000158s ]
INFO: Run Behavior\ParseTemplateBehavior [ RunTime:0.009183s ]
INFO: [ view_parse ] --END-- [ RunTime:0.009275s ]
INFO: [ view_filter ] --START--
INFO: Run Behavior\WriteHtmlCacheBehavior [ RunTime:0.000299s ]
INFO: [ view_filter ] --END-- [ RunTime:0.000381s ]
INFO: [ app_end ] --START--
INFO: Run Behavior\ShowPageTraceBehavior [ RunTime:0.000498s ]
INFO: [ app_end ] --END-- [ RunTime:0.000588s ]

[ 2017-06-11T19:33:55+08:00 ] ::1 /WebExamSystem1/index.php/Admin/Index/index
INFO: [ app_init ] --START--
INFO: Run Behavior\BuildLiteBehavior [ RunTime:0.000019s ]
INFO: [ app_init ] --END-- [ RunTime:0.000287s ]
INFO: [ app_begin ] --START--
INFO: Run Behavior\ReadHtmlCacheBehavior [ RunTime:0.000339s ]
INFO: [ app_begin ] --END-- [ RunTime:0.000425s ]
SQL: SHOW COLUMNS FROM `ex_user` [ RunTime:0.0020s ]
SQL: SELECT * FROM `ex_user` WHERE `id` = 1  [ RunTime:0.0002s ]
SQL: SHOW COLUMNS FROM `ex_pselect` [ RunTime:0.0021s ]
SQL: SHOW COLUMNS FROM `ex_pfillblank` [ RunTime:0.0018s ]
SQL: SHOW COLUMNS FROM `ex_pjudge` [ RunTime:0.0028s ]
SQL: SHOW COLUMNS FROM `ex_preadcode` [ RunTime:0.0022s ]
SQL: SHOW COLUMNS FROM `ex_pcode` [ RunTime:0.0019s ]
SQL: SHOW COLUMNS FROM `ex_pwcode` [ RunTime:0.0018s ]
SQL: SELECT * FROM `ex_pselect`  [ RunTime:0.0003s ]
SQL: SELECT * FROM `ex_pfillblank`  [ RunTime:0.0001s ]
SQL: SELECT * FROM `ex_pjudge`  [ RunTime:0.0001s ]
SQL: SELECT * FROM `ex_preadcode`  [ RunTime:0.0001s ]
SQL: SELECT * FROM `ex_pcode`  [ RunTime:0.0001s ]
NOTIC: [8] Undefined variable: subjects F:\Program\wamp\www\WebExamSystem1\Application\Admin\Controller\IndexController.class.php 第 10 行.
INFO: [ view_parse ] --START--
INFO: [ template_filter ] --START--
INFO: Run Behavior\ContentReplaceBehavior [ RunTime:0.000076s ]
INFO: [ template_filter ] --END-- [ RunTime:0.000176s ]
INFO: Run Behavior\ParseTemplateBehavior [ RunTime:0.009696s ]
INFO: [ view_parse ] --END-- [ RunTime:0.009787s ]
INFO: [ view_filter ] --START--
INFO: Run Behavior\WriteHtmlCacheBehavior [ RunTime:0.000282s ]
INFO: [ view_filter ] --END-- [ RunTime:0.000385s ]
INFO: [ app_end ] --START--
INFO: Run Behavior\ShowPageTraceBehavior [ RunTime:0.000424s ]
INFO: [ app_end ] --END-- [ RunTime:0.000522s ]

[ 2017-06-11T19:34:09+08:00 ] ::1 /WebExamSystem1/index.php/Admin/Index/index
INFO: [ app_init ] --START--
INFO: Run Behavior\BuildLiteBehavior [ RunTime:0.000019s ]
INFO: [ app_init ] --END-- [ RunTime:0.000387s ]
INFO: [ app_begin ] --START--
INFO: Run Behavior\ReadHtmlCacheBehavior [ RunTime:0.000368s ]
INFO: [ app_begin ] --END-- [ RunTime:0.000455s ]
SQL: SHOW COLUMNS FROM `ex_user` [ RunTime:0.0020s ]
SQL: SELECT * FROM `ex_user` WHERE `id` = 1  [ RunTime:0.0002s ]
SQL: SHOW COLUMNS FROM `ex_pselect` [ RunTime:0.0020s ]
SQL: SHOW COLUMNS FROM `ex_pfillblank` [ RunTime:0.0026s ]
SQL: SHOW COLUMNS FROM `ex_pjudge` [ RunTime:0.0019s ]
SQL: SHOW COLUMNS FROM `ex_preadcode` [ RunTime:0.0020s ]
SQL: SHOW COLUMNS FROM `ex_pcode` [ RunTime:0.0017s ]
SQL: SHOW COLUMNS FROM `ex_pwcode` [ RunTime:0.0017s ]
SQL: SELECT * FROM `ex_pselect`  [ RunTime:0.0003s ]
SQL: SELECT * FROM `ex_pfillblank`  [ RunTime:0.0002s ]
SQL: SELECT * FROM `ex_pjudge`  [ RunTime:0.0002s ]
SQL: SELECT * FROM `ex_preadcode`  [ RunTime:0.0001s ]
SQL: SELECT * FROM `ex_pcode`  [ RunTime:0.0002s ]
NOTIC: [8] Undefined variable: subjects F:\Program\wamp\www\WebExamSystem1\Application\Admin\Controller\IndexController.class.php 第 10 行.
INFO: [ view_parse ] --START--
INFO: [ template_filter ] --START--
INFO: Run Behavior\ContentReplaceBehavior [ RunTime:0.000073s ]
INFO: [ template_filter ] --END-- [ RunTime:0.000162s ]
INFO: Run Behavior\ParseTemplateBehavior [ RunTime:0.009679s ]
INFO: [ view_parse ] --END-- [ RunTime:0.009774s ]
INFO: [ view_filter ] --START--
INFO: Run Behavior\WriteHtmlCacheBehavior [ RunTime:0.000275s ]
INFO: [ view_filter ] --END-- [ RunTime:0.000352s ]
INFO: [ app_end ] --START--
INFO: Run Behavior\ShowPageTraceBehavior [ RunTime:0.000425s ]
INFO: [ app_end ] --END-- [ RunTime:0.000520s ]

[ 2017-06-11T19:34:10+08:00 ] ::1 /WebExamSystem1/index.php/Admin/Index/index
INFO: [ app_init ] --START--
INFO: Run Behavior\BuildLiteBehavior [ RunTime:0.000020s ]
INFO: [ app_init ] --END-- [ RunTime:0.000388s ]
INFO: [ app_begin ] --START--
INFO: Run Behavior\ReadHtmlCacheBehavior [ RunTime:0.000379s ]
INFO: [ app_begin ] --END-- [ RunTime:0.000480s ]
SQL: SHOW COLUMNS FROM `ex_user` [ RunTime:0.0026s ]
SQL: SELECT * FROM `ex_user` WHERE `id` = 1  [ RunTime:0.0003s ]
SQL: SHOW COLUMNS FROM `ex_pselect` [ RunTime:0.0020s ]
SQL: SHOW COLUMNS FROM `ex_pfillblank` [ RunTime:0.0017s ]
SQL: SHOW COLUMNS FROM `ex_pjudge` [ RunTime:0.0024s ]
SQL: SHOW COLUMNS FROM `ex_preadcode` [ RunTime:0.0026s ]
SQL: SHOW COLUMNS FROM `ex_pcode` [ RunTime:0.0019s ]
SQL: SHOW COLUMNS FROM `ex_pwcode` [ RunTime:0.0020s ]
SQL: SELECT * FROM `ex_pselect`  [ RunTime:0.0003s ]
SQL: SELECT * FROM `ex_pfillblank`  [ RunTime:0.0002s ]
SQL: SELECT * FROM `ex_pjudge`  [ RunTime:0.0002s ]
SQL: SELECT * FROM `ex_preadcode`  [ RunTime:0.0002s ]
SQL: SELECT * FROM `ex_pcode`  [ RunTime:0.0002s ]
NOTIC: [8] Undefined variable: subjects F:\Program\wamp\www\WebExamSystem1\Application\Admin\Controller\IndexController.class.php 第 10 行.
INFO: [ view_parse ] --START--
INFO: [ template_filter ] --START--
INFO: Run Behavior\ContentReplaceBehavior [ RunTime:0.000073s ]
INFO: [ template_filter ] --END-- [ RunTime:0.000160s ]
INFO: Run Behavior\ParseTemplateBehavior [ RunTime:0.009671s ]
INFO: [ view_parse ] --END-- [ RunTime:0.009790s ]
INFO: [ view_filter ] --START--
INFO: Run Behavior\WriteHtmlCacheBehavior [ RunTime:0.000281s ]
INFO: [ view_filter ] --END-- [ RunTime:0.000361s ]
INFO: [ app_end ] --START--
INFO: Run Behavior\ShowPageTraceBehavior [ RunTime:0.000386s ]
INFO: [ app_end ] --END-- [ RunTime:0.000479s ]

[ 2017-06-11T19:34:24+08:00 ] ::1 /WebExamSystem1/index.php/Admin/Index/index
INFO: [ app_init ] --START--
INFO: Run Behavior\BuildLiteBehavior [ RunTime:0.000019s ]
INFO: [ app_init ] --END-- [ RunTime:0.000313s ]
INFO: [ app_begin ] --START--
INFO: Run Behavior\ReadHtmlCacheBehavior [ RunTime:0.000372s ]
INFO: [ app_begin ] --END-- [ RunTime:0.000464s ]
SQL: SHOW COLUMNS FROM `ex_user` [ RunTime:0.0019s ]
SQL: SELECT * FROM `ex_user` WHERE `id` = 1  [ RunTime:0.0002s ]
SQL: SHOW COLUMNS FROM `ex_pselect` [ RunTime:0.0018s ]
SQL: SHOW COLUMNS FROM `ex_pfillblank` [ RunTime:0.0016s ]
SQL: SHOW COLUMNS FROM `ex_pjudge` [ RunTime:0.0020s ]
SQL: SHOW COLUMNS FROM `ex_preadcode` [ RunTime:0.0033s ]
SQL: SHOW COLUMNS FROM `ex_pcode` [ RunTime:0.0019s ]
SQL: SHOW COLUMNS FROM `ex_pwcode` [ RunTime:0.0025s ]
SQL: SELECT * FROM `ex_pselect`  [ RunTime:0.0003s ]
SQL: SELECT * FROM `ex_pfillblank`  [ RunTime:0.0001s ]
SQL: SELECT * FROM `ex_pjudge`  [ RunTime:0.0001s ]
SQL: SELECT * FROM `ex_preadcode`  [ RunTime:0.0001s ]
SQL: SELECT * FROM `ex_pcode`  [ RunTime:0.0001s ]
NOTIC: [8] Undefined variable: subjects F:\Program\wamp\www\WebExamSystem1\Application\Admin\Controller\IndexController.class.php 第 10 行.
INFO: [ view_parse ] --START--
INFO: [ template_filter ] --START--
INFO: Run Behavior\ContentReplaceBehavior [ RunTime:0.000105s ]
INFO: [ template_filter ] --END-- [ RunTime:0.000227s ]
NOTIC: [8] Undefined variable: key F:\Program\wamp\www\WebExamSystem1\Application\Runtime\Cache\Admin\b595b808c2ebeeeb0478ffc30bb4e87a.php 第 79 行.
NOTIC: [8] Use of undefined constant 无名称 - assumed '无名称' F:\Program\wamp\www\WebExamSystem1\Application\Runtime\Cache\Admin\b595b808c2ebeeeb0478ffc30bb4e87a.php 第 79 行.
INFO: Run Behavior\ParseTemplateBehavior [ RunTime:0.009029s ]
INFO: [ view_parse ] --END-- [ RunTime:0.009119s ]
INFO: [ view_filter ] --START--
INFO: Run Behavior\WriteHtmlCacheBehavior [ RunTime:0.000342s ]
INFO: [ view_filter ] --END-- [ RunTime:0.000445s ]
INFO: [ app_end ] --START--
INFO: Run Behavior\ShowPageTraceBehavior [ RunTime:0.000410s ]
INFO: [ app_end ] --END-- [ RunTime:0.000493s ]

[ 2017-06-11T19:34:46+08:00 ] ::1 /WebExamSystem1/index.php/Admin/Problem/select.html
INFO: [ app_init ] --START--
INFO: Run Behavior\BuildLiteBehavior [ RunTime:0.000021s ]
INFO: [ app_init ] --END-- [ RunTime:0.000333s ]
INFO: [ app_begin ] --START--
INFO: Run Behavior\ReadHtmlCacheBehavior [ RunTime:0.000372s ]
INFO: [ app_begin ] --END-- [ RunTime:0.000466s ]
SQL: SHOW COLUMNS FROM `ex_user` [ RunTime:0.0023s ]
SQL: SELECT * FROM `ex_user` WHERE `id` = 1  [ RunTime:0.0002s ]
SQL: select a.id,b.cName as subName,c.cName as capName,a.tTitle from ex_pselect as a,ex_subject as b, ex_chapter as c where a.iSubid = b.id and a.iChaid = c.id; [ RunTime:0.0003s ]
SQL: SHOW COLUMNS FROM `ex_pselect` [ RunTime:0.0020s ]
SQL: SHOW COLUMNS FROM `ex_pfillblank` [ RunTime:0.0020s ]
SQL: SHOW COLUMNS FROM `ex_pjudge` [ RunTime:0.0020s ]
SQL: SHOW COLUMNS FROM `ex_preadcode` [ RunTime:0.0021s ]
SQL: SHOW COLUMNS FROM `ex_pcode` [ RunTime:0.0019s ]
SQL: SHOW COLUMNS FROM `ex_pwcode` [ RunTime:0.0019s ]
SQL: SELECT * FROM `ex_pselect`  [ RunTime:0.0003s ]
INFO: [ view_parse ] --START--
INFO: [ template_filter ] --START--
INFO: Run Behavior\ContentReplaceBehavior [ RunTime:0.000078s ]
INFO: [ template_filter ] --END-- [ RunTime:0.000169s ]
INFO: Run Behavior\ParseTemplateBehavior [ RunTime:0.018573s ]
INFO: [ view_parse ] --END-- [ RunTime:0.018672s ]
INFO: [ view_filter ] --START--
INFO: Run Behavior\WriteHtmlCacheBehavior [ RunTime:0.000316s ]
INFO: [ view_filter ] --END-- [ RunTime:0.000394s ]
INFO: [ app_end ] --START--
INFO: Run Behavior\ShowPageTraceBehavior [ RunTime:0.000466s ]
INFO: [ app_end ] --END-- [ RunTime:0.000556s ]

[ 2017-06-11T19:35:06+08:00 ] ::1 /WebExamSystem1/index.php/Admin/Problem/selectadd.html
INFO: [ app_init ] --START--
INFO: Run Behavior\BuildLiteBehavior [ RunTime:0.000018s ]
INFO: [ app_init ] --END-- [ RunTime:0.000292s ]
INFO: [ app_begin ] --START--
INFO: Run Behavior\ReadHtmlCacheBehavior [ RunTime:0.000300s ]
INFO: [ app_begin ] --END-- [ RunTime:0.000386s ]
SQL: SHOW COLUMNS FROM `ex_user` [ RunTime:0.0022s ]
SQL: SELECT * FROM `ex_user` WHERE `id` = 1  [ RunTime:0.0002s ]
SQL: SHOW COLUMNS FROM `ex_subject` [ RunTime:0.0021s ]
SQL: SELECT * FROM `ex_subject`  [ RunTime:0.0002s ]
INFO: [ view_parse ] --START--
INFO: [ template_filter ] --START--
INFO: Run Behavior\ContentReplaceBehavior [ RunTime:0.000092s ]
INFO: [ template_filter ] --END-- [ RunTime:0.000217s ]
INFO: Run Behavior\ParseTemplateBehavior [ RunTime:0.020461s ]
INFO: [ view_parse ] --END-- [ RunTime:0.020562s ]
INFO: [ view_filter ] --START--
INFO: Run Behavior\WriteHtmlCacheBehavior [ RunTime:0.000345s ]
INFO: [ view_filter ] --END-- [ RunTime:0.000426s ]
INFO: [ app_end ] --START--
INFO: Run Behavior\ShowPageTraceBehavior [ RunTime:0.000524s ]
INFO: [ app_end ] --END-- [ RunTime:0.000615s ]

[ 2017-06-11T19:35:06+08:00 ] ::1 /WebExamSystem1/index.php/Admin/Problem/getAllChapter
INFO: [ app_init ] --START--
INFO: Run Behavior\BuildLiteBehavior [ RunTime:0.000027s ]
INFO: [ app_init ] --END-- [ RunTime:0.000573s ]
INFO: [ app_begin ] --START--
INFO: Run Behavior\ReadHtmlCacheBehavior [ RunTime:0.000320s ]
INFO: [ app_begin ] --END-- [ RunTime:0.000397s ]
SQL: SHOW COLUMNS FROM `ex_chapter` [ RunTime:0.0022s ]
SQL: SELECT * FROM `ex_chapter`  [ RunTime:0.0002s ]

[ 2017-06-11T19:35:27+08:00 ] ::1 /WebExamSystem1/index.php/Admin/Problem/select.html
INFO: [ app_init ] --START--
INFO: Run Behavior\BuildLiteBehavior [ RunTime:0.000019s ]
INFO: [ app_init ] --END-- [ RunTime:0.000291s ]
INFO: [ app_begin ] --START--
INFO: Run Behavior\ReadHtmlCacheBehavior [ RunTime:0.000487s ]
INFO: [ app_begin ] --END-- [ RunTime:0.000584s ]
SQL: SHOW COLUMNS FROM `ex_user` [ RunTime:0.0021s ]
SQL: SELECT * FROM `ex_user` WHERE `id` = 1  [ RunTime:0.0002s ]
SQL: select a.id,b.cName as subName,c.cName as capName,a.tTitle from ex_pselect as a,ex_subject as b, ex_chapter as c where a.iSubid = b.id and a.iChaid = c.id; [ RunTime:0.0003s ]
SQL: SHOW COLUMNS FROM `ex_pselect` [ RunTime:0.0020s ]
SQL: SHOW COLUMNS FROM `ex_pfillblank` [ RunTime:0.0020s ]
SQL: SHOW COLUMNS FROM `ex_pjudge` [ RunTime:0.0022s ]
SQL: SHOW COLUMNS FROM `ex_preadcode` [ RunTime:0.0019s ]
SQL: SHOW COLUMNS FROM `ex_pcode` [ RunTime:0.0025s ]
SQL: SHOW COLUMNS FROM `ex_pwcode` [ RunTime:0.0018s ]
SQL: SELECT * FROM `ex_pselect`  [ RunTime:0.0002s ]
INFO: [ view_parse ] --START--
INFO: [ template_filter ] --START--
INFO: Run Behavior\ContentReplaceBehavior [ RunTime:0.000076s ]
INFO: [ template_filter ] --END-- [ RunTime:0.000164s ]
INFO: Run Behavior\ParseTemplateBehavior [ RunTime:0.018056s ]
INFO: [ view_parse ] --END-- [ RunTime:0.018150s ]
INFO: [ view_filter ] --START--
INFO: Run Behavior\WriteHtmlCacheBehavior [ RunTime:0.000391s ]
INFO: [ view_filter ] --END-- [ RunTime:0.000471s ]
INFO: [ app_end ] --START--
INFO: Run Behavior\ShowPageTraceBehavior [ RunTime:0.000504s ]
INFO: [ app_end ] --END-- [ RunTime:0.000599s ]

[ 2017-06-11T19:37:27+08:00 ] ::1 /WebExamSystem1/index.php/Admin/Problem/select.html
INFO: [ app_init ] --START--
INFO: Run Behavior\BuildLiteBehavior [ RunTime:0.000020s ]
INFO: [ app_init ] --END-- [ RunTime:0.000319s ]
INFO: [ app_begin ] --START--
INFO: Run Behavior\ReadHtmlCacheBehavior [ RunTime:0.000539s ]
INFO: [ app_begin ] --END-- [ RunTime:0.000629s ]
SQL: SHOW COLUMNS FROM `ex_user` [ RunTime:0.0030s ]
SQL: SELECT * FROM `ex_user` WHERE `id` = 1  [ RunTime:0.0004s ]
SQL: select a.id,b.cName as subName,c.cName as capName,a.tTitle from ex_pselect as a,ex_subject as b, ex_chapter as c where a.iSubid = b.id and a.iChaid = c.id; [ RunTime:0.0005s ]
SQL: SHOW COLUMNS FROM `ex_pselect` [ RunTime:0.0038s ]
SQL: SHOW COLUMNS FROM `ex_pfillblank` [ RunTime:0.0026s ]
SQL: SHOW COLUMNS FROM `ex_pjudge` [ RunTime:0.0025s ]
SQL: SHOW COLUMNS FROM `ex_preadcode` [ RunTime:0.0022s ]
SQL: SHOW COLUMNS FROM `ex_pcode` [ RunTime:0.0019s ]
SQL: SHOW COLUMNS FROM `ex_pwcode` [ RunTime:0.0023s ]
SQL: SELECT * FROM `ex_pselect`  [ RunTime:0.0003s ]
INFO: [ view_parse ] --START--
INFO: [ template_filter ] --START--
INFO: Run Behavior\ContentReplaceBehavior [ RunTime:0.000080s ]
INFO: [ template_filter ] --END-- [ RunTime:0.000177s ]
INFO: Run Behavior\ParseTemplateBehavior [ RunTime:0.018712s ]
INFO: [ view_parse ] --END-- [ RunTime:0.018809s ]
INFO: [ view_filter ] --START--
INFO: Run Behavior\WriteHtmlCacheBehavior [ RunTime:0.000457s ]
INFO: [ view_filter ] --END-- [ RunTime:0.000542s ]
INFO: [ app_end ] --START--
INFO: Run Behavior\ShowPageTraceBehavior [ RunTime:0.000479s ]
INFO: [ app_end ] --END-- [ RunTime:0.000576s ]

[ 2017-06-11T19:37:29+08:00 ] ::1 /WebExamSystem1/index.php/Admin/Problem/selectedit/id/8/op/1.html
INFO: [ app_init ] --START--
INFO: Run Behavior\BuildLiteBehavior [ RunTime:0.000019s ]
INFO: [ app_init ] --END-- [ RunTime:0.000320s ]
INFO: [ app_begin ] --START--
INFO: Run Behavior\ReadHtmlCacheBehavior [ RunTime:0.000349s ]
INFO: [ app_begin ] --END-- [ RunTime:0.000440s ]
SQL: SHOW COLUMNS FROM `ex_user` [ RunTime:0.0023s ]
SQL: SELECT * FROM `ex_user` WHERE `id` = 1  [ RunTime:0.0002s ]
SQL: SHOW COLUMNS FROM `ex_pselect` [ RunTime:0.0026s ]
SQL: SELECT * FROM `ex_pselect` WHERE `id` = 8  [ RunTime:0.0003s ]
SQL: SHOW COLUMNS FROM `ex_subject` [ RunTime:0.0021s ]
SQL: SELECT * FROM `ex_subject` WHERE `id` = 1  [ RunTime:0.0002s ]
NOTIC: [8] Use of undefined constant cname - assumed 'cname' F:\Program\wamp\www\WebExamSystem1\Application\Common\Model\ProblemModel.class.php 第 210 行.
SQL: SHOW COLUMNS FROM `ex_chapter` [ RunTime:0.0022s ]
SQL: SELECT * FROM `ex_chapter` WHERE `id` = 1  [ RunTime:0.0002s ]
NOTIC: [8] Use of undefined constant cname - assumed 'cname' F:\Program\wamp\www\WebExamSystem1\Application\Common\Model\ProblemModel.class.php 第 217 行.
INFO: [ view_parse ] --START--
INFO: [ template_filter ] --START--
INFO: Run Behavior\ContentReplaceBehavior [ RunTime:0.000088s ]
INFO: [ template_filter ] --END-- [ RunTime:0.000178s ]
INFO: Run Behavior\ParseTemplateBehavior [ RunTime:0.011725s ]
INFO: [ view_parse ] --END-- [ RunTime:0.011829s ]
INFO: [ view_filter ] --START--
INFO: Run Behavior\WriteHtmlCacheBehavior [ RunTime:0.000267s ]
INFO: [ view_filter ] --END-- [ RunTime:0.000345s ]
INFO: [ app_end ] --START--
INFO: Run Behavior\ShowPageTraceBehavior [ RunTime:0.000447s ]
INFO: [ app_end ] --END-- [ RunTime:0.000537s ]

[ 2017-06-11T19:38:02+08:00 ] ::1 /WebExamSystem1/index.php/Admin/Problem/setSelect/id/8.html
INFO: [ app_init ] --START--
INFO: Run Behavior\BuildLiteBehavior [ RunTime:0.000019s ]
INFO: [ app_init ] --END-- [ RunTime:0.000303s ]
INFO: [ app_begin ] --START--
INFO: Run Behavior\ReadHtmlCacheBehavior [ RunTime:0.000322s ]
INFO: [ app_begin ] --END-- [ RunTime:0.000414s ]
SQL: SHOW COLUMNS FROM `ex_pselect` [ RunTime:0.0021s ]
SQL: UPDATE `ex_pselect` SET `iSubid`='1',`iChaid`='1',`tTitle`='VB 窗体默认的坐标单位是（ ）',`cItemA`='cm',`cItemB`='m',`cItemC`='Twip',`cItemD`='Pix',`iCorrect`='3',`cKey`='' WHERE `id` = 8 [ RunTime:0.0533s ]

[ 2017-06-11T19:38:02+08:00 ] ::1 /WebExamSystem1/index.php/Admin/Problem/select.html
INFO: [ app_init ] --START--
INFO: Run Behavior\BuildLiteBehavior [ RunTime:0.000018s ]
INFO: [ app_init ] --END-- [ RunTime:0.000274s ]
INFO: [ app_begin ] --START--
INFO: Run Behavior\ReadHtmlCacheBehavior [ RunTime:0.000309s ]
INFO: [ app_begin ] --END-- [ RunTime:0.000393s ]
SQL: SHOW COLUMNS FROM `ex_user` [ RunTime:0.0020s ]
SQL: SELECT * FROM `ex_user` WHERE `id` = 1  [ RunTime:0.0002s ]
SQL: select a.id,b.cName as subName,c.cName as capName,a.tTitle from ex_pselect as a,ex_subject as b, ex_chapter as c where a.iSubid = b.id and a.iChaid = c.id; [ RunTime:0.0003s ]
SQL: SHOW COLUMNS FROM `ex_pselect` [ RunTime:0.0020s ]
SQL: SHOW COLUMNS FROM `ex_pfillblank` [ RunTime:0.0021s ]
SQL: SHOW COLUMNS FROM `ex_pjudge` [ RunTime:0.0018s ]
SQL: SHOW COLUMNS FROM `ex_preadcode` [ RunTime:0.0018s ]
SQL: SHOW COLUMNS FROM `ex_pcode` [ RunTime:0.0021s ]
SQL: SHOW COLUMNS FROM `ex_pwcode` [ RunTime:0.0019s ]
SQL: SELECT * FROM `ex_pselect`  [ RunTime:0.0003s ]
INFO: [ view_parse ] --START--
INFO: [ template_filter ] --START--
INFO: Run Behavior\ContentReplaceBehavior [ RunTime:0.000105s ]
INFO: [ template_filter ] --END-- [ RunTime:0.000214s ]
INFO: Run Behavior\ParseTemplateBehavior [ RunTime:0.019477s ]
INFO: [ view_parse ] --END-- [ RunTime:0.019604s ]
INFO: [ view_filter ] --START--
INFO: Run Behavior\WriteHtmlCacheBehavior [ RunTime:0.000324s ]
INFO: [ view_filter ] --END-- [ RunTime:0.000406s ]
INFO: [ app_end ] --START--
INFO: Run Behavior\ShowPageTraceBehavior [ RunTime:0.000575s ]
INFO: [ app_end ] --END-- [ RunTime:0.000664s ]

[ 2017-06-11T19:38:08+08:00 ] ::1 /WebExamSystem1/index.php/Admin/Problem/selectedit/id/8/op/0.html
INFO: [ app_init ] --START--
INFO: Run Behavior\BuildLiteBehavior [ RunTime:0.000020s ]
INFO: [ app_init ] --END-- [ RunTime:0.000285s ]
INFO: [ app_begin ] --START--
INFO: Run Behavior\ReadHtmlCacheBehavior [ RunTime:0.000300s ]
INFO: [ app_begin ] --END-- [ RunTime:0.000386s ]
SQL: SHOW COLUMNS FROM `ex_user` [ RunTime:0.0022s ]
SQL: SELECT * FROM `ex_user` WHERE `id` = 1  [ RunTime:0.0003s ]
SQL: SHOW COLUMNS FROM `ex_pselect` [ RunTime:0.0023s ]
SQL: SELECT * FROM `ex_pselect` WHERE `id` = 8  [ RunTime:0.0002s ]
SQL: SHOW COLUMNS FROM `ex_subject` [ RunTime:0.0016s ]
SQL: SELECT * FROM `ex_subject` WHERE `id` = 1  [ RunTime:0.0002s ]
NOTIC: [8] Use of undefined constant cname - assumed 'cname' F:\Program\wamp\www\WebExamSystem1\Application\Common\Model\ProblemModel.class.php 第 210 行.
SQL: SHOW COLUMNS FROM `ex_chapter` [ RunTime:0.0019s ]
SQL: SELECT * FROM `ex_chapter` WHERE `id` = 1  [ RunTime:0.0002s ]
NOTIC: [8] Use of undefined constant cname - assumed 'cname' F:\Program\wamp\www\WebExamSystem1\Application\Common\Model\ProblemModel.class.php 第 217 行.
INFO: [ view_parse ] --START--
INFO: [ template_filter ] --START--
INFO: Run Behavior\ContentReplaceBehavior [ RunTime:0.000090s ]
INFO: [ template_filter ] --END-- [ RunTime:0.000181s ]
INFO: Run Behavior\ParseTemplateBehavior [ RunTime:0.011120s ]
INFO: [ view_parse ] --END-- [ RunTime:0.011217s ]
INFO: [ view_filter ] --START--
INFO: Run Behavior\WriteHtmlCacheBehavior [ RunTime:0.000305s ]
INFO: [ view_filter ] --END-- [ RunTime:0.000382s ]
INFO: [ app_end ] --START--
INFO: Run Behavior\ShowPageTraceBehavior [ RunTime:0.000382s ]
INFO: [ app_end ] --END-- [ RunTime:0.000466s ]

[ 2017-06-11T19:38:31+08:00 ] ::1 /WebExamSystem1/index.php/Admin/PaperTem/index.html
INFO: [ app_init ] --START--
INFO: Run Behavior\BuildLiteBehavior [ RunTime:0.000018s ]
INFO: [ app_init ] --END-- [ RunTime:0.000280s ]
INFO: [ app_begin ] --START--
INFO: Run Behavior\ReadHtmlCacheBehavior [ RunTime:0.000304s ]
INFO: [ app_begin ] --END-- [ RunTime:0.000392s ]
SQL: SHOW COLUMNS FROM `ex_user` [ RunTime:0.0022s ]
SQL: SELECT * FROM `ex_user` WHERE `id` = 1  [ RunTime:0.0002s ]
SQL: SHOW COLUMNS FROM `ex_paptemplate` [ RunTime:0.0027s ]
SQL: SELECT * FROM `ex_paptemplate`  [ RunTime:0.0002s ]
SQL: SHOW COLUMNS FROM `ex_subject` [ RunTime:0.0018s ]
SQL: SELECT * FROM `ex_subject` WHERE `id` = 1  [ RunTime:0.0002s ]
SQL: SELECT * FROM `ex_subject`  [ RunTime:0.0001s ]
INFO: [ view_parse ] --START--
INFO: [ template_filter ] --START--
INFO: Run Behavior\ContentReplaceBehavior [ RunTime:0.000080s ]
INFO: [ template_filter ] --END-- [ RunTime:0.000171s ]
INFO: Run Behavior\ParseTemplateBehavior [ RunTime:0.024533s ]
INFO: [ view_parse ] --END-- [ RunTime:0.024627s ]
INFO: [ view_filter ] --START--
INFO: Run Behavior\WriteHtmlCacheBehavior [ RunTime:0.000282s ]
INFO: [ view_filter ] --END-- [ RunTime:0.000359s ]
INFO: [ app_end ] --START--
INFO: Run Behavior\ShowPageTraceBehavior [ RunTime:0.000401s ]
INFO: [ app_end ] --END-- [ RunTime:0.000485s ]

[ 2017-06-11T19:39:11+08:00 ] ::1 /WebExamSystem1/index.php/Admin/PaperTem/edit/id/3.html
INFO: [ app_init ] --START--
INFO: Run Behavior\BuildLiteBehavior [ RunTime:0.000020s ]
INFO: [ app_init ] --END-- [ RunTime:0.000325s ]
INFO: [ app_begin ] --START--
INFO: Run Behavior\ReadHtmlCacheBehavior [ RunTime:0.000348s ]
INFO: [ app_begin ] --END-- [ RunTime:0.000444s ]
SQL: SHOW COLUMNS FROM `ex_user` [ RunTime:0.0018s ]
SQL: SELECT * FROM `ex_user` WHERE `id` = 1  [ RunTime:0.0002s ]
SQL: SHOW COLUMNS FROM `ex_paptemplate` [ RunTime:0.0019s ]
SQL: SELECT * FROM `ex_paptemplate` WHERE `id` = 3  [ RunTime:0.0002s ]
SQL: SHOW COLUMNS FROM `ex_temproblem` [ RunTime:0.0018s ]
SQL: SELECT * FROM `ex_temproblem` WHERE `iTemid` = 3  [ RunTime:0.0002s ]
INFO: [ view_parse ] --START--
INFO: [ template_filter ] --START--
INFO: Run Behavior\ContentReplaceBehavior [ RunTime:0.000080s ]
INFO: [ template_filter ] --END-- [ RunTime:0.000170s ]
INFO: Run Behavior\ParseTemplateBehavior [ RunTime:0.072862s ]
INFO: [ view_parse ] --END-- [ RunTime:0.072957s ]
INFO: [ view_filter ] --START--
INFO: Run Behavior\WriteHtmlCacheBehavior [ RunTime:0.000275s ]
INFO: [ view_filter ] --END-- [ RunTime:0.000355s ]
INFO: [ app_end ] --START--
INFO: Run Behavior\ShowPageTraceBehavior [ RunTime:0.000473s ]
INFO: [ app_end ] --END-- [ RunTime:0.000579s ]

[ 2017-06-11T19:39:21+08:00 ] ::1 /WebExamSystem1/index.php/Admin/PaperTem/edit/id/3.html
INFO: [ app_init ] --START--
INFO: Run Behavior\BuildLiteBehavior [ RunTime:0.000023s ]
INFO: [ app_init ] --END-- [ RunTime:0.000324s ]
INFO: [ app_begin ] --START--
INFO: Run Behavior\ReadHtmlCacheBehavior [ RunTime:0.000321s ]
INFO: [ app_begin ] --END-- [ RunTime:0.000413s ]
SQL: SHOW COLUMNS FROM `ex_user` [ RunTime:0.0026s ]
SQL: SELECT * FROM `ex_user` WHERE `id` = 1  [ RunTime:0.0002s ]
SQL: SHOW COLUMNS FROM `ex_paptemplate` [ RunTime:0.0022s ]
SQL: SELECT * FROM `ex_paptemplate` WHERE `id` = 3  [ RunTime:0.0002s ]
SQL: SHOW COLUMNS FROM `ex_temproblem` [ RunTime:0.0020s ]
SQL: SELECT * FROM `ex_temproblem` WHERE `iTemid` = 3  [ RunTime:0.0002s ]
INFO: [ view_parse ] --START--
INFO: [ template_filter ] --START--
INFO: Run Behavior\ContentReplaceBehavior [ RunTime:0.000087s ]
INFO: [ template_filter ] --END-- [ RunTime:0.000178s ]
INFO: Run Behavior\ParseTemplateBehavior [ RunTime:0.010587s ]
INFO: [ view_parse ] --END-- [ RunTime:0.010692s ]
INFO: [ view_filter ] --START--
INFO: Run Behavior\WriteHtmlCacheBehavior [ RunTime:0.000260s ]
INFO: [ view_filter ] --END-- [ RunTime:0.000337s ]
INFO: [ app_end ] --START--
INFO: Run Behavior\ShowPageTraceBehavior [ RunTime:0.000425s ]
INFO: [ app_end ] --END-- [ RunTime:0.000510s ]

[ 2017-06-11T19:39:23+08:00 ] ::1 /WebExamSystem1/index.php/Admin/PaperTem/getType.html
INFO: [ app_init ] --START--
INFO: Run Behavior\BuildLiteBehavior [ RunTime:0.000029s ]
INFO: [ app_init ] --END-- [ RunTime:0.000413s ]
INFO: [ app_begin ] --START--
INFO: Run Behavior\ReadHtmlCacheBehavior [ RunTime:0.001143s ]
INFO: [ app_begin ] --END-- [ RunTime:0.001322s ]
SQL: SHOW COLUMNS FROM `ex_prbtype` [ RunTime:0.0022s ]
SQL: SELECT * FROM `ex_prbtype`  [ RunTime:0.0002s ]

[ 2017-06-11T19:39:23+08:00 ] ::1 /WebExamSystem1/index.php/Admin/PaperTem/getChapter.html
INFO: [ app_init ] --START--
INFO: Run Behavior\BuildLiteBehavior [ RunTime:0.000030s ]
INFO: [ app_init ] --END-- [ RunTime:0.000677s ]
INFO: [ app_begin ] --START--
INFO: Run Behavior\ReadHtmlCacheBehavior [ RunTime:0.000434s ]
INFO: [ app_begin ] --END-- [ RunTime:0.000516s ]
SQL: SHOW COLUMNS FROM `ex_chapter` [ RunTime:0.0017s ]
SQL: SELECT * FROM `ex_chapter` WHERE `iSubid` = 1  [ RunTime:0.0002s ]

[ 2017-06-11T19:39:33+08:00 ] ::1 /WebExamSystem1/index.php/Admin/PaperTem/addPrb/temid/3.html
INFO: [ app_init ] --START--
INFO: Run Behavior\BuildLiteBehavior [ RunTime:0.000021s ]
INFO: [ app_init ] --END-- [ RunTime:0.000300s ]
INFO: [ app_begin ] --START--
INFO: Run Behavior\ReadHtmlCacheBehavior [ RunTime:0.000364s ]
INFO: [ app_begin ] --END-- [ RunTime:0.000457s ]
SQL: SHOW COLUMNS FROM `ex_paptemplate` [ RunTime:0.0024s ]
SQL: SELECT * FROM `ex_paptemplate` WHERE `id` = 3  [ RunTime:0.0002s ]
NOTIC: [8] Use of undefined constant iPrbNum - assumed 'iPrbNum' F:\Program\wamp\www\WebExamSystem1\Application\Admin\Controller\PaperTemController.class.php 第 53 行.
NOTIC: [8] Undefined index: iPrbNum F:\Program\wamp\www\WebExamSystem1\Application\Admin\Controller\PaperTemController.class.php 第 53 行.
SQL: SELECT * FROM `ex_paptemplate` WHERE `id` = 3  [ RunTime:0.0003s ]
NOTIC: [8] Use of undefined constant iTotScore - assumed 'iTotScore' F:\Program\wamp\www\WebExamSystem1\Application\Admin\Controller\PaperTemController.class.php 第 54 行.
NOTIC: [8] Undefined index: iTotScore F:\Program\wamp\www\WebExamSystem1\Application\Admin\Controller\PaperTemController.class.php 第 54 行.
SQL: SHOW COLUMNS FROM `ex_temproblem` [ RunTime:0.0028s ]
SQL: INSERT INTO `ex_temproblem` (`iTemid`,`iTypeid`,`iChaid`,`iScore`,`iPrbNo`) VALUES ('3','1','1','5','1') [ RunTime:0.0284s ]
SQL: INSERT INTO `ex_temproblem` (`iTemid`,`iTypeid`,`iChaid`,`iScore`,`iPrbNo`) VALUES ('3','1','1','5','2') [ RunTime:0.0336s ]
SQL: UPDATE `ex_paptemplate` SET `iPrbNum`='2',`iTotScore`='10' WHERE `id` = 3 [ RunTime:0.0494s ]

[ 2017-06-11T19:39:33+08:00 ] ::1 /WebExamSystem1/index.php/Admin/PaperTem/edit/id/3.html
INFO: [ app_init ] --START--
INFO: Run Behavior\BuildLiteBehavior [ RunTime:0.000019s ]
INFO: [ app_init ] --END-- [ RunTime:0.000296s ]
INFO: [ app_begin ] --START--
INFO: Run Behavior\ReadHtmlCacheBehavior [ RunTime:0.000338s ]
INFO: [ app_begin ] --END-- [ RunTime:0.000423s ]
SQL: SHOW COLUMNS FROM `ex_user` [ RunTime:0.0019s ]
SQL: SELECT * FROM `ex_user` WHERE `id` = 1  [ RunTime:0.0002s ]
SQL: SHOW COLUMNS FROM `ex_paptemplate` [ RunTime:0.0019s ]
SQL: SELECT * FROM `ex_paptemplate` WHERE `id` = 3  [ RunTime:0.0002s ]
SQL: SHOW COLUMNS FROM `ex_temproblem` [ RunTime:0.0023s ]
SQL: SELECT * FROM `ex_temproblem` WHERE `iTemid` = 3  [ RunTime:0.0002s ]
SQL: SHOW COLUMNS FROM `ex_chapter` [ RunTime:0.0018s ]
SQL: SELECT * FROM `ex_chapter` WHERE `id` = 1  [ RunTime:0.0002s ]
NOTIC: [8] Use of undefined constant cname - assumed 'cname' F:\Program\wamp\www\WebExamSystem1\Application\Common\Model\ProblemModel.class.php 第 217 行.
SQL: SHOW COLUMNS FROM `ex_prbtype` [ RunTime:0.0019s ]
SQL: SELECT * FROM `ex_prbtype` WHERE `id` = 1  [ RunTime:0.0002s ]
NOTIC: [8] Use of undefined constant cname - assumed 'cname' F:\Program\wamp\www\WebExamSystem1\Application\Common\Model\ProblemModel.class.php 第 224 行.
SQL: SELECT * FROM `ex_chapter` WHERE `id` = 1  [ RunTime:0.0001s ]
NOTIC: [8] Use of undefined constant cname - assumed 'cname' F:\Program\wamp\www\WebExamSystem1\Application\Common\Model\ProblemModel.class.php 第 217 行.
SQL: SELECT * FROM `ex_prbtype` WHERE `id` = 1  [ RunTime:0.0001s ]
NOTIC: [8] Use of undefined constant cname - assumed 'cname' F:\Program\wamp\www\WebExamSystem1\Application\Common\Model\ProblemModel.class.php 第 224 行.
INFO: [ view_parse ] --START--
INFO: [ template_filter ] --START--
INFO: Run Behavior\ContentReplaceBehavior [ RunTime:0.000088s ]
INFO: [ template_filter ] --END-- [ RunTime:0.000180s ]
INFO: Run Behavior\ParseTemplateBehavior [ RunTime:0.010874s ]
INFO: [ view_parse ] --END-- [ RunTime:0.010965s ]
INFO: [ view_filter ] --START--
INFO: Run Behavior\WriteHtmlCacheBehavior [ RunTime:0.000269s ]
INFO: [ view_filter ] --END-- [ RunTime:0.000350s ]
INFO: [ app_end ] --START--
INFO: Run Behavior\ShowPageTraceBehavior [ RunTime:0.000426s ]
INFO: [ app_end ] --END-- [ RunTime:0.000523s ]

[ 2017-06-11T19:39:56+08:00 ] ::1 /WebExamSystem1/index.php/Admin/PaperTem/getType.html
INFO: [ app_init ] --START--
INFO: Run Behavior\BuildLiteBehavior [ RunTime:0.000095s ]
INFO: [ app_init ] --END-- [ RunTime:0.001210s ]
INFO: [ app_begin ] --START--
INFO: Run Behavior\ReadHtmlCacheBehavior [ RunTime:0.000608s ]
INFO: [ app_begin ] --END-- [ RunTime:0.000766s ]
SQL: SHOW COLUMNS FROM `ex_prbtype` [ RunTime:0.0030s ]
SQL: SELECT * FROM `ex_prbtype`  [ RunTime:0.0002s ]

[ 2017-06-11T19:39:56+08:00 ] ::1 /WebExamSystem1/index.php/Admin/PaperTem/getChapter.html
INFO: [ app_init ] --START--
INFO: Run Behavior\BuildLiteBehavior [ RunTime:0.000036s ]
INFO: [ app_init ] --END-- [ RunTime:0.000643s ]
INFO: [ app_begin ] --START--
INFO: Run Behavior\ReadHtmlCacheBehavior [ RunTime:0.000609s ]
INFO: [ app_begin ] --END-- [ RunTime:0.000754s ]
SQL: SHOW COLUMNS FROM `ex_chapter` [ RunTime:0.0040s ]
SQL: SELECT * FROM `ex_chapter` WHERE `iSubid` = 1  [ RunTime:0.0002s ]

[ 2017-06-11T19:40:19+08:00 ] ::1 /WebExamSystem1/index.php/Admin/Paper/index.html
INFO: [ app_init ] --START--
INFO: Run Behavior\BuildLiteBehavior [ RunTime:0.000019s ]
INFO: [ app_init ] --END-- [ RunTime:0.000313s ]
INFO: [ app_begin ] --START--
INFO: Run Behavior\ReadHtmlCacheBehavior [ RunTime:0.000353s ]
INFO: [ app_begin ] --END-- [ RunTime:0.000451s ]
SQL: SHOW COLUMNS FROM `ex_user` [ RunTime:0.0021s ]
SQL: SELECT * FROM `ex_user` WHERE `id` = 1  [ RunTime:0.0002s ]
SQL: SHOW COLUMNS FROM `ex_paper` [ RunTime:0.0021s ]
SQL: SELECT * FROM `ex_paper`  [ RunTime:0.0003s ]
SQL: SHOW COLUMNS FROM `ex_user` [ RunTime:0.0020s ]
SQL: SELECT * FROM `ex_user` WHERE `id` = 2  [ RunTime:0.0002s ]
NOTIC: [8] Undefined index: cname F:\Program\wamp\www\WebExamSystem1\Application\Common\Model\PaperModel.class.php 第 12 行.
SQL: SHOW COLUMNS FROM `ex_subject` [ RunTime:0.0019s ]
SQL: SELECT * FROM `ex_subject` WHERE `id` = 1  [ RunTime:0.0002s ]
NOTIC: [8] Use of undefined constant cname - assumed 'cname' F:\Program\wamp\www\WebExamSystem1\Application\Common\Model\ProblemModel.class.php 第 210 行.
INFO: [ view_parse ] --START--
INFO: [ template_filter ] --START--
INFO: Run Behavior\ContentReplaceBehavior [ RunTime:0.000108s ]
INFO: [ template_filter ] --END-- [ RunTime:0.000200s ]
NOTIC: [8] Undefined variable: subjects F:\Program\wamp\www\WebExamSystem1\Application\Runtime\Cache\Admin\c6472f9944fc0fa6165b0334a436d1fa.php 第 164 行.
INFO: Run Behavior\ParseTemplateBehavior [ RunTime:0.020136s ]
INFO: [ view_parse ] --END-- [ RunTime:0.020225s ]
INFO: [ view_filter ] --START--
INFO: Run Behavior\WriteHtmlCacheBehavior [ RunTime:0.000308s ]
INFO: [ view_filter ] --END-- [ RunTime:0.000386s ]
INFO: [ app_end ] --START--
INFO: Run Behavior\ShowPageTraceBehavior [ RunTime:0.000424s ]
INFO: [ app_end ] --END-- [ RunTime:0.000509s ]

[ 2017-06-11T19:40:47+08:00 ] ::1 /WebExamSystem1/index.php/Admin/Paper/getSub.html
INFO: [ app_init ] --START--
INFO: Run Behavior\BuildLiteBehavior [ RunTime:0.000035s ]
INFO: [ app_init ] --END-- [ RunTime:0.000484s ]
INFO: [ app_begin ] --START--
INFO: Run Behavior\ReadHtmlCacheBehavior [ RunTime:0.000412s ]
INFO: [ app_begin ] --END-- [ RunTime:0.000513s ]
SQL: SHOW COLUMNS FROM `ex_subject` [ RunTime:0.0017s ]
SQL: SELECT * FROM `ex_subject`  [ RunTime:0.0001s ]

[ 2017-06-11T19:41:13+08:00 ] ::1 /WebExamSystem1/index.php/Admin/Paper/getType.html
INFO: [ app_init ] --START--
INFO: Run Behavior\BuildLiteBehavior [ RunTime:0.000019s ]
INFO: [ app_init ] --END-- [ RunTime:0.000365s ]
INFO: [ app_begin ] --START--
INFO: Run Behavior\ReadHtmlCacheBehavior [ RunTime:0.000345s ]
INFO: [ app_begin ] --END-- [ RunTime:0.000445s ]
SQL: SHOW COLUMNS FROM `ex_prbtype` [ RunTime:0.0021s ]
SQL: SELECT * FROM `ex_prbtype`  [ RunTime:0.0002s ]

