[ 2017-06-05T13:05:20+08:00 ] ::1 /WebExamSystem/index.php/Admin/Problem/select.html
INFO: [ app_init ] --START--
INFO: Run Behavior\BuildLiteBehavior [ RunTime:0.000021s ]
INFO: [ app_init ] --END-- [ RunTime:0.000742s ]
INFO: [ app_begin ] --START--
INFO: Run Behavior\ReadHtmlCacheBehavior [ RunTime:0.001017s ]
INFO: [ app_begin ] --END-- [ RunTime:0.001111s ]
SQL: SHOW COLUMNS FROM `ex_user` [ RunTime:0.0031s ]
SQL: SELECT * FROM `ex_user` WHERE `id` = 1  [ RunTime:0.0002s ]
SQL: select a.id,b.cName as subName,c.cName as capName,a.tTitle from ex_pselect as a,ex_subject as b, ex_chapter as c where a.iSubid = b.id and a.iChaid = c.id; [ RunTime:0.0004s ]
NOTIC: [8] Undefined offset: 5 F:\Program\wamp\www\WebExamSystem\Application\Admin\Controller\ProblemController.class.php 第 190 行.
SQL: SHOW COLUMNS FROM `ex_pselect` [ RunTime:0.0027s ]
SQL: SHOW COLUMNS FROM `ex_pfillblank` [ RunTime:0.0025s ]
SQL: SHOW COLUMNS FROM `ex_pjudge` [ RunTime:0.0024s ]
SQL: SHOW COLUMNS FROM `ex_preadcode` [ RunTime:0.0025s ]
SQL: SHOW COLUMNS FROM `ex_pcode` [ RunTime:0.0024s ]
SQL: SHOW COLUMNS FROM `ex_pwcode` [ RunTime:0.0025s ]
SQL: SELECT * FROM `ex_pselect`  [ RunTime:0.0002s ]
INFO: [ view_parse ] --START--
INFO: [ template_filter ] --START--
INFO: Run Behavior\ContentReplaceBehavior [ RunTime:0.000078s ]
INFO: [ template_filter ] --END-- [ RunTime:0.000173s ]
INFO: Run Behavior\ParseTemplateBehavior [ RunTime:0.053817s ]
INFO: [ view_parse ] --END-- [ RunTime:0.053920s ]
INFO: [ view_filter ] --START--
INFO: Run Behavior\WriteHtmlCacheBehavior [ RunTime:0.001046s ]
INFO: [ view_filter ] --END-- [ RunTime:0.001132s ]
INFO: [ app_end ] --START--
INFO: Run Behavior\ShowPageTraceBehavior [ RunTime:0.001019s ]
INFO: [ app_end ] --END-- [ RunTime:0.001114s ]

[ 2017-06-05T13:05:37+08:00 ] ::1 /WebExamSystem/index.php/Admin/Index/index
INFO: [ app_init ] --START--
INFO: Run Behavior\BuildLiteBehavior [ RunTime:0.000023s ]
INFO: [ app_init ] --END-- [ RunTime:0.000478s ]
INFO: [ app_begin ] --START--
INFO: Run Behavior\ReadHtmlCacheBehavior [ RunTime:0.000515s ]
INFO: [ app_begin ] --END-- [ RunTime:0.000608s ]
SQL: SHOW COLUMNS FROM `ex_user` [ RunTime:0.0031s ]
SQL: SELECT * FROM `ex_user` WHERE `id` = 1  [ RunTime:0.0003s ]
SQL: SHOW COLUMNS FROM `ex_pselect` [ RunTime:0.0030s ]
SQL: SHOW COLUMNS FROM `ex_pfillblank` [ RunTime:0.0031s ]
SQL: SHOW COLUMNS FROM `ex_pjudge` [ RunTime:0.0026s ]
SQL: SHOW COLUMNS FROM `ex_preadcode` [ RunTime:0.0030s ]
SQL: SHOW COLUMNS FROM `ex_pcode` [ RunTime:0.0025s ]
SQL: SHOW COLUMNS FROM `ex_pwcode` [ RunTime:0.0025s ]
SQL: SELECT * FROM `ex_pselect`  [ RunTime:0.0002s ]
SQL: SELECT * FROM `ex_pfillblank`  [ RunTime:0.0002s ]
SQL: SELECT * FROM `ex_pjudge`  [ RunTime:0.0002s ]
SQL: SELECT * FROM `ex_preadcode`  [ RunTime:0.0002s ]
SQL: SELECT * FROM `ex_pcode`  [ RunTime:0.0001s ]
NOTIC: [8] Undefined variable: subjects F:\Program\wamp\www\WebExamSystem\Application\Admin\Controller\IndexController.class.php 第 10 行.
INFO: [ view_parse ] --START--
INFO: [ template_filter ] --START--
INFO: Run Behavior\ContentReplaceBehavior [ RunTime:0.000074s ]
INFO: [ template_filter ] --END-- [ RunTime:0.000167s ]
INFO: Run Behavior\ParseTemplateBehavior [ RunTime:0.037108s ]
INFO: [ view_parse ] --END-- [ RunTime:0.037201s ]
INFO: [ view_filter ] --START--
INFO: Run Behavior\WriteHtmlCacheBehavior [ RunTime:0.000403s ]
INFO: [ view_filter ] --END-- [ RunTime:0.000484s ]
INFO: [ app_end ] --START--
INFO: Run Behavior\ShowPageTraceBehavior [ RunTime:0.000569s ]
INFO: [ app_end ] --END-- [ RunTime:0.000654s ]

[ 2017-06-05T13:32:35+08:00 ] ::1 /WebExamSystem/index.php/Admin/Paper/auto.html
INFO: [ app_init ] --START--
INFO: Run Behavior\BuildLiteBehavior [ RunTime:0.000022s ]
INFO: [ app_init ] --END-- [ RunTime:0.000447s ]
INFO: [ app_begin ] --START--
INFO: Run Behavior\ReadHtmlCacheBehavior [ RunTime:0.000574s ]
INFO: [ app_begin ] --END-- [ RunTime:0.000682s ]
INFO: [ view_parse ] --START--
INFO: [ template_filter ] --START--
INFO: Run Behavior\ContentReplaceBehavior [ RunTime:0.000064s ]
INFO: [ template_filter ] --END-- [ RunTime:0.000159s ]
NOTIC: [8] Undefined variable: leftnum F:\Program\wamp\www\WebExamSystem\Application\Runtime\Cache\Admin\80e07bbc956cbbd38edcd95c6b3733f9.php 第 41 行.
INFO: Run Behavior\ParseTemplateBehavior [ RunTime:0.278574s ]
INFO: [ view_parse ] --END-- [ RunTime:0.278763s ]
INFO: [ view_filter ] --START--
INFO: Run Behavior\WriteHtmlCacheBehavior [ RunTime:0.000374s ]
INFO: [ view_filter ] --END-- [ RunTime:0.000456s ]
INFO: [ app_end ] --START--
INFO: Run Behavior\ShowPageTraceBehavior [ RunTime:0.000568s ]
INFO: [ app_end ] --END-- [ RunTime:0.000656s ]

[ 2017-06-05T13:43:22+08:00 ] ::1 /WebExamSystem/index.php/Admin/PaperTem/index.html
INFO: [ app_init ] --START--
INFO: Run Behavior\BuildLiteBehavior [ RunTime:0.000022s ]
INFO: [ app_init ] --END-- [ RunTime:0.000512s ]
INFO: [ app_begin ] --START--
INFO: Run Behavior\ReadHtmlCacheBehavior [ RunTime:0.000713s ]
INFO: [ app_begin ] --END-- [ RunTime:0.000848s ]
SQL: SHOW COLUMNS FROM `ex_user` [ RunTime:0.0030s ]
SQL: SELECT * FROM `ex_user` WHERE `id` = 12  [ RunTime:0.0003s ]
INFO: [ view_parse ] --START--
INFO: [ template_filter ] --START--
INFO: Run Behavior\ContentReplaceBehavior [ RunTime:0.000080s ]
INFO: [ template_filter ] --END-- [ RunTime:0.000170s ]
NOTIC: [8] Undefined variable: leftnum F:\Program\wamp\www\WebExamSystem\Application\Runtime\Cache\Admin\a1761f9c719baffa45c6add15d8efca6.php 第 41 行.
NOTIC: [8] Undefined variable: list F:\Program\wamp\www\WebExamSystem\Application\Runtime\Cache\Admin\a1761f9c719baffa45c6add15d8efca6.php 第 88 行.
NOTIC: [8] Undefined variable: nowpage F:\Program\wamp\www\WebExamSystem\Application\Runtime\Cache\Admin\a1761f9c719baffa45c6add15d8efca6.php 第 108 行.
NOTIC: [8] Undefined variable: total F:\Program\wamp\www\WebExamSystem\Application\Runtime\Cache\Admin\a1761f9c719baffa45c6add15d8efca6.php 第 111 行.
NOTIC: [8] Undefined variable: nowpage F:\Program\wamp\www\WebExamSystem\Application\Runtime\Cache\Admin\a1761f9c719baffa45c6add15d8efca6.php 第 111 行.
NOTIC: [8] Undefined variable: total F:\Program\wamp\www\WebExamSystem\Application\Runtime\Cache\Admin\a1761f9c719baffa45c6add15d8efca6.php 第 114 行.
NOTIC: [8] Undefined variable: subjects F:\Program\wamp\www\WebExamSystem\Application\Runtime\Cache\Admin\a1761f9c719baffa45c6add15d8efca6.php 第 133 行.
INFO: Run Behavior\ParseTemplateBehavior [ RunTime:0.017488s ]
INFO: [ view_parse ] --END-- [ RunTime:0.017590s ]
INFO: [ view_filter ] --START--
INFO: Run Behavior\WriteHtmlCacheBehavior [ RunTime:0.000507s ]
INFO: [ view_filter ] --END-- [ RunTime:0.000590s ]
INFO: [ app_end ] --START--
INFO: Run Behavior\ShowPageTraceBehavior [ RunTime:0.000597s ]
INFO: [ app_end ] --END-- [ RunTime:0.000688s ]

[ 2017-06-05T16:17:38+08:00 ] ::1 /WebExamSystem1/index.php/Admin/Problem/code.html
INFO: [ app_init ] --START--
INFO: Run Behavior\BuildLiteBehavior [ RunTime:0.000031s ]
INFO: [ app_init ] --END-- [ RunTime:0.000646s ]
INFO: [ app_begin ] --START--
INFO: Run Behavior\ReadHtmlCacheBehavior [ RunTime:0.000583s ]
INFO: [ app_begin ] --END-- [ RunTime:0.000682s ]
SQL: SHOW COLUMNS FROM `ex_user` [ RunTime:0.0027s ]
SQL: SELECT * FROM `ex_user` WHERE `id` = 1  [ RunTime:0.0002s ]
SQL: select a.id,b.cName as subName,c.cName as capName,a.tTitle from ex_pcode as a,ex_subject as b, ex_chapter as c where a.iSubid = b.id and a.iChaid = c.id; [ RunTime:0.0002s ]
NOTIC: [8] Undefined offset: 1 F:\Program\wamp\www\WebExamSystem1\Application\Admin\Controller\ProblemController.class.php 第 430 行.
SQL: SHOW COLUMNS FROM `ex_pselect` [ RunTime:0.0027s ]
SQL: SHOW COLUMNS FROM `ex_pfillblank` [ RunTime:0.0028s ]
SQL: SHOW COLUMNS FROM `ex_pjudge` [ RunTime:0.0042s ]
SQL: SHOW COLUMNS FROM `ex_preadcode` [ RunTime:0.0029s ]
SQL: SHOW COLUMNS FROM `ex_pcode` [ RunTime:0.0026s ]
SQL: SHOW COLUMNS FROM `ex_pwcode` [ RunTime:0.0025s ]
SQL: SELECT * FROM `ex_pcode`  [ RunTime:0.0002s ]
INFO: [ view_parse ] --START--
INFO: [ template_filter ] --START--
INFO: Run Behavior\ContentReplaceBehavior [ RunTime:0.000077s ]
INFO: [ template_filter ] --END-- [ RunTime:0.000171s ]
INFO: Run Behavior\ParseTemplateBehavior [ RunTime:0.012717s ]
INFO: [ view_parse ] --END-- [ RunTime:0.012810s ]
INFO: [ view_filter ] --START--
INFO: Run Behavior\WriteHtmlCacheBehavior [ RunTime:0.000502s ]
INFO: [ view_filter ] --END-- [ RunTime:0.000587s ]
INFO: [ app_end ] --START--
INFO: Run Behavior\ShowPageTraceBehavior [ RunTime:0.000618s ]
INFO: [ app_end ] --END-- [ RunTime:0.000711s ]

[ 2017-06-05T16:45:49+08:00 ] ::1 /WebExamSystem1/index.php/Admin/Problem/code.html
INFO: [ app_init ] --START--
INFO: Run Behavior\BuildLiteBehavior [ RunTime:0.000031s ]
INFO: [ app_init ] --END-- [ RunTime:0.000678s ]
INFO: [ app_begin ] --START--
INFO: Run Behavior\ReadHtmlCacheBehavior [ RunTime:0.000640s ]
INFO: [ app_begin ] --END-- [ RunTime:0.000744s ]
SQL: SHOW COLUMNS FROM `ex_user` [ RunTime:0.0037s ]
SQL: SELECT * FROM `ex_user` WHERE `id` = 1  [ RunTime:0.0004s ]
SQL: select a.id,b.cName as subName,c.cName as capName,a.tTitle from ex_pcode as a,ex_subject as b, ex_chapter as c where a.iSubid = b.id and a.iChaid = c.id; [ RunTime:0.0004s ]
NOTIC: [8] Undefined offset: 1 F:\Program\wamp\www\WebExamSystem1\Application\Admin\Controller\ProblemController.class.php 第 430 行.
SQL: SHOW COLUMNS FROM `ex_pselect` [ RunTime:0.0029s ]
SQL: SHOW COLUMNS FROM `ex_pfillblank` [ RunTime:0.0036s ]
SQL: SHOW COLUMNS FROM `ex_pjudge` [ RunTime:0.0027s ]
SQL: SHOW COLUMNS FROM `ex_preadcode` [ RunTime:0.0028s ]
SQL: SHOW COLUMNS FROM `ex_pcode` [ RunTime:0.0028s ]
SQL: SHOW COLUMNS FROM `ex_pwcode` [ RunTime:0.0035s ]
SQL: SELECT * FROM `ex_pcode`  [ RunTime:0.0003s ]
INFO: [ view_parse ] --START--
INFO: [ template_filter ] --START--
INFO: Run Behavior\ContentReplaceBehavior [ RunTime:0.000182s ]
INFO: [ template_filter ] --END-- [ RunTime:0.000385s ]
INFO: Run Behavior\ParseTemplateBehavior [ RunTime:0.014621s ]
INFO: [ view_parse ] --END-- [ RunTime:0.014740s ]
INFO: [ view_filter ] --START--
INFO: Run Behavior\WriteHtmlCacheBehavior [ RunTime:0.000542s ]
INFO: [ view_filter ] --END-- [ RunTime:0.000634s ]
INFO: [ app_end ] --START--
INFO: Run Behavior\ShowPageTraceBehavior [ RunTime:0.000934s ]
INFO: [ app_end ] --END-- [ RunTime:0.001084s ]

[ 2017-06-05T16:45:51+08:00 ] ::1 /WebExamSystem1/index.php/Admin/Problem/codeadd.html
INFO: [ app_init ] --START--
INFO: Run Behavior\BuildLiteBehavior [ RunTime:0.000041s ]
INFO: [ app_init ] --END-- [ RunTime:0.001264s ]
INFO: [ app_begin ] --START--
INFO: Run Behavior\ReadHtmlCacheBehavior [ RunTime:0.001038s ]
INFO: [ app_begin ] --END-- [ RunTime:0.001202s ]
SQL: SHOW COLUMNS FROM `ex_user` [ RunTime:0.0028s ]
SQL: SELECT * FROM `ex_user` WHERE `id` = 1  [ RunTime:0.0002s ]
SQL: SHOW COLUMNS FROM `ex_subject` [ RunTime:0.0033s ]
SQL: SELECT * FROM `ex_subject`  [ RunTime:0.0002s ]
INFO: [ view_parse ] --START--
INFO: [ template_filter ] --START--
INFO: Run Behavior\ContentReplaceBehavior [ RunTime:0.000084s ]
INFO: [ template_filter ] --END-- [ RunTime:0.000183s ]
INFO: Run Behavior\ParseTemplateBehavior [ RunTime:0.011787s ]
INFO: [ view_parse ] --END-- [ RunTime:0.011924s ]
INFO: [ view_filter ] --START--
INFO: Run Behavior\WriteHtmlCacheBehavior [ RunTime:0.000556s ]
INFO: [ view_filter ] --END-- [ RunTime:0.000670s ]
INFO: [ app_end ] --START--
INFO: Run Behavior\ShowPageTraceBehavior [ RunTime:0.000809s ]
INFO: [ app_end ] --END-- [ RunTime:0.000955s ]

[ 2017-06-05T16:46:15+08:00 ] ::1 /WebExamSystem1/index.php/Admin/Problem/setCode.html
INFO: [ app_init ] --START--
INFO: Run Behavior\BuildLiteBehavior [ RunTime:0.000020s ]
INFO: [ app_init ] --END-- [ RunTime:0.000416s ]
INFO: [ app_begin ] --START--
INFO: Run Behavior\ReadHtmlCacheBehavior [ RunTime:0.000572s ]
INFO: [ app_begin ] --END-- [ RunTime:0.000670s ]
SQL: SHOW COLUMNS FROM `ex_pcode` [ RunTime:0.0031s ]
SQL: INSERT INTO `ex_pcode` (`iSubid`,`iChaid`,`tTitle`,`cCorrect1`,`cCorrect2`,`cKey`) VALUES ('1','7','22','1','2','解析2') [ RunTime:0.1169s ]

[ 2017-06-05T16:46:15+08:00 ] ::1 /WebExamSystem1/index.php/Admin/Problem/code.html
INFO: [ app_init ] --START--
INFO: Run Behavior\BuildLiteBehavior [ RunTime:0.000020s ]
INFO: [ app_init ] --END-- [ RunTime:0.000437s ]
INFO: [ app_begin ] --START--
INFO: Run Behavior\ReadHtmlCacheBehavior [ RunTime:0.000595s ]
INFO: [ app_begin ] --END-- [ RunTime:0.000687s ]
SQL: SHOW COLUMNS FROM `ex_user` [ RunTime:0.0034s ]
SQL: SELECT * FROM `ex_user` WHERE `id` = 1  [ RunTime:0.0002s ]
SQL: select a.id,b.cName as subName,c.cName as capName,a.tTitle from ex_pcode as a,ex_subject as b, ex_chapter as c where a.iSubid = b.id and a.iChaid = c.id; [ RunTime:0.0003s ]
NOTIC: [8] Undefined offset: 2 F:\Program\wamp\www\WebExamSystem1\Application\Admin\Controller\ProblemController.class.php 第 430 行.
SQL: SHOW COLUMNS FROM `ex_pselect` [ RunTime:0.0029s ]
SQL: SHOW COLUMNS FROM `ex_pfillblank` [ RunTime:0.0028s ]
SQL: SHOW COLUMNS FROM `ex_pjudge` [ RunTime:0.0027s ]
SQL: SHOW COLUMNS FROM `ex_preadcode` [ RunTime:0.0029s ]
SQL: SHOW COLUMNS FROM `ex_pcode` [ RunTime:0.0028s ]
SQL: SHOW COLUMNS FROM `ex_pwcode` [ RunTime:0.0028s ]
SQL: SELECT * FROM `ex_pcode`  [ RunTime:0.0002s ]
INFO: [ view_parse ] --START--
INFO: [ template_filter ] --START--
INFO: Run Behavior\ContentReplaceBehavior [ RunTime:0.000092s ]
INFO: [ template_filter ] --END-- [ RunTime:0.000195s ]
INFO: Run Behavior\ParseTemplateBehavior [ RunTime:0.013133s ]
INFO: [ view_parse ] --END-- [ RunTime:0.013232s ]
INFO: [ view_filter ] --START--
INFO: Run Behavior\WriteHtmlCacheBehavior [ RunTime:0.000545s ]
INFO: [ view_filter ] --END-- [ RunTime:0.000627s ]
INFO: [ app_end ] --START--
INFO: Run Behavior\ShowPageTraceBehavior [ RunTime:0.000619s ]
INFO: [ app_end ] --END-- [ RunTime:0.000711s ]

[ 2017-06-05T16:46:37+08:00 ] ::1 /WebExamSystem1/index.php/Admin/Problem/codeedit/id/1/op/0.html
INFO: [ app_init ] --START--
INFO: Run Behavior\BuildLiteBehavior [ RunTime:0.000024s ]
INFO: [ app_init ] --END-- [ RunTime:0.000499s ]
INFO: [ app_begin ] --START--
INFO: Run Behavior\ReadHtmlCacheBehavior [ RunTime:0.000620s ]
INFO: [ app_begin ] --END-- [ RunTime:0.000712s ]
SQL: SHOW COLUMNS FROM `ex_user` [ RunTime:0.0030s ]
SQL: SELECT * FROM `ex_user` WHERE `id` = 1  [ RunTime:0.0002s ]
SQL: SHOW COLUMNS FROM `ex_pcode` [ RunTime:0.0028s ]
SQL: SELECT * FROM `ex_pcode` WHERE `id` = 1  [ RunTime:0.0002s ]
SQL: SHOW COLUMNS FROM `ex_subject` [ RunTime:0.0025s ]
SQL: SELECT * FROM `ex_subject` WHERE `id` = 1  [ RunTime:0.0002s ]
NOTIC: [8] Use of undefined constant cname - assumed 'cname' F:\Program\wamp\www\WebExamSystem1\Application\Common\Model\ProblemModel.class.php 第 183 行.
SQL: SHOW COLUMNS FROM `ex_chapter` [ RunTime:0.0028s ]
SQL: SELECT * FROM `ex_chapter` WHERE `id` = 1  [ RunTime:0.0002s ]
NOTIC: [8] Use of undefined constant cname - assumed 'cname' F:\Program\wamp\www\WebExamSystem1\Application\Common\Model\ProblemModel.class.php 第 190 行.
INFO: [ view_parse ] --START--
INFO: [ template_filter ] --START--
INFO: Run Behavior\ContentReplaceBehavior [ RunTime:0.000082s ]
INFO: [ template_filter ] --END-- [ RunTime:0.000176s ]
INFO: Run Behavior\ParseTemplateBehavior [ RunTime:0.011089s ]
INFO: [ view_parse ] --END-- [ RunTime:0.011190s ]
INFO: [ view_filter ] --START--
INFO: Run Behavior\WriteHtmlCacheBehavior [ RunTime:0.000542s ]
INFO: [ view_filter ] --END-- [ RunTime:0.000627s ]
INFO: [ app_end ] --START--
INFO: Run Behavior\ShowPageTraceBehavior [ RunTime:0.000595s ]
INFO: [ app_end ] --END-- [ RunTime:0.000681s ]

[ 2017-06-05T16:46:39+08:00 ] ::1 /WebExamSystem1/index.php/Admin/Problem/code.html
INFO: [ app_init ] --START--
INFO: Run Behavior\BuildLiteBehavior [ RunTime:0.000021s ]
INFO: [ app_init ] --END-- [ RunTime:0.000489s ]
INFO: [ app_begin ] --START--
INFO: Run Behavior\ReadHtmlCacheBehavior [ RunTime:0.000642s ]
INFO: [ app_begin ] --END-- [ RunTime:0.000746s ]
SQL: SHOW COLUMNS FROM `ex_user` [ RunTime:0.0038s ]
SQL: SELECT * FROM `ex_user` WHERE `id` = 1  [ RunTime:0.0002s ]
SQL: select a.id,b.cName as subName,c.cName as capName,a.tTitle from ex_pcode as a,ex_subject as b, ex_chapter as c where a.iSubid = b.id and a.iChaid = c.id; [ RunTime:0.0003s ]
NOTIC: [8] Undefined offset: 2 F:\Program\wamp\www\WebExamSystem1\Application\Admin\Controller\ProblemController.class.php 第 430 行.
SQL: SHOW COLUMNS FROM `ex_pselect` [ RunTime:0.0035s ]
SQL: SHOW COLUMNS FROM `ex_pfillblank` [ RunTime:0.0029s ]
SQL: SHOW COLUMNS FROM `ex_pjudge` [ RunTime:0.0032s ]
SQL: SHOW COLUMNS FROM `ex_preadcode` [ RunTime:0.0027s ]
SQL: SHOW COLUMNS FROM `ex_pcode` [ RunTime:0.0028s ]
SQL: SHOW COLUMNS FROM `ex_pwcode` [ RunTime:0.0040s ]
SQL: SELECT * FROM `ex_pcode`  [ RunTime:0.0003s ]
INFO: [ view_parse ] --START--
INFO: [ template_filter ] --START--
INFO: Run Behavior\ContentReplaceBehavior [ RunTime:0.000143s ]
INFO: [ template_filter ] --END-- [ RunTime:0.000313s ]
INFO: Run Behavior\ParseTemplateBehavior [ RunTime:0.015565s ]
INFO: [ view_parse ] --END-- [ RunTime:0.015712s ]
INFO: [ view_filter ] --START--
INFO: Run Behavior\WriteHtmlCacheBehavior [ RunTime:0.000630s ]
INFO: [ view_filter ] --END-- [ RunTime:0.000719s ]
INFO: [ app_end ] --START--
INFO: Run Behavior\ShowPageTraceBehavior [ RunTime:0.000740s ]
INFO: [ app_end ] --END-- [ RunTime:0.000835s ]

[ 2017-06-05T16:46:40+08:00 ] ::1 /WebExamSystem1/index.php/Admin/Problem/codeedit/id/1/op/1.html
INFO: [ app_init ] --START--
INFO: Run Behavior\BuildLiteBehavior [ RunTime:0.000021s ]
INFO: [ app_init ] --END-- [ RunTime:0.000513s ]
INFO: [ app_begin ] --START--
INFO: Run Behavior\ReadHtmlCacheBehavior [ RunTime:0.000569s ]
INFO: [ app_begin ] --END-- [ RunTime:0.000661s ]
SQL: SHOW COLUMNS FROM `ex_user` [ RunTime:0.0028s ]
SQL: SELECT * FROM `ex_user` WHERE `id` = 1  [ RunTime:0.0003s ]
SQL: SHOW COLUMNS FROM `ex_pcode` [ RunTime:0.0027s ]
SQL: SELECT * FROM `ex_pcode` WHERE `id` = 1  [ RunTime:0.0002s ]
SQL: SHOW COLUMNS FROM `ex_subject` [ RunTime:0.0026s ]
SQL: SELECT * FROM `ex_subject` WHERE `id` = 1  [ RunTime:0.0003s ]
NOTIC: [8] Use of undefined constant cname - assumed 'cname' F:\Program\wamp\www\WebExamSystem1\Application\Common\Model\ProblemModel.class.php 第 183 行.
SQL: SHOW COLUMNS FROM `ex_chapter` [ RunTime:0.0027s ]
SQL: SELECT * FROM `ex_chapter` WHERE `id` = 1  [ RunTime:0.0002s ]
NOTIC: [8] Use of undefined constant cname - assumed 'cname' F:\Program\wamp\www\WebExamSystem1\Application\Common\Model\ProblemModel.class.php 第 190 行.
INFO: [ view_parse ] --START--
INFO: [ template_filter ] --START--
INFO: Run Behavior\ContentReplaceBehavior [ RunTime:0.000090s ]
INFO: [ template_filter ] --END-- [ RunTime:0.000191s ]
INFO: Run Behavior\ParseTemplateBehavior [ RunTime:0.012790s ]
INFO: [ view_parse ] --END-- [ RunTime:0.012914s ]
INFO: [ view_filter ] --START--
INFO: Run Behavior\WriteHtmlCacheBehavior [ RunTime:0.000704s ]
INFO: [ view_filter ] --END-- [ RunTime:0.000805s ]
INFO: [ app_end ] --START--
INFO: Run Behavior\ShowPageTraceBehavior [ RunTime:0.000825s ]
INFO: [ app_end ] --END-- [ RunTime:0.000961s ]

[ 2017-06-05T16:46:53+08:00 ] ::1 /WebExamSystem1/index.php/Admin/Problem/setCode/id/1.html
INFO: [ app_init ] --START--
INFO: Run Behavior\BuildLiteBehavior [ RunTime:0.000031s ]
INFO: [ app_init ] --END-- [ RunTime:0.000550s ]
INFO: [ app_begin ] --START--
INFO: Run Behavior\ReadHtmlCacheBehavior [ RunTime:0.001026s ]
INFO: [ app_begin ] --END-- [ RunTime:0.001163s ]
SQL: SHOW COLUMNS FROM `ex_pcode` [ RunTime:0.0027s ]
SQL: UPDATE `ex_pcode` SET `iSubid`='1',`iChaid`='1',`tTitle`='题目1',`cCorrect1`='1',`cCorrect2`='2',`cKey`='解析1' WHERE `id` = 1 [ RunTime:0.1215s ]

[ 2017-06-05T16:46:53+08:00 ] ::1 /WebExamSystem1/index.php/Admin/Problem/code.html
INFO: [ app_init ] --START--
INFO: Run Behavior\BuildLiteBehavior [ RunTime:0.000028s ]
INFO: [ app_init ] --END-- [ RunTime:0.000570s ]
INFO: [ app_begin ] --START--
INFO: Run Behavior\ReadHtmlCacheBehavior [ RunTime:0.000718s ]
INFO: [ app_begin ] --END-- [ RunTime:0.000877s ]
SQL: SHOW COLUMNS FROM `ex_user` [ RunTime:0.0030s ]
SQL: SELECT * FROM `ex_user` WHERE `id` = 1  [ RunTime:0.0002s ]
SQL: select a.id,b.cName as subName,c.cName as capName,a.tTitle from ex_pcode as a,ex_subject as b, ex_chapter as c where a.iSubid = b.id and a.iChaid = c.id; [ RunTime:0.0003s ]
NOTIC: [8] Undefined offset: 2 F:\Program\wamp\www\WebExamSystem1\Application\Admin\Controller\ProblemController.class.php 第 430 行.
SQL: SHOW COLUMNS FROM `ex_pselect` [ RunTime:0.0029s ]
SQL: SHOW COLUMNS FROM `ex_pfillblank` [ RunTime:0.0031s ]
SQL: SHOW COLUMNS FROM `ex_pjudge` [ RunTime:0.0027s ]
SQL: SHOW COLUMNS FROM `ex_preadcode` [ RunTime:0.0027s ]
SQL: SHOW COLUMNS FROM `ex_pcode` [ RunTime:0.0034s ]
SQL: SHOW COLUMNS FROM `ex_pwcode` [ RunTime:0.0036s ]
SQL: SELECT * FROM `ex_pcode`  [ RunTime:0.0002s ]
INFO: [ view_parse ] --START--
INFO: [ template_filter ] --START--
INFO: Run Behavior\ContentReplaceBehavior [ RunTime:0.000095s ]
INFO: [ template_filter ] --END-- [ RunTime:0.000188s ]
INFO: Run Behavior\ParseTemplateBehavior [ RunTime:0.013326s ]
INFO: [ view_parse ] --END-- [ RunTime:0.013422s ]
INFO: [ view_filter ] --START--
INFO: Run Behavior\WriteHtmlCacheBehavior [ RunTime:0.000475s ]
INFO: [ view_filter ] --END-- [ RunTime:0.000557s ]
INFO: [ app_end ] --START--
INFO: Run Behavior\ShowPageTraceBehavior [ RunTime:0.000578s ]
INFO: [ app_end ] --END-- [ RunTime:0.000668s ]

[ 2017-06-05T16:46:55+08:00 ] ::1 /WebExamSystem1/index.php/Admin/Problem/codeedit/id/1/op/0.html
INFO: [ app_init ] --START--
INFO: Run Behavior\BuildLiteBehavior [ RunTime:0.000021s ]
INFO: [ app_init ] --END-- [ RunTime:0.000463s ]
INFO: [ app_begin ] --START--
INFO: Run Behavior\ReadHtmlCacheBehavior [ RunTime:0.000781s ]
INFO: [ app_begin ] --END-- [ RunTime:0.000900s ]
SQL: SHOW COLUMNS FROM `ex_user` [ RunTime:0.0028s ]
SQL: SELECT * FROM `ex_user` WHERE `id` = 1  [ RunTime:0.0002s ]
SQL: SHOW COLUMNS FROM `ex_pcode` [ RunTime:0.0033s ]
SQL: SELECT * FROM `ex_pcode` WHERE `id` = 1  [ RunTime:0.0003s ]
SQL: SHOW COLUMNS FROM `ex_subject` [ RunTime:0.0036s ]
SQL: SELECT * FROM `ex_subject` WHERE `id` = 1  [ RunTime:0.0003s ]
NOTIC: [8] Use of undefined constant cname - assumed 'cname' F:\Program\wamp\www\WebExamSystem1\Application\Common\Model\ProblemModel.class.php 第 183 行.
SQL: SHOW COLUMNS FROM `ex_chapter` [ RunTime:0.0032s ]
SQL: SELECT * FROM `ex_chapter` WHERE `id` = 1  [ RunTime:0.0002s ]
NOTIC: [8] Use of undefined constant cname - assumed 'cname' F:\Program\wamp\www\WebExamSystem1\Application\Common\Model\ProblemModel.class.php 第 190 行.
INFO: [ view_parse ] --START--
INFO: [ template_filter ] --START--
INFO: Run Behavior\ContentReplaceBehavior [ RunTime:0.000084s ]
INFO: [ template_filter ] --END-- [ RunTime:0.000178s ]
INFO: Run Behavior\ParseTemplateBehavior [ RunTime:0.011869s ]
INFO: [ view_parse ] --END-- [ RunTime:0.011970s ]
INFO: [ view_filter ] --START--
INFO: Run Behavior\WriteHtmlCacheBehavior [ RunTime:0.000482s ]
INFO: [ view_filter ] --END-- [ RunTime:0.000566s ]
INFO: [ app_end ] --START--
INFO: Run Behavior\ShowPageTraceBehavior [ RunTime:0.000571s ]
INFO: [ app_end ] --END-- [ RunTime:0.000658s ]

[ 2017-06-05T16:46:56+08:00 ] ::1 /WebExamSystem1/index.php/Admin/Problem/code.html
INFO: [ app_init ] --START--
INFO: Run Behavior\BuildLiteBehavior [ RunTime:0.000019s ]
INFO: [ app_init ] --END-- [ RunTime:0.000403s ]
INFO: [ app_begin ] --START--
INFO: Run Behavior\ReadHtmlCacheBehavior [ RunTime:0.000523s ]
INFO: [ app_begin ] --END-- [ RunTime:0.000614s ]
SQL: SHOW COLUMNS FROM `ex_user` [ RunTime:0.0028s ]
SQL: SELECT * FROM `ex_user` WHERE `id` = 1  [ RunTime:0.0003s ]
SQL: select a.id,b.cName as subName,c.cName as capName,a.tTitle from ex_pcode as a,ex_subject as b, ex_chapter as c where a.iSubid = b.id and a.iChaid = c.id; [ RunTime:0.0003s ]
NOTIC: [8] Undefined offset: 2 F:\Program\wamp\www\WebExamSystem1\Application\Admin\Controller\ProblemController.class.php 第 430 行.
SQL: SHOW COLUMNS FROM `ex_pselect` [ RunTime:0.0027s ]
SQL: SHOW COLUMNS FROM `ex_pfillblank` [ RunTime:0.0029s ]
SQL: SHOW COLUMNS FROM `ex_pjudge` [ RunTime:0.0026s ]
SQL: SHOW COLUMNS FROM `ex_preadcode` [ RunTime:0.0025s ]
SQL: SHOW COLUMNS FROM `ex_pcode` [ RunTime:0.0024s ]
SQL: SHOW COLUMNS FROM `ex_pwcode` [ RunTime:0.0025s ]
SQL: SELECT * FROM `ex_pcode`  [ RunTime:0.0002s ]
INFO: [ view_parse ] --START--
INFO: [ template_filter ] --START--
INFO: Run Behavior\ContentReplaceBehavior [ RunTime:0.000086s ]
INFO: [ template_filter ] --END-- [ RunTime:0.000185s ]
INFO: Run Behavior\ParseTemplateBehavior [ RunTime:0.013104s ]
INFO: [ view_parse ] --END-- [ RunTime:0.013204s ]
INFO: [ view_filter ] --START--
INFO: Run Behavior\WriteHtmlCacheBehavior [ RunTime:0.000494s ]
INFO: [ view_filter ] --END-- [ RunTime:0.000577s ]
INFO: [ app_end ] --START--
INFO: Run Behavior\ShowPageTraceBehavior [ RunTime:0.000619s ]
INFO: [ app_end ] --END-- [ RunTime:0.000730s ]

[ 2017-06-05T16:47:03+08:00 ] ::1 /WebExamSystem1/index.php/Admin/Problem/select.html
INFO: [ app_init ] --START--
INFO: Run Behavior\BuildLiteBehavior [ RunTime:0.000022s ]
INFO: [ app_init ] --END-- [ RunTime:0.000497s ]
INFO: [ app_begin ] --START--
INFO: Run Behavior\ReadHtmlCacheBehavior [ RunTime:0.000623s ]
INFO: [ app_begin ] --END-- [ RunTime:0.000737s ]
SQL: SHOW COLUMNS FROM `ex_user` [ RunTime:0.0035s ]
SQL: SELECT * FROM `ex_user` WHERE `id` = 1  [ RunTime:0.0003s ]
SQL: select a.id,b.cName as subName,c.cName as capName,a.tTitle from ex_pselect as a,ex_subject as b, ex_chapter as c where a.iSubid = b.id and a.iChaid = c.id; [ RunTime:0.0003s ]
NOTIC: [8] Undefined offset: 5 F:\Program\wamp\www\WebExamSystem1\Application\Admin\Controller\ProblemController.class.php 第 190 行.
SQL: SHOW COLUMNS FROM `ex_pselect` [ RunTime:0.0027s ]
SQL: SHOW COLUMNS FROM `ex_pfillblank` [ RunTime:0.0026s ]
SQL: SHOW COLUMNS FROM `ex_pjudge` [ RunTime:0.0034s ]
SQL: SHOW COLUMNS FROM `ex_preadcode` [ RunTime:0.0035s ]
SQL: SHOW COLUMNS FROM `ex_pcode` [ RunTime:0.0028s ]
SQL: SHOW COLUMNS FROM `ex_pwcode` [ RunTime:0.0025s ]
SQL: SELECT * FROM `ex_pselect`  [ RunTime:0.0002s ]
INFO: [ view_parse ] --START--
INFO: [ template_filter ] --START--
INFO: Run Behavior\ContentReplaceBehavior [ RunTime:0.000077s ]
INFO: [ template_filter ] --END-- [ RunTime:0.000171s ]
INFO: Run Behavior\ParseTemplateBehavior [ RunTime:0.014228s ]
INFO: [ view_parse ] --END-- [ RunTime:0.014332s ]
INFO: [ view_filter ] --START--
INFO: Run Behavior\WriteHtmlCacheBehavior [ RunTime:0.000492s ]
INFO: [ view_filter ] --END-- [ RunTime:0.000575s ]
INFO: [ app_end ] --START--
INFO: Run Behavior\ShowPageTraceBehavior [ RunTime:0.000661s ]
INFO: [ app_end ] --END-- [ RunTime:0.000753s ]

[ 2017-06-05T16:47:07+08:00 ] ::1 /WebExamSystem1/index.php/Admin/PaperTem/index.html
INFO: [ app_init ] --START--
INFO: Run Behavior\BuildLiteBehavior [ RunTime:0.000022s ]
INFO: [ app_init ] --END-- [ RunTime:0.000501s ]
INFO: [ app_begin ] --START--
INFO: Run Behavior\ReadHtmlCacheBehavior [ RunTime:0.000582s ]
INFO: [ app_begin ] --END-- [ RunTime:0.000674s ]
SQL: SHOW COLUMNS FROM `ex_user` [ RunTime:0.0045s ]
SQL: SELECT * FROM `ex_user` WHERE `id` = 12  [ RunTime:0.0003s ]
INFO: [ view_parse ] --START--
INFO: [ template_filter ] --START--
INFO: Run Behavior\ContentReplaceBehavior [ RunTime:0.000081s ]
INFO: [ template_filter ] --END-- [ RunTime:0.000176s ]
NOTIC: [8] Undefined variable: leftnum F:\Program\wamp\www\WebExamSystem1\Application\Runtime\Cache\Admin\a1761f9c719baffa45c6add15d8efca6.php 第 41 行.
NOTIC: [8] Undefined variable: list F:\Program\wamp\www\WebExamSystem1\Application\Runtime\Cache\Admin\a1761f9c719baffa45c6add15d8efca6.php 第 88 行.
NOTIC: [8] Undefined variable: nowpage F:\Program\wamp\www\WebExamSystem1\Application\Runtime\Cache\Admin\a1761f9c719baffa45c6add15d8efca6.php 第 108 行.
NOTIC: [8] Undefined variable: total F:\Program\wamp\www\WebExamSystem1\Application\Runtime\Cache\Admin\a1761f9c719baffa45c6add15d8efca6.php 第 111 行.
NOTIC: [8] Undefined variable: nowpage F:\Program\wamp\www\WebExamSystem1\Application\Runtime\Cache\Admin\a1761f9c719baffa45c6add15d8efca6.php 第 111 行.
NOTIC: [8] Undefined variable: total F:\Program\wamp\www\WebExamSystem1\Application\Runtime\Cache\Admin\a1761f9c719baffa45c6add15d8efca6.php 第 114 行.
NOTIC: [8] Undefined variable: subjects F:\Program\wamp\www\WebExamSystem1\Application\Runtime\Cache\Admin\a1761f9c719baffa45c6add15d8efca6.php 第 133 行.
INFO: Run Behavior\ParseTemplateBehavior [ RunTime:0.013406s ]
INFO: [ view_parse ] --END-- [ RunTime:0.013531s ]
INFO: [ view_filter ] --START--
INFO: Run Behavior\WriteHtmlCacheBehavior [ RunTime:0.000540s ]
INFO: [ view_filter ] --END-- [ RunTime:0.000665s ]
INFO: [ app_end ] --START--
INFO: Run Behavior\ShowPageTraceBehavior [ RunTime:0.000958s ]
INFO: [ app_end ] --END-- [ RunTime:0.001139s ]

[ 2017-06-05T16:48:44+08:00 ] ::1 /WebExamSystem1/index.php/Admin/PaperTem/index.html
INFO: [ app_init ] --START--
INFO: Run Behavior\BuildLiteBehavior [ RunTime:0.000020s ]
INFO: [ app_init ] --END-- [ RunTime:0.000457s ]
INFO: [ app_begin ] --START--
INFO: Run Behavior\ReadHtmlCacheBehavior [ RunTime:0.000579s ]
INFO: [ app_begin ] --END-- [ RunTime:0.000673s ]
SQL: SHOW COLUMNS FROM `ex_user` [ RunTime:0.0025s ]
SQL: SELECT * FROM `ex_user` WHERE `id` = 1  [ RunTime:0.0002s ]
INFO: [ view_parse ] --START--
INFO: [ template_filter ] --START--
INFO: Run Behavior\ContentReplaceBehavior [ RunTime:0.000109s ]
INFO: [ template_filter ] --END-- [ RunTime:0.000232s ]
NOTIC: [8] Undefined variable: list F:\Program\wamp\www\WebExamSystem1\Application\Runtime\Cache\Admin\a1761f9c719baffa45c6add15d8efca6.php 第 88 行.
NOTIC: [8] Undefined variable: nowpage F:\Program\wamp\www\WebExamSystem1\Application\Runtime\Cache\Admin\a1761f9c719baffa45c6add15d8efca6.php 第 108 行.
NOTIC: [8] Undefined variable: total F:\Program\wamp\www\WebExamSystem1\Application\Runtime\Cache\Admin\a1761f9c719baffa45c6add15d8efca6.php 第 111 行.
NOTIC: [8] Undefined variable: nowpage F:\Program\wamp\www\WebExamSystem1\Application\Runtime\Cache\Admin\a1761f9c719baffa45c6add15d8efca6.php 第 111 行.
NOTIC: [8] Undefined variable: total F:\Program\wamp\www\WebExamSystem1\Application\Runtime\Cache\Admin\a1761f9c719baffa45c6add15d8efca6.php 第 114 行.
NOTIC: [8] Undefined variable: subjects F:\Program\wamp\www\WebExamSystem1\Application\Runtime\Cache\Admin\a1761f9c719baffa45c6add15d8efca6.php 第 133 行.
INFO: Run Behavior\ParseTemplateBehavior [ RunTime:0.013517s ]
INFO: [ view_parse ] --END-- [ RunTime:0.013610s ]
INFO: [ view_filter ] --START--
INFO: Run Behavior\WriteHtmlCacheBehavior [ RunTime:0.000583s ]
INFO: [ view_filter ] --END-- [ RunTime:0.000674s ]
INFO: [ app_end ] --START--
INFO: Run Behavior\ShowPageTraceBehavior [ RunTime:0.001284s ]
INFO: [ app_end ] --END-- [ RunTime:0.001413s ]

[ 2017-06-05T17:23:26+08:00 ] ::1 /WebExamSystem1/index.php/Admin/PaperTem/index.html
INFO: [ app_init ] --START--
INFO: Run Behavior\BuildLiteBehavior [ RunTime:0.000023s ]
INFO: [ app_init ] --END-- [ RunTime:0.000480s ]
INFO: [ app_begin ] --START--
INFO: Run Behavior\ReadHtmlCacheBehavior [ RunTime:0.000643s ]
INFO: [ app_begin ] --END-- [ RunTime:0.000755s ]
NOTIC: [2048] Declaration of Admin\Controller\PaperTemController::index() should be compatible with Admin\Controller\BaseController::index() F:\Program\wamp\www\WebExamSystem1\Application\Admin\Controller\PaperTemController.class.php 第 4 行.
ERR: 参数错误或者未定义:pageNum

[ 2017-06-05T17:23:45+08:00 ] ::1 /WebExamSystem1/index.php/Admin/PaperTem/index.html
INFO: [ app_init ] --START--
INFO: Run Behavior\BuildLiteBehavior [ RunTime:0.000032s ]
INFO: [ app_init ] --END-- [ RunTime:0.000507s ]
INFO: [ app_begin ] --START--
INFO: Run Behavior\ReadHtmlCacheBehavior [ RunTime:0.000829s ]
INFO: [ app_begin ] --END-- [ RunTime:0.000957s ]
SQL: SHOW COLUMNS FROM `ex_user` [ RunTime:0.0036s ]
SQL: SELECT * FROM `ex_user` WHERE `id` = 1  [ RunTime:0.0003s ]
ERR: Think\Controller:getPapTemList方法不存在！

[ 2017-06-05T17:25:02+08:00 ] ::1 /WebExamSystem1/index.php/Admin/PaperTem/index.html
INFO: [ app_init ] --START--
INFO: Run Behavior\BuildLiteBehavior [ RunTime:0.000022s ]
INFO: [ app_init ] --END-- [ RunTime:0.000571s ]
INFO: [ app_begin ] --START--
INFO: Run Behavior\ReadHtmlCacheBehavior [ RunTime:0.000682s ]
INFO: [ app_begin ] --END-- [ RunTime:0.000799s ]
SQL: SHOW COLUMNS FROM `ex_user` [ RunTime:0.0037s ]
SQL: SELECT * FROM `ex_user` WHERE `id` = 1  [ RunTime:0.0003s ]

[ 2017-06-05T17:25:19+08:00 ] ::1 /WebExamSystem1/index.php/Admin/PaperTem/index.html
INFO: [ app_init ] --START--
INFO: Run Behavior\BuildLiteBehavior [ RunTime:0.000031s ]
INFO: [ app_init ] --END-- [ RunTime:0.000557s ]
INFO: [ app_begin ] --START--
INFO: Run Behavior\ReadHtmlCacheBehavior [ RunTime:0.000588s ]
INFO: [ app_begin ] --END-- [ RunTime:0.000689s ]
SQL: SHOW COLUMNS FROM `ex_user` [ RunTime:0.0036s ]
SQL: SELECT * FROM `ex_user` WHERE `id` = 1  [ RunTime:0.0002s ]
SQL: SHOW COLUMNS FROM `ex_paptemplate` [ RunTime:0.0740s ]
SQL: SELECT * FROM `ex_paptemplate`  [ RunTime:0.0002s ]
SQL: SHOW COLUMNS FROM `ex_subject` [ RunTime:0.0025s ]
SQL: SELECT * FROM `ex_subject` WHERE `id` = 1  [ RunTime:0.0002s ]
INFO: [ view_parse ] --START--
INFO: [ template_filter ] --START--
INFO: Run Behavior\ContentReplaceBehavior [ RunTime:0.000088s ]
INFO: [ template_filter ] --END-- [ RunTime:0.000183s ]
NOTIC: [8] Undefined variable: nowpage F:\Program\wamp\www\WebExamSystem1\Application\Runtime\Cache\Admin\a1761f9c719baffa45c6add15d8efca6.php 第 108 行.
NOTIC: [8] Undefined variable: total F:\Program\wamp\www\WebExamSystem1\Application\Runtime\Cache\Admin\a1761f9c719baffa45c6add15d8efca6.php 第 111 行.
NOTIC: [8] Undefined variable: nowpage F:\Program\wamp\www\WebExamSystem1\Application\Runtime\Cache\Admin\a1761f9c719baffa45c6add15d8efca6.php 第 111 行.
NOTIC: [8] Undefined variable: total F:\Program\wamp\www\WebExamSystem1\Application\Runtime\Cache\Admin\a1761f9c719baffa45c6add15d8efca6.php 第 114 行.
NOTIC: [8] Undefined variable: subjects F:\Program\wamp\www\WebExamSystem1\Application\Runtime\Cache\Admin\a1761f9c719baffa45c6add15d8efca6.php 第 133 行.
INFO: Run Behavior\ParseTemplateBehavior [ RunTime:0.012997s ]
INFO: [ view_parse ] --END-- [ RunTime:0.013112s ]
INFO: [ view_filter ] --START--
INFO: Run Behavior\WriteHtmlCacheBehavior [ RunTime:0.000570s ]
INFO: [ view_filter ] --END-- [ RunTime:0.000661s ]
INFO: [ app_end ] --START--
INFO: Run Behavior\ShowPageTraceBehavior [ RunTime:0.000962s ]
INFO: [ app_end ] --END-- [ RunTime:0.001078s ]

