[ 2017-06-03T23:47:11+08:00 ] ::1 /WebExamSystem/index.php/Admin/index/index
INFO: [ app_init ] --START--
INFO: Run Behavior\BuildLiteBehavior [ RunTime:0.000020s ]
INFO: [ app_init ] --END-- [ RunTime:0.000439s ]
INFO: [ app_begin ] --START--
INFO: Run Behavior\ReadHtmlCacheBehavior [ RunTime:0.000576s ]
INFO: [ app_begin ] --END-- [ RunTime:0.000666s ]
SQL: SHOW COLUMNS FROM `ex_user` [ RunTime:0.0040s ]
SQL: SELECT * FROM `ex_user` WHERE `id` = 1  [ RunTime:0.0003s ]
SQL: SHOW COLUMNS FROM `ex_pselect` [ RunTime:0.0031s ]
SQL: SHOW COLUMNS FROM `ex_pfillblank` [ RunTime:0.0030s ]
SQL: SHOW COLUMNS FROM `ex_pjudge` [ RunTime:0.0029s ]
SQL: SHOW COLUMNS FROM `ex_preadcode` [ RunTime:0.0031s ]
SQL: SHOW COLUMNS FROM `ex_pcode` [ RunTime:0.0030s ]
SQL: SHOW COLUMNS FROM `ex_pwcode` [ RunTime:0.0033s ]
SQL: SELECT * FROM `ex_pselect`  [ RunTime:0.0003s ]
SQL: SELECT * FROM `ex_pfillblank`  [ RunTime:0.0002s ]
SQL: SELECT * FROM `ex_pjudge`  [ RunTime:0.0002s ]
SQL: SELECT * FROM `ex_preadcode`  [ RunTime:0.0002s ]
SQL: SELECT * FROM `ex_pcode`  [ RunTime:0.0002s ]
NOTIC: [8] Undefined variable: subjects F:\Program\wamp\www\WebExamSystem\Application\Admin\Controller\IndexController.class.php 第 10 行.
INFO: [ view_parse ] --START--
INFO: [ template_filter ] --START--
INFO: Run Behavior\ContentReplaceBehavior [ RunTime:0.000084s ]
INFO: [ template_filter ] --END-- [ RunTime:0.000188s ]
INFO: Run Behavior\ParseTemplateBehavior [ RunTime:0.012777s ]
INFO: [ view_parse ] --END-- [ RunTime:0.012880s ]
INFO: [ view_filter ] --START--
INFO: Run Behavior\WriteHtmlCacheBehavior [ RunTime:0.000476s ]
INFO: [ view_filter ] --END-- [ RunTime:0.000563s ]
INFO: [ app_end ] --START--
INFO: Run Behavior\ShowPageTraceBehavior [ RunTime:0.000607s ]
INFO: [ app_end ] --END-- [ RunTime:0.000697s ]

[ 2017-06-03T23:47:19+08:00 ] ::1 /WebExamSystem/index.php/Admin/Problem/select.html
INFO: [ app_init ] --START--
INFO: Run Behavior\BuildLiteBehavior [ RunTime:0.000021s ]
INFO: [ app_init ] --END-- [ RunTime:0.000459s ]
INFO: [ app_begin ] --START--
INFO: Run Behavior\ReadHtmlCacheBehavior [ RunTime:0.000592s ]
INFO: [ app_begin ] --END-- [ RunTime:0.000691s ]
SQL: SHOW COLUMNS FROM `ex_user` [ RunTime:0.0070s ]
SQL: SELECT * FROM `ex_user` WHERE `id` = 1  [ RunTime:0.0002s ]
SQL: select a.id,b.cName as subName,c.cName as capName,a.tTitle from ex_pselect as a,ex_subject as b, ex_chapter as c where a.iSubid = b.id and a.iChaid = c.id; [ RunTime:0.0004s ]
NOTIC: [8] Undefined offset: 5 F:\Program\wamp\www\WebExamSystem\Application\Admin\Controller\ProblemController.class.php 第 190 行.
SQL: SHOW COLUMNS FROM `ex_pselect` [ RunTime:0.0030s ]
SQL: SHOW COLUMNS FROM `ex_pfillblank` [ RunTime:0.0027s ]
SQL: SHOW COLUMNS FROM `ex_pjudge` [ RunTime:0.0027s ]
SQL: SHOW COLUMNS FROM `ex_preadcode` [ RunTime:0.0031s ]
SQL: SHOW COLUMNS FROM `ex_pcode` [ RunTime:0.0033s ]
SQL: SHOW COLUMNS FROM `ex_pwcode` [ RunTime:0.0030s ]
SQL: SELECT * FROM `ex_pselect`  [ RunTime:0.0002s ]
INFO: [ view_parse ] --START--
INFO: [ template_filter ] --START--
INFO: Run Behavior\ContentReplaceBehavior [ RunTime:0.000053s ]
INFO: [ template_filter ] --END-- [ RunTime:0.000148s ]
INFO: Run Behavior\ParseTemplateBehavior [ RunTime:0.002734s ]
INFO: [ view_parse ] --END-- [ RunTime:0.002842s ]
INFO: [ view_filter ] --START--
INFO: Run Behavior\WriteHtmlCacheBehavior [ RunTime:0.000540s ]
INFO: [ view_filter ] --END-- [ RunTime:0.000637s ]
INFO: [ app_end ] --START--
INFO: Run Behavior\ShowPageTraceBehavior [ RunTime:0.000654s ]
INFO: [ app_end ] --END-- [ RunTime:0.000748s ]

