[ 2017-06-06T12:45:03+08:00 ] ::1 /WebExamSystem1/index.php/Admin/Index/index.html
INFO: [ app_init ] --START--
INFO: Run Behavior\BuildLiteBehavior [ RunTime:0.000023s ]
INFO: [ app_init ] --END-- [ RunTime:0.001314s ]
INFO: [ app_begin ] --START--
INFO: Run Behavior\ReadHtmlCacheBehavior [ RunTime:0.000774s ]
INFO: [ app_begin ] --END-- [ RunTime:0.000874s ]
SQL: SHOW COLUMNS FROM `ex_user` [ RunTime:0.0039s ]
SQL: SELECT * FROM `ex_user` WHERE `id` = null  [ RunTime:0.0002s ]

[ 2017-06-06T12:45:03+08:00 ] ::1 /WebExamSystem1/index.php/Admin/Login/error.html
INFO: [ app_init ] --START--
INFO: Run Behavior\BuildLiteBehavior [ RunTime:0.000026s ]
INFO: [ app_init ] --END-- [ RunTime:0.000460s ]
INFO: [ app_begin ] --START--
INFO: Run Behavior\ReadHtmlCacheBehavior [ RunTime:0.000442s ]
INFO: [ app_begin ] --END-- [ RunTime:0.000537s ]
NOTIC: [2048] Declaration of Admin\Controller\LoginController::error() should be compatible with Think\Controller::error($message = '', $jumpUrl = '', $ajax = false) F:\Program\wamp\www\WebExamSystem1\Application\Admin\Controller\LoginController.class.php 第 4 行.
INFO: [ view_parse ] --START--
INFO: [ template_filter ] --START--
INFO: Run Behavior\ContentReplaceBehavior [ RunTime:0.016926s ]
INFO: [ template_filter ] --END-- [ RunTime:0.017045s ]
INFO: Run Behavior\ParseTemplateBehavior [ RunTime:0.087954s ]
INFO: [ view_parse ] --END-- [ RunTime:0.088063s ]
INFO: [ view_filter ] --START--
INFO: Run Behavior\WriteHtmlCacheBehavior [ RunTime:0.006225s ]
INFO: [ view_filter ] --END-- [ RunTime:0.006323s ]
INFO: [ app_end ] --START--
INFO: Run Behavior\ShowPageTraceBehavior [ RunTime:0.000748s ]
INFO: [ app_end ] --END-- [ RunTime:0.000838s ]

[ 2017-06-06T12:45:05+08:00 ] ::1 /WebExamSystem1/index.php/Admin/Login/index.html
INFO: [ app_init ] --START--
INFO: Run Behavior\BuildLiteBehavior [ RunTime:0.000022s ]
INFO: [ app_init ] --END-- [ RunTime:0.000385s ]
INFO: [ app_begin ] --START--
INFO: Run Behavior\ReadHtmlCacheBehavior [ RunTime:0.000399s ]
INFO: [ app_begin ] --END-- [ RunTime:0.000487s ]
NOTIC: [2048] Declaration of Admin\Controller\LoginController::error() should be compatible with Think\Controller::error($message = '', $jumpUrl = '', $ajax = false) F:\Program\wamp\www\WebExamSystem1\Application\Admin\Controller\LoginController.class.php 第 4 行.
INFO: [ view_parse ] --START--
INFO: [ template_filter ] --START--
INFO: Run Behavior\ContentReplaceBehavior [ RunTime:0.000059s ]
INFO: [ template_filter ] --END-- [ RunTime:0.000154s ]
INFO: Run Behavior\ParseTemplateBehavior [ RunTime:0.006644s ]
INFO: [ view_parse ] --END-- [ RunTime:0.006745s ]
INFO: [ view_filter ] --START--
INFO: Run Behavior\WriteHtmlCacheBehavior [ RunTime:0.000438s ]
INFO: [ view_filter ] --END-- [ RunTime:0.000524s ]
INFO: [ app_end ] --START--
INFO: Run Behavior\ShowPageTraceBehavior [ RunTime:0.000541s ]
INFO: [ app_end ] --END-- [ RunTime:0.000627s ]

[ 2017-06-06T12:45:09+08:00 ] ::1 /WebExamSystem1/index.php/Admin/Login/login
INFO: [ app_init ] --START--
INFO: Run Behavior\BuildLiteBehavior [ RunTime:0.000025s ]
INFO: [ app_init ] --END-- [ RunTime:0.000584s ]
INFO: [ app_begin ] --START--
INFO: Run Behavior\ReadHtmlCacheBehavior [ RunTime:0.000608s ]
INFO: [ app_begin ] --END-- [ RunTime:0.000711s ]
NOTIC: [2048] Declaration of Admin\Controller\LoginController::error() should be compatible with Think\Controller::error($message = '', $jumpUrl = '', $ajax = false) F:\Program\wamp\www\WebExamSystem1\Application\Admin\Controller\LoginController.class.php 第 4 行.
SQL: SHOW COLUMNS FROM `ex_user` [ RunTime:0.0023s ]
SQL: SELECT * FROM `ex_user`  [ RunTime:0.0400s ]
SQL: SELECT * FROM `ex_user`  [ RunTime:0.0002s ]

[ 2017-06-06T12:45:13+08:00 ] ::1 /WebExamSystem1/index.php/Admin/Login/login
INFO: [ app_init ] --START--
INFO: Run Behavior\BuildLiteBehavior [ RunTime:0.000027s ]
INFO: [ app_init ] --END-- [ RunTime:0.000525s ]
INFO: [ app_begin ] --START--
INFO: Run Behavior\ReadHtmlCacheBehavior [ RunTime:0.000598s ]
INFO: [ app_begin ] --END-- [ RunTime:0.000692s ]
NOTIC: [2048] Declaration of Admin\Controller\LoginController::error() should be compatible with Think\Controller::error($message = '', $jumpUrl = '', $ajax = false) F:\Program\wamp\www\WebExamSystem1\Application\Admin\Controller\LoginController.class.php 第 4 行.
SQL: SHOW COLUMNS FROM `ex_user` [ RunTime:0.0028s ]
SQL: SELECT * FROM `ex_user`  [ RunTime:0.0002s ]
SQL: SELECT * FROM `ex_user`  [ RunTime:0.0001s ]
SQL: SELECT * FROM `ex_user`  [ RunTime:0.0001s ]

[ 2017-06-06T12:45:13+08:00 ] ::1 /WebExamSystem1/index.php/Admin/Index/index
INFO: [ app_init ] --START--
INFO: Run Behavior\BuildLiteBehavior [ RunTime:0.000022s ]
INFO: [ app_init ] --END-- [ RunTime:0.000421s ]
INFO: [ app_begin ] --START--
INFO: Run Behavior\ReadHtmlCacheBehavior [ RunTime:0.000551s ]
INFO: [ app_begin ] --END-- [ RunTime:0.000643s ]
SQL: SHOW COLUMNS FROM `ex_user` [ RunTime:0.0022s ]
SQL: SELECT * FROM `ex_user` WHERE `id` = 1  [ RunTime:0.0003s ]
SQL: SHOW COLUMNS FROM `ex_pselect` [ RunTime:0.0031s ]
SQL: SHOW COLUMNS FROM `ex_pfillblank` [ RunTime:0.0022s ]
SQL: SHOW COLUMNS FROM `ex_pjudge` [ RunTime:0.0021s ]
SQL: SHOW COLUMNS FROM `ex_preadcode` [ RunTime:0.0021s ]
SQL: SHOW COLUMNS FROM `ex_pcode` [ RunTime:0.0024s ]
SQL: SHOW COLUMNS FROM `ex_pwcode` [ RunTime:0.0020s ]
SQL: SELECT * FROM `ex_pselect`  [ RunTime:0.0009s ]
SQL: SELECT * FROM `ex_pfillblank`  [ RunTime:0.0008s ]
SQL: SELECT * FROM `ex_pjudge`  [ RunTime:0.0007s ]
SQL: SELECT * FROM `ex_preadcode`  [ RunTime:0.0007s ]
SQL: SELECT * FROM `ex_pcode`  [ RunTime:0.0009s ]
NOTIC: [8] Undefined variable: subjects F:\Program\wamp\www\WebExamSystem1\Application\Admin\Controller\IndexController.class.php 第 10 行.
INFO: [ view_parse ] --START--
INFO: [ template_filter ] --START--
INFO: Run Behavior\ContentReplaceBehavior [ RunTime:0.000072s ]
INFO: [ template_filter ] --END-- [ RunTime:0.000165s ]
INFO: Run Behavior\ParseTemplateBehavior [ RunTime:0.011133s ]
INFO: [ view_parse ] --END-- [ RunTime:0.011225s ]
INFO: [ view_filter ] --START--
INFO: Run Behavior\WriteHtmlCacheBehavior [ RunTime:0.000438s ]
INFO: [ view_filter ] --END-- [ RunTime:0.000520s ]
INFO: [ app_end ] --START--
INFO: Run Behavior\ShowPageTraceBehavior [ RunTime:0.000579s ]
INFO: [ app_end ] --END-- [ RunTime:0.000663s ]

[ 2017-06-06T12:45:17+08:00 ] ::1 /WebExamSystem1/index.php/Admin/PaperTem/index.html
INFO: [ app_init ] --START--
INFO: Run Behavior\BuildLiteBehavior [ RunTime:0.000021s ]
INFO: [ app_init ] --END-- [ RunTime:0.000410s ]
INFO: [ app_begin ] --START--
INFO: Run Behavior\ReadHtmlCacheBehavior [ RunTime:0.000571s ]
INFO: [ app_begin ] --END-- [ RunTime:0.000660s ]
SQL: SHOW COLUMNS FROM `ex_user` [ RunTime:0.0021s ]
SQL: SELECT * FROM `ex_user` WHERE `id` = 1  [ RunTime:0.0002s ]
SQL: SHOW COLUMNS FROM `ex_paptemplate` [ RunTime:0.0023s ]
SQL: SELECT * FROM `ex_paptemplate`  [ RunTime:0.0009s ]
SQL: SHOW COLUMNS FROM `ex_subject` [ RunTime:0.0020s ]
SQL: SELECT * FROM `ex_subject` WHERE `id` = 1  [ RunTime:0.0006s ]
SQL: SELECT * FROM `ex_subject`  [ RunTime:0.0002s ]
INFO: [ view_parse ] --START--
INFO: [ template_filter ] --START--
INFO: Run Behavior\ContentReplaceBehavior [ RunTime:0.000088s ]
INFO: [ template_filter ] --END-- [ RunTime:0.000185s ]
INFO: Run Behavior\ParseTemplateBehavior [ RunTime:0.021185s ]
INFO: [ view_parse ] --END-- [ RunTime:0.021284s ]
INFO: [ view_filter ] --START--
INFO: Run Behavior\WriteHtmlCacheBehavior [ RunTime:0.000579s ]
INFO: [ view_filter ] --END-- [ RunTime:0.000666s ]
INFO: [ app_end ] --START--
INFO: Run Behavior\ShowPageTraceBehavior [ RunTime:0.000634s ]
INFO: [ app_end ] --END-- [ RunTime:0.000727s ]

[ 2017-06-06T12:45:50+08:00 ] ::1 /WebExamSystem1/index.php/Admin/PaperTem/edit/id/3.html
INFO: [ app_init ] --START--
INFO: Run Behavior\BuildLiteBehavior [ RunTime:0.000022s ]
INFO: [ app_init ] --END-- [ RunTime:0.000445s ]
INFO: [ app_begin ] --START--
INFO: Run Behavior\ReadHtmlCacheBehavior [ RunTime:0.000563s ]
INFO: [ app_begin ] --END-- [ RunTime:0.000652s ]
SQL: SHOW COLUMNS FROM `ex_user` [ RunTime:0.0023s ]
SQL: SELECT * FROM `ex_user` WHERE `id` = 1  [ RunTime:0.0002s ]
SQL: SHOW COLUMNS FROM `ex_paptemplate` [ RunTime:0.0022s ]
SQL: SELECT * FROM `ex_paptemplate` WHERE `id` = 3  [ RunTime:0.0002s ]
SQL: SHOW COLUMNS FROM `ex_temproblem` [ RunTime:0.0022s ]
NOTIC: [8] Undefined variable: id F:\Program\wamp\www\WebExamSystem1\Application\Common\Model\PaptemplateModel.class.php 第 32 行.
SQL: SELECT * FROM `ex_temproblem` WHERE `iTemid` = null  [ RunTime:0.0005s ]
INFO: [ view_parse ] --START--
INFO: [ template_filter ] --START--
INFO: Run Behavior\ContentReplaceBehavior [ RunTime:0.000082s ]
INFO: [ template_filter ] --END-- [ RunTime:0.000175s ]
INFO: Run Behavior\ParseTemplateBehavior [ RunTime:0.010555s ]
INFO: [ view_parse ] --END-- [ RunTime:0.010655s ]
INFO: [ view_filter ] --START--
INFO: Run Behavior\WriteHtmlCacheBehavior [ RunTime:0.000517s ]
INFO: [ view_filter ] --END-- [ RunTime:0.000608s ]
INFO: [ app_end ] --START--
INFO: Run Behavior\ShowPageTraceBehavior [ RunTime:0.000625s ]
INFO: [ app_end ] --END-- [ RunTime:0.000728s ]

[ 2017-06-06T12:57:05+08:00 ] ::1 /WebExamSystem1/index.php/Admin/PaperTem/edit/id/3.html
INFO: [ app_init ] --START--
INFO: Run Behavior\BuildLiteBehavior [ RunTime:0.000023s ]
INFO: [ app_init ] --END-- [ RunTime:0.000459s ]
INFO: [ app_begin ] --START--
INFO: Run Behavior\ReadHtmlCacheBehavior [ RunTime:0.000599s ]
INFO: [ app_begin ] --END-- [ RunTime:0.000695s ]
SQL: SHOW COLUMNS FROM `ex_user` [ RunTime:0.0022s ]
SQL: SELECT * FROM `ex_user` WHERE `id` = 1  [ RunTime:0.0002s ]
SQL: SHOW COLUMNS FROM `ex_paptemplate` [ RunTime:0.0021s ]
SQL: SELECT * FROM `ex_paptemplate` WHERE `id` = 3  [ RunTime:0.0002s ]
SQL: SHOW COLUMNS FROM `ex_temproblem` [ RunTime:0.0026s ]
NOTIC: [8] Undefined variable: id F:\Program\wamp\www\WebExamSystem1\Application\Common\Model\PaptemplateModel.class.php 第 32 行.
SQL: SELECT * FROM `ex_temproblem` WHERE `iTemid` = null  [ RunTime:0.0003s ]
INFO: [ view_parse ] --START--
INFO: [ template_filter ] --START--
INFO: Run Behavior\ContentReplaceBehavior [ RunTime:0.000082s ]
INFO: [ template_filter ] --END-- [ RunTime:0.000180s ]
INFO: Run Behavior\ParseTemplateBehavior [ RunTime:0.010540s ]
INFO: [ view_parse ] --END-- [ RunTime:0.010643s ]
INFO: [ view_filter ] --START--
INFO: Run Behavior\WriteHtmlCacheBehavior [ RunTime:0.000524s ]
INFO: [ view_filter ] --END-- [ RunTime:0.000616s ]
INFO: [ app_end ] --START--
INFO: Run Behavior\ShowPageTraceBehavior [ RunTime:0.000625s ]
INFO: [ app_end ] --END-- [ RunTime:0.000722s ]

[ 2017-06-06T13:02:42+08:00 ] ::1 /WebExamSystem1/index.php/Admin/PaperTem/edit/id/3.html
INFO: [ app_init ] --START--
INFO: Run Behavior\BuildLiteBehavior [ RunTime:0.000020s ]
INFO: [ app_init ] --END-- [ RunTime:0.000400s ]
INFO: [ app_begin ] --START--
INFO: Run Behavior\ReadHtmlCacheBehavior [ RunTime:0.000497s ]
INFO: [ app_begin ] --END-- [ RunTime:0.000589s ]
SQL: SHOW COLUMNS FROM `ex_user` [ RunTime:0.0022s ]
SQL: SELECT * FROM `ex_user` WHERE `id` = 1  [ RunTime:0.0002s ]
SQL: SHOW COLUMNS FROM `ex_paptemplate` [ RunTime:0.0024s ]
SQL: SELECT * FROM `ex_paptemplate` WHERE `id` = 3  [ RunTime:0.0003s ]
SQL: SHOW COLUMNS FROM `ex_temproblem` [ RunTime:0.0024s ]
NOTIC: [8] Undefined variable: id F:\Program\wamp\www\WebExamSystem1\Application\Common\Model\PaptemplateModel.class.php 第 32 行.
SQL: SELECT * FROM `ex_temproblem` WHERE `iTemid` = null  [ RunTime:0.0002s ]
INFO: [ view_parse ] --START--
INFO: [ template_filter ] --START--
INFO: Run Behavior\ContentReplaceBehavior [ RunTime:0.000331s ]
INFO: [ template_filter ] --END-- [ RunTime:0.000424s ]
INFO: Run Behavior\ParseTemplateBehavior [ RunTime:0.011185s ]
INFO: [ view_parse ] --END-- [ RunTime:0.011315s ]
INFO: [ view_filter ] --START--
INFO: Run Behavior\WriteHtmlCacheBehavior [ RunTime:0.000469s ]
INFO: [ view_filter ] --END-- [ RunTime:0.000559s ]
INFO: [ app_end ] --START--
INFO: Run Behavior\ShowPageTraceBehavior [ RunTime:0.000651s ]
INFO: [ app_end ] --END-- [ RunTime:0.000754s ]

[ 2017-06-06T13:02:44+08:00 ] ::1 /WebExamSystem1/index.php/Admin/PaperTem/getType.html
INFO: [ app_init ] --START--
INFO: Run Behavior\BuildLiteBehavior [ RunTime:0.000059s ]
INFO: [ app_init ] --END-- [ RunTime:0.000638s ]
INFO: [ app_begin ] --START--
INFO: Run Behavior\ReadHtmlCacheBehavior [ RunTime:0.000525s ]
INFO: [ app_begin ] --END-- [ RunTime:0.000610s ]
SQL: SHOW COLUMNS FROM `ex_prbtype` [ RunTime:0.0021s ]
SQL: SELECT * FROM `ex_prbtype`  [ RunTime:0.0006s ]

[ 2017-06-06T13:02:44+08:00 ] ::1 /WebExamSystem1/index.php/Admin/PaperTem/getChapter.html
INFO: [ app_init ] --START--
INFO: Run Behavior\BuildLiteBehavior [ RunTime:0.000023s ]
INFO: [ app_init ] --END-- [ RunTime:0.000516s ]
INFO: [ app_begin ] --START--
INFO: Run Behavior\ReadHtmlCacheBehavior [ RunTime:0.000614s ]
INFO: [ app_begin ] --END-- [ RunTime:0.000693s ]
SQL: SHOW COLUMNS FROM `ex_chapter` [ RunTime:0.0023s ]
SQL: SELECT * FROM `ex_chapter` WHERE `iSubid` = 1  [ RunTime:0.0006s ]

[ 2017-06-06T13:02:55+08:00 ] ::1 /WebExamSystem1/index.php/Admin/PaperTem/addPrb/temid/3.html
INFO: [ app_init ] --START--
INFO: Run Behavior\BuildLiteBehavior [ RunTime:0.000023s ]
INFO: [ app_init ] --END-- [ RunTime:0.000525s ]
INFO: [ app_begin ] --START--
INFO: Run Behavior\ReadHtmlCacheBehavior [ RunTime:0.000641s ]
INFO: [ app_begin ] --END-- [ RunTime:0.000742s ]
SQL: SHOW COLUMNS FROM `ex_paptemplate` [ RunTime:0.0023s ]
SQL: SELECT * FROM `ex_paptemplate` WHERE `id` = 3  [ RunTime:0.0002s ]
NOTIC: [8] Use of undefined constant iPrbNum - assumed 'iPrbNum' F:\Program\wamp\www\WebExamSystem1\Application\Admin\Controller\PaperTemController.class.php 第 53 行.
NOTIC: [8] Undefined index: iPrbNum F:\Program\wamp\www\WebExamSystem1\Application\Admin\Controller\PaperTemController.class.php 第 53 行.
SQL: SELECT * FROM `ex_paptemplate` WHERE `id` = 3  [ RunTime:0.0002s ]
NOTIC: [8] Use of undefined constant iTotScore - assumed 'iTotScore' F:\Program\wamp\www\WebExamSystem1\Application\Admin\Controller\PaperTemController.class.php 第 54 行.
NOTIC: [8] Undefined index: iTotScore F:\Program\wamp\www\WebExamSystem1\Application\Admin\Controller\PaperTemController.class.php 第 54 行.
NOTIC: [8] Use of undefined constant post - assumed 'post' F:\Program\wamp\www\WebExamSystem1\Application\Admin\Controller\PaperTemController.class.php 第 56 行.
NOTIC: [8] Use of undefined constant typeid - assumed 'typeid' F:\Program\wamp\www\WebExamSystem1\Application\Admin\Controller\PaperTemController.class.php 第 56 行.
NOTIC: [8] Use of undefined constant post - assumed 'post' F:\Program\wamp\www\WebExamSystem1\Application\Admin\Controller\PaperTemController.class.php 第 57 行.
NOTIC: [8] Use of undefined constant chaid - assumed 'chaid' F:\Program\wamp\www\WebExamSystem1\Application\Admin\Controller\PaperTemController.class.php 第 57 行.
NOTIC: [8] Use of undefined constant post - assumed 'post' F:\Program\wamp\www\WebExamSystem1\Application\Admin\Controller\PaperTemController.class.php 第 58 行.
NOTIC: [8] Use of undefined constant score - assumed 'score' F:\Program\wamp\www\WebExamSystem1\Application\Admin\Controller\PaperTemController.class.php 第 58 行.
NOTIC: [8] Use of undefined constant post - assumed 'post' F:\Program\wamp\www\WebExamSystem1\Application\Admin\Controller\PaperTemController.class.php 第 59 行.
NOTIC: [8] Use of undefined constant num - assumed 'num' F:\Program\wamp\www\WebExamSystem1\Application\Admin\Controller\PaperTemController.class.php 第 59 行.
SQL: UPDATE `ex_paptemplate` SET `iPrbNum`='0',`iTotScore`=NULL WHERE `id` = 3 [ RunTime:0.0910s ]

[ 2017-06-06T13:02:55+08:00 ] ::1 /WebExamSystem1/index.php/Admin/PaperTem/edit/id/3.html
INFO: [ app_init ] --START--
INFO: Run Behavior\BuildLiteBehavior [ RunTime:0.000021s ]
INFO: [ app_init ] --END-- [ RunTime:0.000414s ]
INFO: [ app_begin ] --START--
INFO: Run Behavior\ReadHtmlCacheBehavior [ RunTime:0.000547s ]
INFO: [ app_begin ] --END-- [ RunTime:0.000637s ]
SQL: SHOW COLUMNS FROM `ex_user` [ RunTime:0.0023s ]
SQL: SELECT * FROM `ex_user` WHERE `id` = 1  [ RunTime:0.0002s ]
SQL: SHOW COLUMNS FROM `ex_paptemplate` [ RunTime:0.0022s ]
SQL: SELECT * FROM `ex_paptemplate` WHERE `id` = 3  [ RunTime:0.0002s ]
SQL: SHOW COLUMNS FROM `ex_temproblem` [ RunTime:0.0020s ]
NOTIC: [8] Undefined variable: id F:\Program\wamp\www\WebExamSystem1\Application\Common\Model\PaptemplateModel.class.php 第 32 行.
SQL: SELECT * FROM `ex_temproblem` WHERE `iTemid` = null  [ RunTime:0.0002s ]
INFO: [ view_parse ] --START--
INFO: [ template_filter ] --START--
INFO: Run Behavior\ContentReplaceBehavior [ RunTime:0.000081s ]
INFO: [ template_filter ] --END-- [ RunTime:0.000173s ]
INFO: Run Behavior\ParseTemplateBehavior [ RunTime:0.010234s ]
INFO: [ view_parse ] --END-- [ RunTime:0.010326s ]
INFO: [ view_filter ] --START--
INFO: Run Behavior\WriteHtmlCacheBehavior [ RunTime:0.000490s ]
INFO: [ view_filter ] --END-- [ RunTime:0.000573s ]
INFO: [ app_end ] --START--
INFO: Run Behavior\ShowPageTraceBehavior [ RunTime:0.000626s ]
INFO: [ app_end ] --END-- [ RunTime:0.000719s ]

[ 2017-06-06T14:33:37+08:00 ] ::1 /WebExamSystem1/index.php/Admin/PaperTem/edit/id/3.html
INFO: [ app_init ] --START--
INFO: Run Behavior\BuildLiteBehavior [ RunTime:0.000039s ]
INFO: [ app_init ] --END-- [ RunTime:0.000614s ]
INFO: [ app_begin ] --START--
INFO: Run Behavior\ReadHtmlCacheBehavior [ RunTime:0.000616s ]
INFO: [ app_begin ] --END-- [ RunTime:0.000712s ]
SQL: SHOW COLUMNS FROM `ex_user` [ RunTime:0.0028s ]
SQL: SELECT * FROM `ex_user` WHERE `id` = 1  [ RunTime:0.0003s ]
SQL: SHOW COLUMNS FROM `ex_paptemplate` [ RunTime:0.0022s ]
SQL: SELECT * FROM `ex_paptemplate` WHERE `id` = 3  [ RunTime:0.0002s ]
SQL: SHOW COLUMNS FROM `ex_temproblem` [ RunTime:0.0021s ]
NOTIC: [8] Undefined variable: id F:\Program\wamp\www\WebExamSystem1\Application\Common\Model\PaptemplateModel.class.php 第 32 行.
SQL: SELECT * FROM `ex_temproblem` WHERE `iTemid` = null  [ RunTime:0.0002s ]
INFO: [ view_parse ] --START--
INFO: [ template_filter ] --START--
INFO: Run Behavior\ContentReplaceBehavior [ RunTime:0.000095s ]
INFO: [ template_filter ] --END-- [ RunTime:0.000194s ]
INFO: Run Behavior\ParseTemplateBehavior [ RunTime:0.010821s ]
INFO: [ view_parse ] --END-- [ RunTime:0.010920s ]
INFO: [ view_filter ] --START--
INFO: Run Behavior\WriteHtmlCacheBehavior [ RunTime:0.000435s ]
INFO: [ view_filter ] --END-- [ RunTime:0.000523s ]
INFO: [ app_end ] --START--
INFO: Run Behavior\ShowPageTraceBehavior [ RunTime:0.000590s ]
INFO: [ app_end ] --END-- [ RunTime:0.000682s ]

[ 2017-06-06T14:33:39+08:00 ] ::1 /WebExamSystem1/index.php/Admin/PaperTem/getType.html
INFO: [ app_init ] --START--
INFO: Run Behavior\BuildLiteBehavior [ RunTime:0.000023s ]
INFO: [ app_init ] --END-- [ RunTime:0.000576s ]
INFO: [ app_begin ] --START--
INFO: Run Behavior\ReadHtmlCacheBehavior [ RunTime:0.000618s ]
INFO: [ app_begin ] --END-- [ RunTime:0.000708s ]
SQL: SHOW COLUMNS FROM `ex_prbtype` [ RunTime:0.0051s ]
SQL: SELECT * FROM `ex_prbtype`  [ RunTime:0.0003s ]

[ 2017-06-06T14:33:39+08:00 ] ::1 /WebExamSystem1/index.php/Admin/PaperTem/getChapter.html
INFO: [ app_init ] --START--
INFO: Run Behavior\BuildLiteBehavior [ RunTime:0.000024s ]
INFO: [ app_init ] --END-- [ RunTime:0.000530s ]
INFO: [ app_begin ] --START--
INFO: Run Behavior\ReadHtmlCacheBehavior [ RunTime:0.000972s ]
INFO: [ app_begin ] --END-- [ RunTime:0.001140s ]
SQL: SHOW COLUMNS FROM `ex_chapter` [ RunTime:0.0028s ]
SQL: SELECT * FROM `ex_chapter` WHERE `iSubid` = 1  [ RunTime:0.0003s ]

[ 2017-06-06T14:33:45+08:00 ] ::1 /WebExamSystem1/index.php/Admin/PaperTem/addPrb/temid/3.html
INFO: [ app_init ] --START--
INFO: Run Behavior\BuildLiteBehavior [ RunTime:0.000026s ]
INFO: [ app_init ] --END-- [ RunTime:0.000510s ]
INFO: [ app_begin ] --START--
INFO: Run Behavior\ReadHtmlCacheBehavior [ RunTime:0.000930s ]
INFO: [ app_begin ] --END-- [ RunTime:0.001069s ]
SQL: SHOW COLUMNS FROM `ex_paptemplate` [ RunTime:0.0023s ]
SQL: SELECT * FROM `ex_paptemplate` WHERE `id` = 3  [ RunTime:0.0002s ]
NOTIC: [8] Use of undefined constant iPrbNum - assumed 'iPrbNum' F:\Program\wamp\www\WebExamSystem1\Application\Admin\Controller\PaperTemController.class.php 第 53 行.
NOTIC: [8] Undefined index: iPrbNum F:\Program\wamp\www\WebExamSystem1\Application\Admin\Controller\PaperTemController.class.php 第 53 行.
SQL: SELECT * FROM `ex_paptemplate` WHERE `id` = 3  [ RunTime:0.0002s ]
NOTIC: [8] Use of undefined constant iTotScore - assumed 'iTotScore' F:\Program\wamp\www\WebExamSystem1\Application\Admin\Controller\PaperTemController.class.php 第 54 行.
NOTIC: [8] Undefined index: iTotScore F:\Program\wamp\www\WebExamSystem1\Application\Admin\Controller\PaperTemController.class.php 第 54 行.
NOTIC: [8] Use of undefined constant post - assumed 'post' F:\Program\wamp\www\WebExamSystem1\Application\Admin\Controller\PaperTemController.class.php 第 56 行.
NOTIC: [8] Use of undefined constant typeid - assumed 'typeid' F:\Program\wamp\www\WebExamSystem1\Application\Admin\Controller\PaperTemController.class.php 第 56 行.
NOTIC: [8] Use of undefined constant post - assumed 'post' F:\Program\wamp\www\WebExamSystem1\Application\Admin\Controller\PaperTemController.class.php 第 57 行.
NOTIC: [8] Use of undefined constant chaid - assumed 'chaid' F:\Program\wamp\www\WebExamSystem1\Application\Admin\Controller\PaperTemController.class.php 第 57 行.
NOTIC: [8] Use of undefined constant post - assumed 'post' F:\Program\wamp\www\WebExamSystem1\Application\Admin\Controller\PaperTemController.class.php 第 58 行.
NOTIC: [8] Use of undefined constant score - assumed 'score' F:\Program\wamp\www\WebExamSystem1\Application\Admin\Controller\PaperTemController.class.php 第 58 行.
NOTIC: [8] Use of undefined constant post - assumed 'post' F:\Program\wamp\www\WebExamSystem1\Application\Admin\Controller\PaperTemController.class.php 第 59 行.
NOTIC: [8] Use of undefined constant num - assumed 'num' F:\Program\wamp\www\WebExamSystem1\Application\Admin\Controller\PaperTemController.class.php 第 59 行.
SQL: UPDATE `ex_paptemplate` SET `iPrbNum`='0',`iTotScore`=NULL WHERE `id` = 3 [ RunTime:0.0413s ]

[ 2017-06-06T14:33:45+08:00 ] ::1 /WebExamSystem1/index.php/Admin/PaperTem/edit/id/3.html
INFO: [ app_init ] --START--
INFO: Run Behavior\BuildLiteBehavior [ RunTime:0.000023s ]
INFO: [ app_init ] --END-- [ RunTime:0.000445s ]
INFO: [ app_begin ] --START--
INFO: Run Behavior\ReadHtmlCacheBehavior [ RunTime:0.000540s ]
INFO: [ app_begin ] --END-- [ RunTime:0.000639s ]
SQL: SHOW COLUMNS FROM `ex_user` [ RunTime:0.0021s ]
SQL: SELECT * FROM `ex_user` WHERE `id` = 1  [ RunTime:0.0002s ]
SQL: SHOW COLUMNS FROM `ex_paptemplate` [ RunTime:0.0025s ]
SQL: SELECT * FROM `ex_paptemplate` WHERE `id` = 3  [ RunTime:0.0002s ]
SQL: SHOW COLUMNS FROM `ex_temproblem` [ RunTime:0.0022s ]
NOTIC: [8] Undefined variable: id F:\Program\wamp\www\WebExamSystem1\Application\Common\Model\PaptemplateModel.class.php 第 32 行.
SQL: SELECT * FROM `ex_temproblem` WHERE `iTemid` = null  [ RunTime:0.0002s ]
INFO: [ view_parse ] --START--
INFO: [ template_filter ] --START--
INFO: Run Behavior\ContentReplaceBehavior [ RunTime:0.000084s ]
INFO: [ template_filter ] --END-- [ RunTime:0.000184s ]
INFO: Run Behavior\ParseTemplateBehavior [ RunTime:0.010601s ]
INFO: [ view_parse ] --END-- [ RunTime:0.010708s ]
INFO: [ view_filter ] --START--
INFO: Run Behavior\WriteHtmlCacheBehavior [ RunTime:0.000444s ]
INFO: [ view_filter ] --END-- [ RunTime:0.000534s ]
INFO: [ app_end ] --START--
INFO: Run Behavior\ShowPageTraceBehavior [ RunTime:0.000570s ]
INFO: [ app_end ] --END-- [ RunTime:0.000663s ]

[ 2017-06-06T14:35:52+08:00 ] ::1 /WebExamSystem1/index.php/Admin/PaperTem/edit/id/3.html
INFO: [ app_init ] --START--
INFO: Run Behavior\BuildLiteBehavior [ RunTime:0.000020s ]
INFO: [ app_init ] --END-- [ RunTime:0.000402s ]
INFO: [ app_begin ] --START--
INFO: Run Behavior\ReadHtmlCacheBehavior [ RunTime:0.000464s ]
INFO: [ app_begin ] --END-- [ RunTime:0.000558s ]
SQL: SHOW COLUMNS FROM `ex_user` [ RunTime:0.0026s ]
SQL: SELECT * FROM `ex_user` WHERE `id` = 1  [ RunTime:0.0002s ]
SQL: SHOW COLUMNS FROM `ex_paptemplate` [ RunTime:0.0022s ]
SQL: SELECT * FROM `ex_paptemplate` WHERE `id` = 3  [ RunTime:0.0002s ]
SQL: SHOW COLUMNS FROM `ex_temproblem` [ RunTime:0.0022s ]
NOTIC: [8] Undefined variable: id F:\Program\wamp\www\WebExamSystem1\Application\Common\Model\PaptemplateModel.class.php 第 32 行.
SQL: SELECT * FROM `ex_temproblem` WHERE `iTemid` = null  [ RunTime:0.0002s ]
INFO: [ view_parse ] --START--
INFO: [ template_filter ] --START--
INFO: Run Behavior\ContentReplaceBehavior [ RunTime:0.000085s ]
INFO: [ template_filter ] --END-- [ RunTime:0.000186s ]
INFO: Run Behavior\ParseTemplateBehavior [ RunTime:0.011022s ]
INFO: [ view_parse ] --END-- [ RunTime:0.011125s ]
INFO: [ view_filter ] --START--
INFO: Run Behavior\WriteHtmlCacheBehavior [ RunTime:0.000462s ]
INFO: [ view_filter ] --END-- [ RunTime:0.000550s ]
INFO: [ app_end ] --START--
INFO: Run Behavior\ShowPageTraceBehavior [ RunTime:0.000549s ]
INFO: [ app_end ] --END-- [ RunTime:0.000644s ]

[ 2017-06-06T14:35:53+08:00 ] ::1 /WebExamSystem1/index.php/Admin/PaperTem/getType.html
INFO: [ app_init ] --START--
INFO: Run Behavior\BuildLiteBehavior [ RunTime:0.000054s ]
INFO: [ app_init ] --END-- [ RunTime:0.000804s ]
INFO: [ app_begin ] --START--
INFO: Run Behavior\ReadHtmlCacheBehavior [ RunTime:0.000563s ]
INFO: [ app_begin ] --END-- [ RunTime:0.000681s ]
SQL: SHOW COLUMNS FROM `ex_prbtype` [ RunTime:0.0026s ]
SQL: SELECT * FROM `ex_prbtype`  [ RunTime:0.0002s ]

[ 2017-06-06T14:35:53+08:00 ] ::1 /WebExamSystem1/index.php/Admin/PaperTem/getChapter.html
INFO: [ app_init ] --START--
INFO: Run Behavior\BuildLiteBehavior [ RunTime:0.000069s ]
INFO: [ app_init ] --END-- [ RunTime:0.000861s ]
INFO: [ app_begin ] --START--
INFO: Run Behavior\ReadHtmlCacheBehavior [ RunTime:0.000479s ]
INFO: [ app_begin ] --END-- [ RunTime:0.000561s ]
SQL: SHOW COLUMNS FROM `ex_chapter` [ RunTime:0.0023s ]
SQL: SELECT * FROM `ex_chapter` WHERE `iSubid` = 1  [ RunTime:0.0002s ]

[ 2017-06-06T14:35:55+08:00 ] ::1 /WebExamSystem1/index.php/Admin/PaperTem/addPrb/temid/3.html
INFO: [ app_init ] --START--
INFO: Run Behavior\BuildLiteBehavior [ RunTime:0.000024s ]
INFO: [ app_init ] --END-- [ RunTime:0.000461s ]
INFO: [ app_begin ] --START--
INFO: Run Behavior\ReadHtmlCacheBehavior [ RunTime:0.000445s ]
INFO: [ app_begin ] --END-- [ RunTime:0.000548s ]
SQL: SHOW COLUMNS FROM `ex_paptemplate` [ RunTime:0.0035s ]
SQL: SELECT * FROM `ex_paptemplate` WHERE `id` = 3  [ RunTime:0.0007s ]
NOTIC: [8] Use of undefined constant iPrbNum - assumed 'iPrbNum' F:\Program\wamp\www\WebExamSystem1\Application\Admin\Controller\PaperTemController.class.php 第 54 行.
NOTIC: [8] Undefined index: iPrbNum F:\Program\wamp\www\WebExamSystem1\Application\Admin\Controller\PaperTemController.class.php 第 54 行.
SQL: SELECT * FROM `ex_paptemplate` WHERE `id` = 3  [ RunTime:0.0007s ]
NOTIC: [8] Use of undefined constant iTotScore - assumed 'iTotScore' F:\Program\wamp\www\WebExamSystem1\Application\Admin\Controller\PaperTemController.class.php 第 55 行.
NOTIC: [8] Undefined index: iTotScore F:\Program\wamp\www\WebExamSystem1\Application\Admin\Controller\PaperTemController.class.php 第 55 行.
NOTIC: [8] Use of undefined constant post - assumed 'post' F:\Program\wamp\www\WebExamSystem1\Application\Admin\Controller\PaperTemController.class.php 第 57 行.
NOTIC: [8] Use of undefined constant typeid - assumed 'typeid' F:\Program\wamp\www\WebExamSystem1\Application\Admin\Controller\PaperTemController.class.php 第 57 行.
NOTIC: [8] Use of undefined constant post - assumed 'post' F:\Program\wamp\www\WebExamSystem1\Application\Admin\Controller\PaperTemController.class.php 第 58 行.
NOTIC: [8] Use of undefined constant chaid - assumed 'chaid' F:\Program\wamp\www\WebExamSystem1\Application\Admin\Controller\PaperTemController.class.php 第 58 行.
NOTIC: [8] Use of undefined constant post - assumed 'post' F:\Program\wamp\www\WebExamSystem1\Application\Admin\Controller\PaperTemController.class.php 第 59 行.
NOTIC: [8] Use of undefined constant score - assumed 'score' F:\Program\wamp\www\WebExamSystem1\Application\Admin\Controller\PaperTemController.class.php 第 59 行.
NOTIC: [8] Use of undefined constant post - assumed 'post' F:\Program\wamp\www\WebExamSystem1\Application\Admin\Controller\PaperTemController.class.php 第 61 行.
NOTIC: [8] Use of undefined constant num - assumed 'num' F:\Program\wamp\www\WebExamSystem1\Application\Admin\Controller\PaperTemController.class.php 第 61 行.
SQL: UPDATE `ex_paptemplate` SET `iPrbNum`='0',`iTotScore`=NULL WHERE `id` = 3 [ RunTime:0.0363s ]
INFO: [ app_end ] --START--
INFO: Run Behavior\ShowPageTraceBehavior [ RunTime:0.000639s ]
INFO: [ app_end ] --END-- [ RunTime:0.000730s ]

[ 2017-06-06T14:36:33+08:00 ] ::1 /WebExamSystem1/index.php/Admin/PaperTem/getChapter.html
INFO: [ app_init ] --START--
INFO: Run Behavior\BuildLiteBehavior [ RunTime:0.000033s ]
INFO: [ app_init ] --END-- [ RunTime:0.000571s ]
INFO: [ app_begin ] --START--
INFO: Run Behavior\ReadHtmlCacheBehavior [ RunTime:0.001069s ]
INFO: [ app_begin ] --END-- [ RunTime:0.001234s ]
SQL: SHOW COLUMNS FROM `ex_chapter` [ RunTime:0.0041s ]
SQL: SELECT * FROM `ex_chapter` WHERE `iSubid` = 1  [ RunTime:0.0003s ]

[ 2017-06-06T14:36:33+08:00 ] ::1 /WebExamSystem1/index.php/Admin/PaperTem/getType.html
INFO: [ app_init ] --START--
INFO: Run Behavior\BuildLiteBehavior [ RunTime:0.000024s ]
INFO: [ app_init ] --END-- [ RunTime:0.000592s ]
INFO: [ app_begin ] --START--
INFO: Run Behavior\ReadHtmlCacheBehavior [ RunTime:0.000581s ]
INFO: [ app_begin ] --END-- [ RunTime:0.000660s ]
SQL: SHOW COLUMNS FROM `ex_prbtype` [ RunTime:0.0021s ]
SQL: SELECT * FROM `ex_prbtype`  [ RunTime:0.0002s ]

[ 2017-06-06T14:36:35+08:00 ] ::1 /WebExamSystem1/index.php/Admin/PaperTem/addPrb/temid/3.html
INFO: [ app_init ] --START--
INFO: Run Behavior\BuildLiteBehavior [ RunTime:0.000023s ]
INFO: [ app_init ] --END-- [ RunTime:0.000495s ]
INFO: [ app_begin ] --START--
INFO: Run Behavior\ReadHtmlCacheBehavior [ RunTime:0.000570s ]
INFO: [ app_begin ] --END-- [ RunTime:0.000671s ]
SQL: SHOW COLUMNS FROM `ex_paptemplate` [ RunTime:0.0026s ]
SQL: SELECT * FROM `ex_paptemplate` WHERE `id` = 3  [ RunTime:0.0002s ]
NOTIC: [8] Use of undefined constant iPrbNum - assumed 'iPrbNum' F:\Program\wamp\www\WebExamSystem1\Application\Admin\Controller\PaperTemController.class.php 第 53 行.
NOTIC: [8] Undefined index: iPrbNum F:\Program\wamp\www\WebExamSystem1\Application\Admin\Controller\PaperTemController.class.php 第 53 行.
SQL: SELECT * FROM `ex_paptemplate` WHERE `id` = 3  [ RunTime:0.0002s ]
NOTIC: [8] Use of undefined constant iTotScore - assumed 'iTotScore' F:\Program\wamp\www\WebExamSystem1\Application\Admin\Controller\PaperTemController.class.php 第 54 行.
NOTIC: [8] Undefined index: iTotScore F:\Program\wamp\www\WebExamSystem1\Application\Admin\Controller\PaperTemController.class.php 第 54 行.
SQL: SHOW COLUMNS FROM `ex_temproblem` [ RunTime:0.0022s ]
SQL: INSERT INTO `ex_temproblem` (`iTemid`,`iTypeid`,`iChaid`,`iScore`,`iPrbNo`) VALUES ('3','1','1','2','1') [ RunTime:0.0885s ]
SQL: INSERT INTO `ex_temproblem` (`iTemid`,`iTypeid`,`iChaid`,`iScore`,`iPrbNo`) VALUES ('3','1','1','2','2') [ RunTime:0.0250s ]
SQL: UPDATE `ex_paptemplate` SET `iPrbNum`='2',`iTotScore`='4' WHERE `id` = 3 [ RunTime:0.0496s ]

[ 2017-06-06T14:36:35+08:00 ] ::1 /WebExamSystem1/index.php/Admin/PaperTem/edit/id/3.html
INFO: [ app_init ] --START--
INFO: Run Behavior\BuildLiteBehavior [ RunTime:0.000023s ]
INFO: [ app_init ] --END-- [ RunTime:0.000453s ]
INFO: [ app_begin ] --START--
INFO: Run Behavior\ReadHtmlCacheBehavior [ RunTime:0.000549s ]
INFO: [ app_begin ] --END-- [ RunTime:0.000640s ]
SQL: SHOW COLUMNS FROM `ex_user` [ RunTime:0.0023s ]
SQL: SELECT * FROM `ex_user` WHERE `id` = 1  [ RunTime:0.0002s ]
SQL: SHOW COLUMNS FROM `ex_paptemplate` [ RunTime:0.0022s ]
SQL: SELECT * FROM `ex_paptemplate` WHERE `id` = 3  [ RunTime:0.0002s ]
SQL: SHOW COLUMNS FROM `ex_temproblem` [ RunTime:0.0020s ]
NOTIC: [8] Undefined variable: id F:\Program\wamp\www\WebExamSystem1\Application\Common\Model\PaptemplateModel.class.php 第 32 行.
SQL: SELECT * FROM `ex_temproblem` WHERE `iTemid` = null  [ RunTime:0.0002s ]
INFO: [ view_parse ] --START--
INFO: [ template_filter ] --START--
INFO: Run Behavior\ContentReplaceBehavior [ RunTime:0.000079s ]
INFO: [ template_filter ] --END-- [ RunTime:0.000169s ]
INFO: Run Behavior\ParseTemplateBehavior [ RunTime:0.011161s ]
INFO: [ view_parse ] --END-- [ RunTime:0.011266s ]
INFO: [ view_filter ] --START--
INFO: Run Behavior\WriteHtmlCacheBehavior [ RunTime:0.000487s ]
INFO: [ view_filter ] --END-- [ RunTime:0.000571s ]
INFO: [ app_end ] --START--
INFO: Run Behavior\ShowPageTraceBehavior [ RunTime:0.000665s ]
INFO: [ app_end ] --END-- [ RunTime:0.000767s ]

[ 2017-06-06T14:37:51+08:00 ] ::1 /WebExamSystem1/index.php/Admin/PaperTem/edit/id/3.html
INFO: [ app_init ] --START--
INFO: Run Behavior\BuildLiteBehavior [ RunTime:0.000023s ]
INFO: [ app_init ] --END-- [ RunTime:0.000457s ]
INFO: [ app_begin ] --START--
INFO: Run Behavior\ReadHtmlCacheBehavior [ RunTime:0.000448s ]
INFO: [ app_begin ] --END-- [ RunTime:0.000543s ]
SQL: SHOW COLUMNS FROM `ex_user` [ RunTime:0.0025s ]
SQL: SELECT * FROM `ex_user` WHERE `id` = 1  [ RunTime:0.0002s ]
SQL: SHOW COLUMNS FROM `ex_paptemplate` [ RunTime:0.0023s ]
SQL: SELECT * FROM `ex_paptemplate` WHERE `id` = 3  [ RunTime:0.0002s ]
SQL: SHOW COLUMNS FROM `ex_temproblem` [ RunTime:0.0024s ]
SQL: SELECT * FROM `ex_temproblem` WHERE `iTemid` = 3  [ RunTime:0.0003s ]
INFO: [ view_parse ] --START--
INFO: [ template_filter ] --START--
INFO: Run Behavior\ContentReplaceBehavior [ RunTime:0.000085s ]
INFO: [ template_filter ] --END-- [ RunTime:0.000176s ]
NOTIC: [8] Undefined index: iPrbNo F:\Program\wamp\www\WebExamSystem1\Application\Runtime\Cache\Admin\84ca565757d562558619f19e6b90b9b0.php 第 77 行.
NOTIC: [8] Undefined index: typename F:\Program\wamp\www\WebExamSystem1\Application\Runtime\Cache\Admin\84ca565757d562558619f19e6b90b9b0.php 第 78 行.
NOTIC: [8] Undefined index: chaname F:\Program\wamp\www\WebExamSystem1\Application\Runtime\Cache\Admin\84ca565757d562558619f19e6b90b9b0.php 第 79 行.
NOTIC: [8] Undefined index: iPrbNo F:\Program\wamp\www\WebExamSystem1\Application\Runtime\Cache\Admin\84ca565757d562558619f19e6b90b9b0.php 第 77 行.
NOTIC: [8] Undefined index: typename F:\Program\wamp\www\WebExamSystem1\Application\Runtime\Cache\Admin\84ca565757d562558619f19e6b90b9b0.php 第 78 行.
NOTIC: [8] Undefined index: chaname F:\Program\wamp\www\WebExamSystem1\Application\Runtime\Cache\Admin\84ca565757d562558619f19e6b90b9b0.php 第 79 行.
INFO: Run Behavior\ParseTemplateBehavior [ RunTime:0.010803s ]
INFO: [ view_parse ] --END-- [ RunTime:0.010891s ]
INFO: [ view_filter ] --START--
INFO: Run Behavior\WriteHtmlCacheBehavior [ RunTime:0.000446s ]
INFO: [ view_filter ] --END-- [ RunTime:0.000527s ]
INFO: [ app_end ] --START--
INFO: Run Behavior\ShowPageTraceBehavior [ RunTime:0.000548s ]
INFO: [ app_end ] --END-- [ RunTime:0.000642s ]

[ 2017-06-06T14:48:23+08:00 ] ::1 /WebExamSystem1/index.php/Admin/PaperTem/edit/id/3.html
INFO: [ app_init ] --START--
INFO: Run Behavior\BuildLiteBehavior [ RunTime:0.000039s ]
INFO: [ app_init ] --END-- [ RunTime:0.000553s ]
INFO: [ app_begin ] --START--
INFO: Run Behavior\ReadHtmlCacheBehavior [ RunTime:0.001014s ]
INFO: [ app_begin ] --END-- [ RunTime:0.001130s ]
SQL: SHOW COLUMNS FROM `ex_user` [ RunTime:0.0022s ]
SQL: SELECT * FROM `ex_user` WHERE `id` = 1  [ RunTime:0.0002s ]
SQL: SHOW COLUMNS FROM `ex_paptemplate` [ RunTime:0.0022s ]
SQL: SELECT * FROM `ex_paptemplate` WHERE `id` = 3  [ RunTime:0.0002s ]
SQL: SHOW COLUMNS FROM `ex_temproblem` [ RunTime:0.0022s ]
SQL: SELECT * FROM `ex_temproblem` WHERE `iTemid` = 3  [ RunTime:0.0003s ]
SQL: SHOW COLUMNS FROM `ex_subject` [ RunTime:0.0026s ]
NOTIC: [8] Undefined index: isubid F:\Program\wamp\www\WebExamSystem1\Application\Common\Model\PaptemplateModel.class.php 第 34 行.
SQL: SELECT * FROM `ex_subject` WHERE `id` = null  [ RunTime:0.0002s ]
NOTIC: [8] Undefined offset: 0 F:\Program\wamp\www\WebExamSystem1\Application\Common\Model\PaptemplateModel.class.php 第 34 行.
NOTIC: [8] Undefined index: isubid F:\Program\wamp\www\WebExamSystem1\Application\Common\Model\PaptemplateModel.class.php 第 34 行.
SQL: SELECT * FROM `ex_subject` WHERE `id` = null  [ RunTime:0.0002s ]
NOTIC: [8] Undefined offset: 0 F:\Program\wamp\www\WebExamSystem1\Application\Common\Model\PaptemplateModel.class.php 第 34 行.
INFO: [ view_parse ] --START--
INFO: [ template_filter ] --START--
INFO: Run Behavior\ContentReplaceBehavior [ RunTime:0.000082s ]
INFO: [ template_filter ] --END-- [ RunTime:0.000174s ]
NOTIC: [8] Undefined index: typename F:\Program\wamp\www\WebExamSystem1\Application\Runtime\Cache\Admin\84ca565757d562558619f19e6b90b9b0.php 第 78 行.
NOTIC: [8] Undefined index: typename F:\Program\wamp\www\WebExamSystem1\Application\Runtime\Cache\Admin\84ca565757d562558619f19e6b90b9b0.php 第 78 行.
INFO: Run Behavior\ParseTemplateBehavior [ RunTime:0.010914s ]
INFO: [ view_parse ] --END-- [ RunTime:0.011006s ]
INFO: [ view_filter ] --START--
INFO: Run Behavior\WriteHtmlCacheBehavior [ RunTime:0.000620s ]
INFO: [ view_filter ] --END-- [ RunTime:0.000709s ]
INFO: [ app_end ] --START--
INFO: Run Behavior\ShowPageTraceBehavior [ RunTime:0.000944s ]
INFO: [ app_end ] --END-- [ RunTime:0.001100s ]

[ 2017-06-06T14:50:50+08:00 ] ::1 /WebExamSystem1/index.php/Admin/PaperTem/edit/id/3.html
INFO: [ app_init ] --START--
INFO: Run Behavior\BuildLiteBehavior [ RunTime:0.000023s ]
INFO: [ app_init ] --END-- [ RunTime:0.000508s ]
INFO: [ app_begin ] --START--
INFO: Run Behavior\ReadHtmlCacheBehavior [ RunTime:0.000632s ]
INFO: [ app_begin ] --END-- [ RunTime:0.000721s ]
SQL: SHOW COLUMNS FROM `ex_user` [ RunTime:0.0022s ]
SQL: SELECT * FROM `ex_user` WHERE `id` = 1  [ RunTime:0.0002s ]
SQL: SHOW COLUMNS FROM `ex_paptemplate` [ RunTime:0.0023s ]
SQL: SELECT * FROM `ex_paptemplate` WHERE `id` = 3  [ RunTime:0.0002s ]
SQL: SHOW COLUMNS FROM `ex_temproblem` [ RunTime:0.0022s ]
SQL: SELECT * FROM `ex_temproblem` WHERE `iTemid` = 3  [ RunTime:0.0002s ]
SQL: SHOW COLUMNS FROM `ex_chapter` [ RunTime:0.0023s ]
SQL: SELECT * FROM `ex_chapter` WHERE `id` = 1  [ RunTime:0.0002s ]
NOTIC: [8] Use of undefined constant cname - assumed 'cname' F:\Program\wamp\www\WebExamSystem1\Application\Common\Model\ProblemModel.class.php 第 190 行.
SQL: SHOW COLUMNS FROM `ex_prbtype` [ RunTime:0.0021s ]
SQL: SELECT * FROM `ex_prbtype` WHERE `id` = 1  [ RunTime:0.0002s ]
NOTIC: [8] Use of undefined constant cname - assumed 'cname' F:\Program\wamp\www\WebExamSystem1\Application\Common\Model\ProblemModel.class.php 第 197 行.
SQL: SELECT * FROM `ex_chapter` WHERE `id` = 1  [ RunTime:0.0002s ]
NOTIC: [8] Use of undefined constant cname - assumed 'cname' F:\Program\wamp\www\WebExamSystem1\Application\Common\Model\ProblemModel.class.php 第 190 行.
SQL: SELECT * FROM `ex_prbtype` WHERE `id` = 1  [ RunTime:0.0002s ]
NOTIC: [8] Use of undefined constant cname - assumed 'cname' F:\Program\wamp\www\WebExamSystem1\Application\Common\Model\ProblemModel.class.php 第 197 行.
INFO: [ view_parse ] --START--
INFO: [ template_filter ] --START--
INFO: Run Behavior\ContentReplaceBehavior [ RunTime:0.000084s ]
INFO: [ template_filter ] --END-- [ RunTime:0.000178s ]
INFO: Run Behavior\ParseTemplateBehavior [ RunTime:0.010755s ]
INFO: [ view_parse ] --END-- [ RunTime:0.010865s ]
INFO: [ view_filter ] --START--
INFO: Run Behavior\WriteHtmlCacheBehavior [ RunTime:0.000599s ]
INFO: [ view_filter ] --END-- [ RunTime:0.000693s ]
INFO: [ app_end ] --START--
INFO: Run Behavior\ShowPageTraceBehavior [ RunTime:0.000693s ]
INFO: [ app_end ] --END-- [ RunTime:0.000794s ]

[ 2017-06-06T14:57:29+08:00 ] ::1 /WebExamSystem1/index.php/Admin/PaperTem/edit/id/3.html
INFO: [ app_init ] --START--
INFO: Run Behavior\BuildLiteBehavior [ RunTime:0.000023s ]
INFO: [ app_init ] --END-- [ RunTime:0.000416s ]
INFO: [ app_begin ] --START--
INFO: Run Behavior\ReadHtmlCacheBehavior [ RunTime:0.000558s ]
INFO: [ app_begin ] --END-- [ RunTime:0.000647s ]
SQL: SHOW COLUMNS FROM `ex_user` [ RunTime:0.0025s ]
SQL: SELECT * FROM `ex_user` WHERE `id` = 1  [ RunTime:0.0002s ]
SQL: SHOW COLUMNS FROM `ex_paptemplate` [ RunTime:0.0028s ]
SQL: SELECT * FROM `ex_paptemplate` WHERE `id` = 3  [ RunTime:0.0003s ]
SQL: SHOW COLUMNS FROM `ex_temproblem` [ RunTime:0.0023s ]
SQL: SELECT * FROM `ex_temproblem` WHERE `iTemid` = 3  [ RunTime:0.0002s ]
SQL: SHOW COLUMNS FROM `ex_chapter` [ RunTime:0.0023s ]
SQL: SELECT * FROM `ex_chapter` WHERE `id` = 1  [ RunTime:0.0002s ]
NOTIC: [8] Use of undefined constant cname - assumed 'cname' F:\Program\wamp\www\WebExamSystem1\Application\Common\Model\ProblemModel.class.php 第 190 行.
SQL: SHOW COLUMNS FROM `ex_prbtype` [ RunTime:0.0023s ]
SQL: SELECT * FROM `ex_prbtype` WHERE `id` = 1  [ RunTime:0.0002s ]
NOTIC: [8] Use of undefined constant cname - assumed 'cname' F:\Program\wamp\www\WebExamSystem1\Application\Common\Model\ProblemModel.class.php 第 197 行.
SQL: SELECT * FROM `ex_chapter` WHERE `id` = 1  [ RunTime:0.0002s ]
NOTIC: [8] Use of undefined constant cname - assumed 'cname' F:\Program\wamp\www\WebExamSystem1\Application\Common\Model\ProblemModel.class.php 第 190 行.
SQL: SELECT * FROM `ex_prbtype` WHERE `id` = 1  [ RunTime:0.0002s ]
NOTIC: [8] Use of undefined constant cname - assumed 'cname' F:\Program\wamp\www\WebExamSystem1\Application\Common\Model\ProblemModel.class.php 第 197 行.
INFO: [ view_parse ] --START--
INFO: [ template_filter ] --START--
INFO: Run Behavior\ContentReplaceBehavior [ RunTime:0.000082s ]
INFO: [ template_filter ] --END-- [ RunTime:0.000184s ]
INFO: Run Behavior\ParseTemplateBehavior [ RunTime:0.011757s ]
INFO: [ view_parse ] --END-- [ RunTime:0.011854s ]
INFO: [ view_filter ] --START--
INFO: Run Behavior\WriteHtmlCacheBehavior [ RunTime:0.000519s ]
INFO: [ view_filter ] --END-- [ RunTime:0.000602s ]
INFO: [ app_end ] --START--
INFO: Run Behavior\ShowPageTraceBehavior [ RunTime:0.000673s ]
INFO: [ app_end ] --END-- [ RunTime:0.000770s ]

[ 2017-06-06T14:57:40+08:00 ] ::1 /WebExamSystem1/index.php/Admin/PaperTem/cleanPrb/temid/3.html
INFO: [ app_init ] --START--
INFO: Run Behavior\BuildLiteBehavior [ RunTime:0.000023s ]
INFO: [ app_init ] --END-- [ RunTime:0.000426s ]
INFO: [ app_begin ] --START--
INFO: Run Behavior\ReadHtmlCacheBehavior [ RunTime:0.000669s ]
INFO: [ app_begin ] --END-- [ RunTime:0.000763s ]
SQL: SHOW COLUMNS FROM `ex_paptemplate` [ RunTime:0.0023s ]
SQL: SHOW COLUMNS FROM `ex_temproblem` [ RunTime:0.0023s ]
SQL: DELETE FROM `ex_temproblem` WHERE `iTemid` = 3 [ RunTime:0.0512s ]

[ 2017-06-06T14:57:40+08:00 ] ::1 /WebExamSystem1/index.php/Admin/PaperTem/edit/id/3.html
INFO: [ app_init ] --START--
INFO: Run Behavior\BuildLiteBehavior [ RunTime:0.000032s ]
INFO: [ app_init ] --END-- [ RunTime:0.000476s ]
INFO: [ app_begin ] --START--
INFO: Run Behavior\ReadHtmlCacheBehavior [ RunTime:0.000576s ]
INFO: [ app_begin ] --END-- [ RunTime:0.000668s ]
SQL: SHOW COLUMNS FROM `ex_user` [ RunTime:0.0024s ]
SQL: SELECT * FROM `ex_user` WHERE `id` = 1  [ RunTime:0.0002s ]
SQL: SHOW COLUMNS FROM `ex_paptemplate` [ RunTime:0.0026s ]
SQL: SELECT * FROM `ex_paptemplate` WHERE `id` = 3  [ RunTime:0.0002s ]
SQL: SHOW COLUMNS FROM `ex_temproblem` [ RunTime:0.0024s ]
SQL: SELECT * FROM `ex_temproblem` WHERE `iTemid` = 3  [ RunTime:0.0003s ]
INFO: [ view_parse ] --START--
INFO: [ template_filter ] --START--
INFO: Run Behavior\ContentReplaceBehavior [ RunTime:0.000083s ]
INFO: [ template_filter ] --END-- [ RunTime:0.000183s ]
INFO: Run Behavior\ParseTemplateBehavior [ RunTime:0.011018s ]
INFO: [ view_parse ] --END-- [ RunTime:0.011124s ]
INFO: [ view_filter ] --START--
INFO: Run Behavior\WriteHtmlCacheBehavior [ RunTime:0.000510s ]
INFO: [ view_filter ] --END-- [ RunTime:0.000600s ]
INFO: [ app_end ] --START--
INFO: Run Behavior\ShowPageTraceBehavior [ RunTime:0.000841s ]
INFO: [ app_end ] --END-- [ RunTime:0.000942s ]

[ 2017-06-06T14:59:03+08:00 ] ::1 /WebExamSystem1/index.php/Admin/PaperTem/edit/id/3.html
INFO: [ app_init ] --START--
INFO: Run Behavior\BuildLiteBehavior [ RunTime:0.000025s ]
INFO: [ app_init ] --END-- [ RunTime:0.000516s ]
INFO: [ app_begin ] --START--
INFO: Run Behavior\ReadHtmlCacheBehavior [ RunTime:0.000737s ]
INFO: [ app_begin ] --END-- [ RunTime:0.000921s ]
SQL: SHOW COLUMNS FROM `ex_user` [ RunTime:0.0022s ]
SQL: SELECT * FROM `ex_user` WHERE `id` = 1  [ RunTime:0.0002s ]
SQL: SHOW COLUMNS FROM `ex_paptemplate` [ RunTime:0.0020s ]
SQL: SELECT * FROM `ex_paptemplate` WHERE `id` = 3  [ RunTime:0.0002s ]
SQL: SHOW COLUMNS FROM `ex_temproblem` [ RunTime:0.0022s ]
SQL: SELECT * FROM `ex_temproblem` WHERE `iTemid` = 3  [ RunTime:0.0002s ]
INFO: [ view_parse ] --START--
INFO: [ template_filter ] --START--
INFO: Run Behavior\ContentReplaceBehavior [ RunTime:0.000082s ]
INFO: [ template_filter ] --END-- [ RunTime:0.000173s ]
INFO: Run Behavior\ParseTemplateBehavior [ RunTime:0.010734s ]
INFO: [ view_parse ] --END-- [ RunTime:0.010842s ]
INFO: [ view_filter ] --START--
INFO: Run Behavior\WriteHtmlCacheBehavior [ RunTime:0.000524s ]
INFO: [ view_filter ] --END-- [ RunTime:0.000605s ]
INFO: [ app_end ] --START--
INFO: Run Behavior\ShowPageTraceBehavior [ RunTime:0.000660s ]
INFO: [ app_end ] --END-- [ RunTime:0.000750s ]

[ 2017-06-06T14:59:04+08:00 ] ::1 /WebExamSystem1/index.php/Admin/PaperTem/cleanPrb/temid/3.html
INFO: [ app_init ] --START--
INFO: Run Behavior\BuildLiteBehavior [ RunTime:0.000022s ]
INFO: [ app_init ] --END-- [ RunTime:0.000441s ]
INFO: [ app_begin ] --START--
INFO: Run Behavior\ReadHtmlCacheBehavior [ RunTime:0.000578s ]
INFO: [ app_begin ] --END-- [ RunTime:0.000681s ]
SQL: SHOW COLUMNS FROM `ex_paptemplate` [ RunTime:0.0026s ]
SQL: UPDATE `ex_paptemplate` SET `iPrbNum`='0',`iTotScore`='0' WHERE `id` = 3 [ RunTime:0.0519s ]
SQL: SHOW COLUMNS FROM `ex_temproblem` [ RunTime:0.0024s ]
SQL: DELETE FROM `ex_temproblem` WHERE `iTemid` = 3 [ RunTime:0.0002s ]

[ 2017-06-06T14:59:04+08:00 ] ::1 /WebExamSystem1/index.php/Admin/PaperTem/edit/id/3.html
INFO: [ app_init ] --START--
INFO: Run Behavior\BuildLiteBehavior [ RunTime:0.000022s ]
INFO: [ app_init ] --END-- [ RunTime:0.000456s ]
INFO: [ app_begin ] --START--
INFO: Run Behavior\ReadHtmlCacheBehavior [ RunTime:0.000561s ]
INFO: [ app_begin ] --END-- [ RunTime:0.000651s ]
SQL: SHOW COLUMNS FROM `ex_user` [ RunTime:0.0023s ]
SQL: SELECT * FROM `ex_user` WHERE `id` = 1  [ RunTime:0.0002s ]
SQL: SHOW COLUMNS FROM `ex_paptemplate` [ RunTime:0.0024s ]
SQL: SELECT * FROM `ex_paptemplate` WHERE `id` = 3  [ RunTime:0.0002s ]
SQL: SHOW COLUMNS FROM `ex_temproblem` [ RunTime:0.0023s ]
SQL: SELECT * FROM `ex_temproblem` WHERE `iTemid` = 3  [ RunTime:0.0002s ]
INFO: [ view_parse ] --START--
INFO: [ template_filter ] --START--
INFO: Run Behavior\ContentReplaceBehavior [ RunTime:0.000138s ]
INFO: [ template_filter ] --END-- [ RunTime:0.000277s ]
INFO: Run Behavior\ParseTemplateBehavior [ RunTime:0.011997s ]
INFO: [ view_parse ] --END-- [ RunTime:0.012104s ]
INFO: [ view_filter ] --START--
INFO: Run Behavior\WriteHtmlCacheBehavior [ RunTime:0.000519s ]
INFO: [ view_filter ] --END-- [ RunTime:0.000611s ]
INFO: [ app_end ] --START--
INFO: Run Behavior\ShowPageTraceBehavior [ RunTime:0.000704s ]
INFO: [ app_end ] --END-- [ RunTime:0.000841s ]

[ 2017-06-06T14:59:08+08:00 ] ::1 /WebExamSystem1/index.php/Admin/PaperTem/index.html
INFO: [ app_init ] --START--
INFO: Run Behavior\BuildLiteBehavior [ RunTime:0.000022s ]
INFO: [ app_init ] --END-- [ RunTime:0.000457s ]
INFO: [ app_begin ] --START--
INFO: Run Behavior\ReadHtmlCacheBehavior [ RunTime:0.000570s ]
INFO: [ app_begin ] --END-- [ RunTime:0.000663s ]
SQL: SHOW COLUMNS FROM `ex_user` [ RunTime:0.0022s ]
SQL: SELECT * FROM `ex_user` WHERE `id` = 1  [ RunTime:0.0002s ]
SQL: SHOW COLUMNS FROM `ex_paptemplate` [ RunTime:0.0022s ]
SQL: SELECT * FROM `ex_paptemplate`  [ RunTime:0.0002s ]
SQL: SHOW COLUMNS FROM `ex_subject` [ RunTime:0.0020s ]
SQL: SELECT * FROM `ex_subject` WHERE `id` = 1  [ RunTime:0.0002s ]
SQL: SELECT * FROM `ex_subject`  [ RunTime:0.0003s ]
INFO: [ view_parse ] --START--
INFO: [ template_filter ] --START--
INFO: Run Behavior\ContentReplaceBehavior [ RunTime:0.000085s ]
INFO: [ template_filter ] --END-- [ RunTime:0.000179s ]
INFO: Run Behavior\ParseTemplateBehavior [ RunTime:0.012235s ]
INFO: [ view_parse ] --END-- [ RunTime:0.012341s ]
INFO: [ view_filter ] --START--
INFO: Run Behavior\WriteHtmlCacheBehavior [ RunTime:0.000480s ]
INFO: [ view_filter ] --END-- [ RunTime:0.000563s ]
INFO: [ app_end ] --START--
INFO: Run Behavior\ShowPageTraceBehavior [ RunTime:0.000663s ]
INFO: [ app_end ] --END-- [ RunTime:0.000754s ]

