[ 2017-06-04T11:33:37+08:00 ] ::1 /WebExamSystem/index.php/Admin/Problem/select.html
INFO: [ app_init ] --START--
INFO: Run Behavior\BuildLiteBehavior [ RunTime:0.000024s ]
INFO: [ app_init ] --END-- [ RunTime:0.005214s ]
INFO: [ app_begin ] --START--
INFO: Run Behavior\ReadHtmlCacheBehavior [ RunTime:0.000842s ]
INFO: [ app_begin ] --END-- [ RunTime:0.000945s ]
SQL: SHOW COLUMNS FROM `ex_user` [ RunTime:0.0030s ]
SQL: SELECT * FROM `ex_user` WHERE `id` = 1  [ RunTime:0.0002s ]
SQL: select a.id,b.cName as subName,c.cName as capName,a.tTitle from ex_pselect as a,ex_subject as b, ex_chapter as c where a.iSubid = b.id and a.iChaid = c.id; [ RunTime:0.0130s ]
NOTIC: [8] Undefined offset: 5 F:\Program\wamp\www\WebExamSystem\Application\Admin\Controller\ProblemController.class.php 第 190 行.
SQL: SHOW COLUMNS FROM `ex_pselect` [ RunTime:0.0054s ]
SQL: SHOW COLUMNS FROM `ex_pfillblank` [ RunTime:0.0032s ]
SQL: SHOW COLUMNS FROM `ex_pjudge` [ RunTime:0.0028s ]
SQL: SHOW COLUMNS FROM `ex_preadcode` [ RunTime:0.0036s ]
SQL: SHOW COLUMNS FROM `ex_pcode` [ RunTime:0.0044s ]
SQL: SHOW COLUMNS FROM `ex_pwcode` [ RunTime:0.0035s ]
SQL: SELECT * FROM `ex_pselect`  [ RunTime:0.0002s ]
INFO: [ view_parse ] --START--
INFO: [ template_filter ] --START--
INFO: Run Behavior\ContentReplaceBehavior [ RunTime:0.000087s ]
INFO: [ template_filter ] --END-- [ RunTime:0.000245s ]
INFO: Run Behavior\ParseTemplateBehavior [ RunTime:0.066244s ]
INFO: [ view_parse ] --END-- [ RunTime:0.066368s ]
INFO: [ view_filter ] --START--
INFO: Run Behavior\WriteHtmlCacheBehavior [ RunTime:0.022396s ]
INFO: [ view_filter ] --END-- [ RunTime:0.022501s ]
INFO: [ app_end ] --START--
INFO: Run Behavior\ShowPageTraceBehavior [ RunTime:0.001129s ]
INFO: [ app_end ] --END-- [ RunTime:0.001332s ]

