[ 2017-06-10T13:36:44+08:00 ] ::1 /WebExamSystem1/index.php/Admin/Index/index.html
INFO: [ app_init ] --START--
INFO: Run Behavior\BuildLiteBehavior [ RunTime:0.000040s ]
INFO: [ app_init ] --END-- [ RunTime:0.000869s ]
INFO: [ app_begin ] --START--
INFO: Run Behavior\ReadHtmlCacheBehavior [ RunTime:0.000877s ]
INFO: [ app_begin ] --END-- [ RunTime:0.001001s ]
SQL: SHOW COLUMNS FROM `ex_user` [ RunTime:0.0738s ]
SQL: SELECT * FROM `ex_user` WHERE `id` = null  [ RunTime:0.0055s ]

[ 2017-06-10T13:36:44+08:00 ] ::1 /WebExamSystem1/index.php/Admin/Login/error.html
INFO: [ app_init ] --START--
INFO: Run Behavior\BuildLiteBehavior [ RunTime:0.000020s ]
INFO: [ app_init ] --END-- [ RunTime:0.000368s ]
INFO: [ app_begin ] --START--
INFO: Run Behavior\ReadHtmlCacheBehavior [ RunTime:0.000429s ]
INFO: [ app_begin ] --END-- [ RunTime:0.000518s ]
NOTIC: [2048] Declaration of Admin\Controller\LoginController::error() should be compatible with Think\Controller::error($message = '', $jumpUrl = '', $ajax = false) F:\Program\wamp\www\WebExamSystem1\Application\Admin\Controller\LoginController.class.php 第 4 行.
INFO: [ view_parse ] --START--
INFO: [ template_filter ] --START--
INFO: Run Behavior\ContentReplaceBehavior [ RunTime:0.015450s ]
INFO: [ template_filter ] --END-- [ RunTime:0.015564s ]
INFO: Run Behavior\ParseTemplateBehavior [ RunTime:0.096070s ]
INFO: [ view_parse ] --END-- [ RunTime:0.096167s ]
INFO: [ view_filter ] --START--
INFO: Run Behavior\WriteHtmlCacheBehavior [ RunTime:0.006239s ]
INFO: [ view_filter ] --END-- [ RunTime:0.006347s ]
INFO: [ app_end ] --START--
INFO: Run Behavior\ShowPageTraceBehavior [ RunTime:0.000837s ]
INFO: [ app_end ] --END-- [ RunTime:0.000934s ]

[ 2017-06-10T13:57:17+08:00 ] ::1 /WebExamSystem1/index.php/Admin/Index/index.html
INFO: [ app_init ] --START--
INFO: Run Behavior\BuildLiteBehavior [ RunTime:0.000031s ]
INFO: [ app_init ] --END-- [ RunTime:0.000597s ]
INFO: [ app_begin ] --START--
INFO: Run Behavior\ReadHtmlCacheBehavior [ RunTime:0.000584s ]
INFO: [ app_begin ] --END-- [ RunTime:0.000685s ]
SQL: SHOW COLUMNS FROM `ex_user` [ RunTime:0.0025s ]
SQL: SELECT * FROM `ex_user` WHERE `id` = null  [ RunTime:0.0002s ]

[ 2017-06-10T13:57:17+08:00 ] ::1 /WebExamSystem1/index.php/Admin/Login/error.html
INFO: [ app_init ] --START--
INFO: Run Behavior\BuildLiteBehavior [ RunTime:0.000020s ]
INFO: [ app_init ] --END-- [ RunTime:0.000393s ]
INFO: [ app_begin ] --START--
INFO: Run Behavior\ReadHtmlCacheBehavior [ RunTime:0.000506s ]
INFO: [ app_begin ] --END-- [ RunTime:0.000616s ]
NOTIC: [2048] Declaration of Admin\Controller\LoginController::error() should be compatible with Think\Controller::error($message = '', $jumpUrl = '', $ajax = false) F:\Program\wamp\www\WebExamSystem1\Application\Admin\Controller\LoginController.class.php 第 4 行.
INFO: [ view_parse ] --START--
INFO: [ template_filter ] --START--
INFO: Run Behavior\ContentReplaceBehavior [ RunTime:0.000056s ]
INFO: [ template_filter ] --END-- [ RunTime:0.000144s ]
INFO: Run Behavior\ParseTemplateBehavior [ RunTime:0.006590s ]
INFO: [ view_parse ] --END-- [ RunTime:0.006677s ]
INFO: [ view_filter ] --START--
INFO: Run Behavior\WriteHtmlCacheBehavior [ RunTime:0.000389s ]
INFO: [ view_filter ] --END-- [ RunTime:0.000465s ]
INFO: [ app_end ] --START--
INFO: Run Behavior\ShowPageTraceBehavior [ RunTime:0.000527s ]
INFO: [ app_end ] --END-- [ RunTime:0.000608s ]

[ 2017-06-10T13:57:20+08:00 ] ::1 /WebExamSystem1/index.php/Admin/Login/index.html
INFO: [ app_init ] --START--
INFO: Run Behavior\BuildLiteBehavior [ RunTime:0.000019s ]
INFO: [ app_init ] --END-- [ RunTime:0.000377s ]
INFO: [ app_begin ] --START--
INFO: Run Behavior\ReadHtmlCacheBehavior [ RunTime:0.000479s ]
INFO: [ app_begin ] --END-- [ RunTime:0.000583s ]
NOTIC: [2048] Declaration of Admin\Controller\LoginController::error() should be compatible with Think\Controller::error($message = '', $jumpUrl = '', $ajax = false) F:\Program\wamp\www\WebExamSystem1\Application\Admin\Controller\LoginController.class.php 第 4 行.
INFO: [ view_parse ] --START--
INFO: [ template_filter ] --START--
INFO: Run Behavior\ContentReplaceBehavior [ RunTime:0.000059s ]
INFO: [ template_filter ] --END-- [ RunTime:0.000150s ]
INFO: Run Behavior\ParseTemplateBehavior [ RunTime:0.018660s ]
INFO: [ view_parse ] --END-- [ RunTime:0.018761s ]
INFO: [ view_filter ] --START--
INFO: Run Behavior\WriteHtmlCacheBehavior [ RunTime:0.000342s ]
INFO: [ view_filter ] --END-- [ RunTime:0.000419s ]
INFO: [ app_end ] --START--
INFO: Run Behavior\ShowPageTraceBehavior [ RunTime:0.000465s ]
INFO: [ app_end ] --END-- [ RunTime:0.000547s ]

[ 2017-06-10T13:57:25+08:00 ] ::1 /WebExamSystem1/index.php/Admin/Login/login
INFO: [ app_init ] --START--
INFO: Run Behavior\BuildLiteBehavior [ RunTime:0.000020s ]
INFO: [ app_init ] --END-- [ RunTime:0.000419s ]
INFO: [ app_begin ] --START--
INFO: Run Behavior\ReadHtmlCacheBehavior [ RunTime:0.000556s ]
INFO: [ app_begin ] --END-- [ RunTime:0.000646s ]
NOTIC: [2048] Declaration of Admin\Controller\LoginController::error() should be compatible with Think\Controller::error($message = '', $jumpUrl = '', $ajax = false) F:\Program\wamp\www\WebExamSystem1\Application\Admin\Controller\LoginController.class.php 第 4 行.
SQL: SHOW COLUMNS FROM `ex_user` [ RunTime:0.0022s ]
SQL: SELECT * FROM `ex_user` WHERE `cUser` = '001'  [ RunTime:0.0002s ]
SQL: SELECT * FROM `ex_user` WHERE `cUser` = '001'  [ RunTime:0.0001s ]
SQL: SELECT * FROM `ex_user` WHERE `cUser` = '001'  [ RunTime:0.0001s ]

[ 2017-06-10T13:57:26+08:00 ] ::1 /WebExamSystem1/index.php/Admin/Index/index
INFO: [ app_init ] --START--
INFO: Run Behavior\BuildLiteBehavior [ RunTime:0.000020s ]
INFO: [ app_init ] --END-- [ RunTime:0.000385s ]
INFO: [ app_begin ] --START--
INFO: Run Behavior\ReadHtmlCacheBehavior [ RunTime:0.000437s ]
INFO: [ app_begin ] --END-- [ RunTime:0.000539s ]
SQL: SHOW COLUMNS FROM `ex_user` [ RunTime:0.0024s ]
SQL: SELECT * FROM `ex_user` WHERE `id` = 1  [ RunTime:0.0003s ]
SQL: SHOW COLUMNS FROM `ex_pselect` [ RunTime:0.0223s ]
SQL: SHOW COLUMNS FROM `ex_pfillblank` [ RunTime:0.0366s ]
SQL: SHOW COLUMNS FROM `ex_pjudge` [ RunTime:0.0168s ]
SQL: SHOW COLUMNS FROM `ex_preadcode` [ RunTime:0.0165s ]
SQL: SHOW COLUMNS FROM `ex_pcode` [ RunTime:0.0487s ]
SQL: SHOW COLUMNS FROM `ex_pwcode` [ RunTime:0.0572s ]
SQL: SELECT * FROM `ex_pselect`  [ RunTime:0.0003s ]
SQL: SELECT * FROM `ex_pfillblank`  [ RunTime:0.0002s ]
SQL: SELECT * FROM `ex_pjudge`  [ RunTime:0.0002s ]
SQL: SELECT * FROM `ex_preadcode`  [ RunTime:0.0001s ]
SQL: SELECT * FROM `ex_pcode`  [ RunTime:0.0001s ]
NOTIC: [8] Undefined variable: subjects F:\Program\wamp\www\WebExamSystem1\Application\Admin\Controller\IndexController.class.php 第 10 行.
INFO: [ view_parse ] --START--
INFO: [ template_filter ] --START--
INFO: Run Behavior\ContentReplaceBehavior [ RunTime:0.000137s ]
INFO: [ template_filter ] --END-- [ RunTime:0.000314s ]
INFO: Run Behavior\ParseTemplateBehavior [ RunTime:0.021994s ]
INFO: [ view_parse ] --END-- [ RunTime:0.022086s ]
INFO: [ view_filter ] --START--
INFO: Run Behavior\WriteHtmlCacheBehavior [ RunTime:0.000326s ]
INFO: [ view_filter ] --END-- [ RunTime:0.000402s ]
INFO: [ app_end ] --START--
INFO: Run Behavior\ShowPageTraceBehavior [ RunTime:0.000487s ]
INFO: [ app_end ] --END-- [ RunTime:0.000574s ]

[ 2017-06-10T13:57:29+08:00 ] ::1 /WebExamSystem1/index.php/Admin/Problem/select.html
INFO: [ app_init ] --START--
INFO: Run Behavior\BuildLiteBehavior [ RunTime:0.000020s ]
INFO: [ app_init ] --END-- [ RunTime:0.000385s ]
INFO: [ app_begin ] --START--
INFO: Run Behavior\ReadHtmlCacheBehavior [ RunTime:0.000525s ]
INFO: [ app_begin ] --END-- [ RunTime:0.000622s ]
SQL: SHOW COLUMNS FROM `ex_user` [ RunTime:0.0033s ]
SQL: SELECT * FROM `ex_user` WHERE `id` = 1  [ RunTime:0.0002s ]
SQL: select a.id,b.cName as subName,c.cName as capName,a.tTitle from ex_pselect as a,ex_subject as b, ex_chapter as c where a.iSubid = b.id and a.iChaid = c.id; [ RunTime:0.0800s ]
SQL: SHOW COLUMNS FROM `ex_pselect` [ RunTime:0.0033s ]
SQL: SHOW COLUMNS FROM `ex_pfillblank` [ RunTime:0.0031s ]
SQL: SHOW COLUMNS FROM `ex_pjudge` [ RunTime:0.0026s ]
SQL: SHOW COLUMNS FROM `ex_preadcode` [ RunTime:0.0024s ]
SQL: SHOW COLUMNS FROM `ex_pcode` [ RunTime:0.0029s ]
SQL: SHOW COLUMNS FROM `ex_pwcode` [ RunTime:0.0027s ]
SQL: SELECT * FROM `ex_pselect`  [ RunTime:0.0003s ]
INFO: [ view_parse ] --START--
INFO: [ template_filter ] --START--
INFO: Run Behavior\ContentReplaceBehavior [ RunTime:0.000083s ]
INFO: [ template_filter ] --END-- [ RunTime:0.000207s ]
INFO: Run Behavior\ParseTemplateBehavior [ RunTime:0.037221s ]
INFO: [ view_parse ] --END-- [ RunTime:0.037321s ]
INFO: [ view_filter ] --START--
INFO: Run Behavior\WriteHtmlCacheBehavior [ RunTime:0.000402s ]
INFO: [ view_filter ] --END-- [ RunTime:0.000486s ]
INFO: [ app_end ] --START--
INFO: Run Behavior\ShowPageTraceBehavior [ RunTime:0.000552s ]
INFO: [ app_end ] --END-- [ RunTime:0.000665s ]

[ 2017-06-10T13:57:32+08:00 ] ::1 /WebExamSystem1/index.php/Admin/Problem/blank.html
INFO: [ app_init ] --START--
INFO: Run Behavior\BuildLiteBehavior [ RunTime:0.000021s ]
INFO: [ app_init ] --END-- [ RunTime:0.000371s ]
INFO: [ app_begin ] --START--
INFO: Run Behavior\ReadHtmlCacheBehavior [ RunTime:0.000480s ]
INFO: [ app_begin ] --END-- [ RunTime:0.000583s ]
SQL: SHOW COLUMNS FROM `ex_user` [ RunTime:0.0025s ]
SQL: SELECT * FROM `ex_user` WHERE `id` = 1  [ RunTime:0.0002s ]
SQL: select a.id,b.cName as subName,c.cName as capName,a.tTitle from ex_pfillblank as a,ex_subject as b, ex_chapter as c where a.iSubid = b.id and a.iChaid = c.id; [ RunTime:0.0002s ]
NOTIC: [8] Undefined offset: 2 F:\Program\wamp\www\WebExamSystem1\Application\Admin\Controller\ProblemController.class.php 第 262 行.
SQL: SHOW COLUMNS FROM `ex_pselect` [ RunTime:0.0021s ]
SQL: SHOW COLUMNS FROM `ex_pfillblank` [ RunTime:0.0021s ]
SQL: SHOW COLUMNS FROM `ex_pjudge` [ RunTime:0.0024s ]
SQL: SHOW COLUMNS FROM `ex_preadcode` [ RunTime:0.0032s ]
SQL: SHOW COLUMNS FROM `ex_pcode` [ RunTime:0.0024s ]
SQL: SHOW COLUMNS FROM `ex_pwcode` [ RunTime:0.0020s ]
SQL: SELECT * FROM `ex_pfillblank`  [ RunTime:0.0002s ]
INFO: [ view_parse ] --START--
INFO: [ template_filter ] --START--
INFO: Run Behavior\ContentReplaceBehavior [ RunTime:0.000088s ]
INFO: [ template_filter ] --END-- [ RunTime:0.000210s ]
INFO: Run Behavior\ParseTemplateBehavior [ RunTime:0.050136s ]
INFO: [ view_parse ] --END-- [ RunTime:0.050231s ]
INFO: [ view_filter ] --START--
INFO: Run Behavior\WriteHtmlCacheBehavior [ RunTime:0.000370s ]
INFO: [ view_filter ] --END-- [ RunTime:0.000449s ]
INFO: [ app_end ] --START--
INFO: Run Behavior\ShowPageTraceBehavior [ RunTime:0.000496s ]
INFO: [ app_end ] --END-- [ RunTime:0.000593s ]

[ 2017-06-10T13:57:34+08:00 ] ::1 /WebExamSystem1/index.php/Admin/Problem/judge.html
INFO: [ app_init ] --START--
INFO: Run Behavior\BuildLiteBehavior [ RunTime:0.000020s ]
INFO: [ app_init ] --END-- [ RunTime:0.000391s ]
INFO: [ app_begin ] --START--
INFO: Run Behavior\ReadHtmlCacheBehavior [ RunTime:0.000429s ]
INFO: [ app_begin ] --END-- [ RunTime:0.000530s ]
SQL: SHOW COLUMNS FROM `ex_user` [ RunTime:0.0022s ]
SQL: SELECT * FROM `ex_user` WHERE `id` = 1  [ RunTime:0.0002s ]
SQL: select a.id,b.cName as subName,c.cName as capName,a.tTitle from ex_pjudge as a,ex_subject as b, ex_chapter as c where a.iSubid = b.id and a.iChaid = c.id; [ RunTime:0.0003s ]
NOTIC: [8] Undefined offset: 5 F:\Program\wamp\www\WebExamSystem1\Application\Admin\Controller\ProblemController.class.php 第 318 行.
SQL: SHOW COLUMNS FROM `ex_pselect` [ RunTime:0.0020s ]
SQL: SHOW COLUMNS FROM `ex_pfillblank` [ RunTime:0.0022s ]
SQL: SHOW COLUMNS FROM `ex_pjudge` [ RunTime:0.0022s ]
SQL: SHOW COLUMNS FROM `ex_preadcode` [ RunTime:0.0020s ]
SQL: SHOW COLUMNS FROM `ex_pcode` [ RunTime:0.0021s ]
SQL: SHOW COLUMNS FROM `ex_pwcode` [ RunTime:0.0021s ]
SQL: SELECT * FROM `ex_pjudge`  [ RunTime:0.0002s ]
INFO: [ view_parse ] --START--
INFO: [ template_filter ] --START--
INFO: Run Behavior\ContentReplaceBehavior [ RunTime:0.000097s ]
INFO: [ template_filter ] --END-- [ RunTime:0.000200s ]
INFO: Run Behavior\ParseTemplateBehavior [ RunTime:0.026191s ]
INFO: [ view_parse ] --END-- [ RunTime:0.026302s ]
INFO: [ view_filter ] --START--
INFO: Run Behavior\WriteHtmlCacheBehavior [ RunTime:0.000371s ]
INFO: [ view_filter ] --END-- [ RunTime:0.000452s ]
INFO: [ app_end ] --START--
INFO: Run Behavior\ShowPageTraceBehavior [ RunTime:0.000485s ]
INFO: [ app_end ] --END-- [ RunTime:0.000574s ]

[ 2017-06-10T13:57:34+08:00 ] ::1 /WebExamSystem1/index.php/Admin/Problem/readCode.html
INFO: [ app_init ] --START--
INFO: Run Behavior\BuildLiteBehavior [ RunTime:0.000023s ]
INFO: [ app_init ] --END-- [ RunTime:0.000490s ]
INFO: [ app_begin ] --START--
INFO: Run Behavior\ReadHtmlCacheBehavior [ RunTime:0.000488s ]
INFO: [ app_begin ] --END-- [ RunTime:0.000590s ]
SQL: SHOW COLUMNS FROM `ex_user` [ RunTime:0.0024s ]
SQL: SELECT * FROM `ex_user` WHERE `id` = 1  [ RunTime:0.0002s ]
SQL: select a.id,b.cName as subName,c.cName as capName,a.tTitle from ex_preadcode as a,ex_subject as b, ex_chapter as c where a.iSubid = b.id and a.iChaid = c.id; [ RunTime:0.0002s ]
NOTIC: [8] Undefined offset: 2 F:\Program\wamp\www\WebExamSystem1\Application\Admin\Controller\ProblemController.class.php 第 374 行.
SQL: SHOW COLUMNS FROM `ex_pselect` [ RunTime:0.0020s ]
SQL: SHOW COLUMNS FROM `ex_pfillblank` [ RunTime:0.0023s ]
SQL: SHOW COLUMNS FROM `ex_pjudge` [ RunTime:0.0020s ]
SQL: SHOW COLUMNS FROM `ex_preadcode` [ RunTime:0.0021s ]
SQL: SHOW COLUMNS FROM `ex_pcode` [ RunTime:0.0026s ]
SQL: SHOW COLUMNS FROM `ex_pwcode` [ RunTime:0.0032s ]
SQL: SELECT * FROM `ex_preadcode`  [ RunTime:0.0003s ]
INFO: [ view_parse ] --START--
INFO: [ template_filter ] --START--
INFO: Run Behavior\ContentReplaceBehavior [ RunTime:0.000255s ]
INFO: [ template_filter ] --END-- [ RunTime:0.000456s ]
INFO: Run Behavior\ParseTemplateBehavior [ RunTime:0.034447s ]
INFO: [ view_parse ] --END-- [ RunTime:0.034555s ]
INFO: [ view_filter ] --START--
INFO: Run Behavior\WriteHtmlCacheBehavior [ RunTime:0.000391s ]
INFO: [ view_filter ] --END-- [ RunTime:0.000475s ]
INFO: [ app_end ] --START--
INFO: Run Behavior\ShowPageTraceBehavior [ RunTime:0.000745s ]
INFO: [ app_end ] --END-- [ RunTime:0.000927s ]

[ 2017-06-10T13:57:35+08:00 ] ::1 /WebExamSystem1/index.php/Admin/Problem/code.html
INFO: [ app_init ] --START--
INFO: Run Behavior\BuildLiteBehavior [ RunTime:0.000020s ]
INFO: [ app_init ] --END-- [ RunTime:0.000384s ]
INFO: [ app_begin ] --START--
INFO: Run Behavior\ReadHtmlCacheBehavior [ RunTime:0.000449s ]
INFO: [ app_begin ] --END-- [ RunTime:0.000537s ]
SQL: SHOW COLUMNS FROM `ex_user` [ RunTime:0.0025s ]
SQL: SELECT * FROM `ex_user` WHERE `id` = 1  [ RunTime:0.0003s ]
SQL: select a.id,b.cName as subName,c.cName as capName,a.tTitle from ex_pcode as a,ex_subject as b, ex_chapter as c where a.iSubid = b.id and a.iChaid = c.id; [ RunTime:0.0003s ]
NOTIC: [8] Undefined offset: 2 F:\Program\wamp\www\WebExamSystem1\Application\Admin\Controller\ProblemController.class.php 第 430 行.
SQL: SHOW COLUMNS FROM `ex_pselect` [ RunTime:0.0023s ]
SQL: SHOW COLUMNS FROM `ex_pfillblank` [ RunTime:0.0024s ]
SQL: SHOW COLUMNS FROM `ex_pjudge` [ RunTime:0.0021s ]
SQL: SHOW COLUMNS FROM `ex_preadcode` [ RunTime:0.0020s ]
SQL: SHOW COLUMNS FROM `ex_pcode` [ RunTime:0.0020s ]
SQL: SHOW COLUMNS FROM `ex_pwcode` [ RunTime:0.0019s ]
SQL: SELECT * FROM `ex_pcode`  [ RunTime:0.0002s ]
INFO: [ view_parse ] --START--
INFO: [ template_filter ] --START--
INFO: Run Behavior\ContentReplaceBehavior [ RunTime:0.000087s ]
INFO: [ template_filter ] --END-- [ RunTime:0.000209s ]
INFO: Run Behavior\ParseTemplateBehavior [ RunTime:0.023485s ]
INFO: [ view_parse ] --END-- [ RunTime:0.023588s ]
INFO: [ view_filter ] --START--
INFO: Run Behavior\WriteHtmlCacheBehavior [ RunTime:0.000394s ]
INFO: [ view_filter ] --END-- [ RunTime:0.000485s ]
INFO: [ app_end ] --START--
INFO: Run Behavior\ShowPageTraceBehavior [ RunTime:0.000481s ]
INFO: [ app_end ] --END-- [ RunTime:0.000567s ]

[ 2017-06-10T13:57:36+08:00 ] ::1 /WebExamSystem1/index.php/Admin/Problem/wCode.html
INFO: [ app_init ] --START--
INFO: Run Behavior\BuildLiteBehavior [ RunTime:0.000021s ]
INFO: [ app_init ] --END-- [ RunTime:0.000488s ]
INFO: [ app_begin ] --START--
INFO: Run Behavior\ReadHtmlCacheBehavior [ RunTime:0.000496s ]
INFO: [ app_begin ] --END-- [ RunTime:0.000603s ]
SQL: SHOW COLUMNS FROM `ex_user` [ RunTime:0.0022s ]
SQL: SELECT * FROM `ex_user` WHERE `id` = 1  [ RunTime:0.0002s ]
SQL: select a.id,b.cName as subName,c.cName as capName,a.tTitle from ex_pwcode as a,ex_subject as b, ex_chapter as c where a.iSubid = b.id and a.iChaid = c.id; [ RunTime:0.0003s ]
NOTIC: [8] Undefined offset: 1 F:\Program\wamp\www\WebExamSystem1\Application\Admin\Controller\ProblemController.class.php 第 487 行.
SQL: SHOW COLUMNS FROM `ex_pselect` [ RunTime:0.0028s ]
SQL: SHOW COLUMNS FROM `ex_pfillblank` [ RunTime:0.0027s ]
SQL: SHOW COLUMNS FROM `ex_pjudge` [ RunTime:0.0021s ]
SQL: SHOW COLUMNS FROM `ex_preadcode` [ RunTime:0.0019s ]
SQL: SHOW COLUMNS FROM `ex_pcode` [ RunTime:0.0019s ]
SQL: SHOW COLUMNS FROM `ex_pwcode` [ RunTime:0.0020s ]
SQL: SELECT * FROM `ex_pwcode`  [ RunTime:0.0002s ]
INFO: [ view_parse ] --START--
INFO: [ template_filter ] --START--
INFO: Run Behavior\ContentReplaceBehavior [ RunTime:0.000091s ]
INFO: [ template_filter ] --END-- [ RunTime:0.000209s ]
INFO: Run Behavior\ParseTemplateBehavior [ RunTime:0.050533s ]
INFO: [ view_parse ] --END-- [ RunTime:0.050650s ]
INFO: [ view_filter ] --START--
INFO: Run Behavior\WriteHtmlCacheBehavior [ RunTime:0.000504s ]
INFO: [ view_filter ] --END-- [ RunTime:0.000627s ]
INFO: [ app_end ] --START--
INFO: Run Behavior\ShowPageTraceBehavior [ RunTime:0.000564s ]
INFO: [ app_end ] --END-- [ RunTime:0.000690s ]

[ 2017-06-10T13:57:37+08:00 ] ::1 /WebExamSystem1/index.php/Admin/Paper/index.html
INFO: [ app_init ] --START--
INFO: Run Behavior\BuildLiteBehavior [ RunTime:0.000020s ]
INFO: [ app_init ] --END-- [ RunTime:0.000400s ]
INFO: [ app_begin ] --START--
INFO: Run Behavior\ReadHtmlCacheBehavior [ RunTime:0.000484s ]
INFO: [ app_begin ] --END-- [ RunTime:0.000575s ]
SQL: SHOW COLUMNS FROM `ex_user` [ RunTime:0.0022s ]
SQL: SELECT * FROM `ex_user` WHERE `id` = 1  [ RunTime:0.0002s ]
SQL: SHOW COLUMNS FROM `ex_paper` [ RunTime:0.0538s ]
SQL: SELECT * FROM `ex_paper`  [ RunTime:0.0003s ]
SQL: SHOW COLUMNS FROM `ex_subject` [ RunTime:0.0023s ]
SQL: SELECT * FROM `ex_subject` WHERE `id` = 1  [ RunTime:0.0002s ]
NOTIC: [8] Use of undefined constant cname - assumed 'cname' F:\Program\wamp\www\WebExamSystem1\Application\Common\Model\ProblemModel.class.php 第 183 行.
INFO: [ view_parse ] --START--
INFO: [ template_filter ] --START--
INFO: Run Behavior\ContentReplaceBehavior [ RunTime:0.000102s ]
INFO: [ template_filter ] --END-- [ RunTime:0.000207s ]
NOTIC: [8] Undefined variable: subjects F:\Program\wamp\www\WebExamSystem1\Application\Runtime\Cache\Admin\c6472f9944fc0fa6165b0334a436d1fa.php 第 164 行.
INFO: Run Behavior\ParseTemplateBehavior [ RunTime:0.026842s ]
INFO: [ view_parse ] --END-- [ RunTime:0.026951s ]
INFO: [ view_filter ] --START--
INFO: Run Behavior\WriteHtmlCacheBehavior [ RunTime:0.000328s ]
INFO: [ view_filter ] --END-- [ RunTime:0.000408s ]
INFO: [ app_end ] --START--
INFO: Run Behavior\ShowPageTraceBehavior [ RunTime:0.000561s ]
INFO: [ app_end ] --END-- [ RunTime:0.000656s ]

[ 2017-06-10T13:57:37+08:00 ] ::1 /WebExamSystem1/index.php/Admin/PaperTem/index.html
INFO: [ app_init ] --START--
INFO: Run Behavior\BuildLiteBehavior [ RunTime:0.000020s ]
INFO: [ app_init ] --END-- [ RunTime:0.000403s ]
INFO: [ app_begin ] --START--
INFO: Run Behavior\ReadHtmlCacheBehavior [ RunTime:0.000487s ]
INFO: [ app_begin ] --END-- [ RunTime:0.000582s ]
SQL: SHOW COLUMNS FROM `ex_user` [ RunTime:0.0021s ]
SQL: SELECT * FROM `ex_user` WHERE `id` = 1  [ RunTime:0.0002s ]
SQL: SHOW COLUMNS FROM `ex_paptemplate` [ RunTime:0.0282s ]
SQL: SELECT * FROM `ex_paptemplate`  [ RunTime:0.0002s ]
SQL: SHOW COLUMNS FROM `ex_subject` [ RunTime:0.0021s ]
SQL: SELECT * FROM `ex_subject` WHERE `id` = 1  [ RunTime:0.0002s ]
SQL: SELECT * FROM `ex_subject`  [ RunTime:0.0002s ]
INFO: [ view_parse ] --START--
INFO: [ template_filter ] --START--
INFO: Run Behavior\ContentReplaceBehavior [ RunTime:0.000084s ]
INFO: [ template_filter ] --END-- [ RunTime:0.000193s ]
INFO: Run Behavior\ParseTemplateBehavior [ RunTime:0.026762s ]
INFO: [ view_parse ] --END-- [ RunTime:0.026858s ]
INFO: [ view_filter ] --START--
INFO: Run Behavior\WriteHtmlCacheBehavior [ RunTime:0.000359s ]
INFO: [ view_filter ] --END-- [ RunTime:0.000441s ]
INFO: [ app_end ] --START--
INFO: Run Behavior\ShowPageTraceBehavior [ RunTime:0.000556s ]
INFO: [ app_end ] --END-- [ RunTime:0.000665s ]

[ 2017-06-10T13:57:39+08:00 ] ::1 /WebExamSystem1/index.php/Admin/User/index.html
INFO: [ app_init ] --START--
INFO: Run Behavior\BuildLiteBehavior [ RunTime:0.000019s ]
INFO: [ app_init ] --END-- [ RunTime:0.000395s ]
INFO: [ app_begin ] --START--
INFO: Run Behavior\ReadHtmlCacheBehavior [ RunTime:0.000466s ]
INFO: [ app_begin ] --END-- [ RunTime:0.000563s ]
INFO: [ view_parse ] --START--
INFO: [ template_filter ] --START--
INFO: Run Behavior\ContentReplaceBehavior [ RunTime:0.000052s ]
INFO: [ template_filter ] --END-- [ RunTime:0.000165s ]
INFO: Run Behavior\ParseTemplateBehavior [ RunTime:0.004650s ]
INFO: [ view_parse ] --END-- [ RunTime:0.004761s ]
INFO: [ view_filter ] --START--
INFO: Run Behavior\WriteHtmlCacheBehavior [ RunTime:0.000528s ]
INFO: [ view_filter ] --END-- [ RunTime:0.000632s ]
INFO: [ app_end ] --START--
INFO: Run Behavior\ShowPageTraceBehavior [ RunTime:0.000710s ]
INFO: [ app_end ] --END-- [ RunTime:0.000809s ]

[ 2017-06-10T13:57:42+08:00 ] ::1 /WebExamSystem1/index.php/Admin/User/index.html
INFO: [ app_init ] --START--
INFO: Run Behavior\BuildLiteBehavior [ RunTime:0.000019s ]
INFO: [ app_init ] --END-- [ RunTime:0.000419s ]
INFO: [ app_begin ] --START--
INFO: Run Behavior\ReadHtmlCacheBehavior [ RunTime:0.000411s ]
INFO: [ app_begin ] --END-- [ RunTime:0.000498s ]
INFO: [ view_parse ] --START--
INFO: [ template_filter ] --START--
INFO: Run Behavior\ContentReplaceBehavior [ RunTime:0.000053s ]
INFO: [ template_filter ] --END-- [ RunTime:0.000159s ]
INFO: Run Behavior\ParseTemplateBehavior [ RunTime:0.004376s ]
INFO: [ view_parse ] --END-- [ RunTime:0.004502s ]
INFO: [ view_filter ] --START--
INFO: Run Behavior\WriteHtmlCacheBehavior [ RunTime:0.000275s ]
INFO: [ view_filter ] --END-- [ RunTime:0.000353s ]
INFO: [ app_end ] --START--
INFO: Run Behavior\ShowPageTraceBehavior [ RunTime:0.000497s ]
INFO: [ app_end ] --END-- [ RunTime:0.000592s ]

[ 2017-06-10T13:57:44+08:00 ] ::1 /WebExamSystem1/index.php/Admin/Paper/index.html
INFO: [ app_init ] --START--
INFO: Run Behavior\BuildLiteBehavior [ RunTime:0.000020s ]
INFO: [ app_init ] --END-- [ RunTime:0.000391s ]
INFO: [ app_begin ] --START--
INFO: Run Behavior\ReadHtmlCacheBehavior [ RunTime:0.000462s ]
INFO: [ app_begin ] --END-- [ RunTime:0.000551s ]
SQL: SHOW COLUMNS FROM `ex_user` [ RunTime:0.0023s ]
SQL: SELECT * FROM `ex_user` WHERE `id` = 1  [ RunTime:0.0002s ]
SQL: SHOW COLUMNS FROM `ex_paper` [ RunTime:0.0024s ]
SQL: SELECT * FROM `ex_paper`  [ RunTime:0.0003s ]
SQL: SHOW COLUMNS FROM `ex_subject` [ RunTime:0.0023s ]
SQL: SELECT * FROM `ex_subject` WHERE `id` = 1  [ RunTime:0.0002s ]
NOTIC: [8] Use of undefined constant cname - assumed 'cname' F:\Program\wamp\www\WebExamSystem1\Application\Common\Model\ProblemModel.class.php 第 183 行.
INFO: [ view_parse ] --START--
INFO: [ template_filter ] --START--
INFO: Run Behavior\ContentReplaceBehavior [ RunTime:0.000119s ]
INFO: [ template_filter ] --END-- [ RunTime:0.000229s ]
NOTIC: [8] Undefined variable: subjects F:\Program\wamp\www\WebExamSystem1\Application\Runtime\Cache\Admin\c6472f9944fc0fa6165b0334a436d1fa.php 第 164 行.
INFO: Run Behavior\ParseTemplateBehavior [ RunTime:0.015794s ]
INFO: [ view_parse ] --END-- [ RunTime:0.015879s ]
INFO: [ view_filter ] --START--
INFO: Run Behavior\WriteHtmlCacheBehavior [ RunTime:0.000382s ]
INFO: [ view_filter ] --END-- [ RunTime:0.000482s ]
INFO: [ app_end ] --START--
INFO: Run Behavior\ShowPageTraceBehavior [ RunTime:0.000686s ]
INFO: [ app_end ] --END-- [ RunTime:0.000800s ]

[ 2017-06-10T13:57:45+08:00 ] ::1 /WebExamSystem1/index.php/Admin/User/index.html
INFO: [ app_init ] --START--
INFO: Run Behavior\BuildLiteBehavior [ RunTime:0.000020s ]
INFO: [ app_init ] --END-- [ RunTime:0.000432s ]
INFO: [ app_begin ] --START--
INFO: Run Behavior\ReadHtmlCacheBehavior [ RunTime:0.000489s ]
INFO: [ app_begin ] --END-- [ RunTime:0.000590s ]
INFO: [ view_parse ] --START--
INFO: [ template_filter ] --START--
INFO: Run Behavior\ContentReplaceBehavior [ RunTime:0.000052s ]
INFO: [ template_filter ] --END-- [ RunTime:0.000167s ]
INFO: Run Behavior\ParseTemplateBehavior [ RunTime:0.004595s ]
INFO: [ view_parse ] --END-- [ RunTime:0.004712s ]
INFO: [ view_filter ] --START--
INFO: Run Behavior\WriteHtmlCacheBehavior [ RunTime:0.000294s ]
INFO: [ view_filter ] --END-- [ RunTime:0.000380s ]
INFO: [ app_end ] --START--
INFO: Run Behavior\ShowPageTraceBehavior [ RunTime:0.000445s ]
INFO: [ app_end ] --END-- [ RunTime:0.000534s ]

[ 2017-06-10T21:08:19+08:00 ] ::1 /WebExamSystem1/index.php/Admin/Index/index.html
INFO: [ app_init ] --START--
INFO: Run Behavior\BuildLiteBehavior [ RunTime:0.000022s ]
INFO: [ app_init ] --END-- [ RunTime:0.000461s ]
INFO: [ app_begin ] --START--
INFO: Run Behavior\ReadHtmlCacheBehavior [ RunTime:0.000496s ]
INFO: [ app_begin ] --END-- [ RunTime:0.000596s ]
SQL: SHOW COLUMNS FROM `ex_user` [ RunTime:0.0030s ]
SQL: SELECT * FROM `ex_user` WHERE `id` = null  [ RunTime:0.0003s ]

[ 2017-06-10T21:08:20+08:00 ] ::1 /WebExamSystem1/index.php/Admin/Login/error.html
INFO: [ app_init ] --START--
INFO: Run Behavior\BuildLiteBehavior [ RunTime:0.000020s ]
INFO: [ app_init ] --END-- [ RunTime:0.000427s ]
INFO: [ app_begin ] --START--
INFO: Run Behavior\ReadHtmlCacheBehavior [ RunTime:0.000439s ]
INFO: [ app_begin ] --END-- [ RunTime:0.000529s ]
NOTIC: [2048] Declaration of Admin\Controller\LoginController::error() should be compatible with Think\Controller::error($message = '', $jumpUrl = '', $ajax = false) F:\Program\wamp\www\WebExamSystem1\Application\Admin\Controller\LoginController.class.php 第 4 行.
INFO: [ view_parse ] --START--
INFO: [ template_filter ] --START--
INFO: Run Behavior\ContentReplaceBehavior [ RunTime:0.000059s ]
INFO: [ template_filter ] --END-- [ RunTime:0.000152s ]
INFO: Run Behavior\ParseTemplateBehavior [ RunTime:0.041637s ]
INFO: [ view_parse ] --END-- [ RunTime:0.041740s ]
INFO: [ view_filter ] --START--
INFO: Run Behavior\WriteHtmlCacheBehavior [ RunTime:0.000299s ]
INFO: [ view_filter ] --END-- [ RunTime:0.000380s ]
INFO: [ app_end ] --START--
INFO: Run Behavior\ShowPageTraceBehavior [ RunTime:0.000435s ]
INFO: [ app_end ] --END-- [ RunTime:0.000520s ]

[ 2017-06-10T21:08:22+08:00 ] ::1 /WebExamSystem1/index.php/Admin/Login/index.html
INFO: [ app_init ] --START--
INFO: Run Behavior\BuildLiteBehavior [ RunTime:0.000024s ]
INFO: [ app_init ] --END-- [ RunTime:0.000568s ]
INFO: [ app_begin ] --START--
INFO: Run Behavior\ReadHtmlCacheBehavior [ RunTime:0.000698s ]
INFO: [ app_begin ] --END-- [ RunTime:0.000850s ]
NOTIC: [2048] Declaration of Admin\Controller\LoginController::error() should be compatible with Think\Controller::error($message = '', $jumpUrl = '', $ajax = false) F:\Program\wamp\www\WebExamSystem1\Application\Admin\Controller\LoginController.class.php 第 4 行.
INFO: [ view_parse ] --START--
INFO: [ template_filter ] --START--
INFO: Run Behavior\ContentReplaceBehavior [ RunTime:0.000100s ]
INFO: [ template_filter ] --END-- [ RunTime:0.000247s ]
INFO: Run Behavior\ParseTemplateBehavior [ RunTime:0.016221s ]
INFO: [ view_parse ] --END-- [ RunTime:0.016361s ]
INFO: [ view_filter ] --START--
INFO: Run Behavior\WriteHtmlCacheBehavior [ RunTime:0.000440s ]
INFO: [ view_filter ] --END-- [ RunTime:0.000537s ]
INFO: [ app_end ] --START--
INFO: Run Behavior\ShowPageTraceBehavior [ RunTime:0.000515s ]
INFO: [ app_end ] --END-- [ RunTime:0.000604s ]

[ 2017-06-10T21:08:27+08:00 ] ::1 /WebExamSystem1/index.php/Admin/Login/login
INFO: [ app_init ] --START--
INFO: Run Behavior\BuildLiteBehavior [ RunTime:0.000026s ]
INFO: [ app_init ] --END-- [ RunTime:0.000509s ]
INFO: [ app_begin ] --START--
INFO: Run Behavior\ReadHtmlCacheBehavior [ RunTime:0.000484s ]
INFO: [ app_begin ] --END-- [ RunTime:0.000593s ]
NOTIC: [2048] Declaration of Admin\Controller\LoginController::error() should be compatible with Think\Controller::error($message = '', $jumpUrl = '', $ajax = false) F:\Program\wamp\www\WebExamSystem1\Application\Admin\Controller\LoginController.class.php 第 4 行.
SQL: SHOW COLUMNS FROM `ex_user` [ RunTime:0.0028s ]
SQL: SELECT * FROM `ex_user` WHERE `cUser` = '001'  [ RunTime:0.0003s ]
SQL: SELECT * FROM `ex_user` WHERE `cUser` = '001'  [ RunTime:0.0002s ]
SQL: SELECT * FROM `ex_user` WHERE `cUser` = '001'  [ RunTime:0.0002s ]

[ 2017-06-10T21:08:27+08:00 ] ::1 /WebExamSystem1/index.php/Admin/Index/index
INFO: [ app_init ] --START--
INFO: Run Behavior\BuildLiteBehavior [ RunTime:0.000019s ]
INFO: [ app_init ] --END-- [ RunTime:0.000386s ]
INFO: [ app_begin ] --START--
INFO: Run Behavior\ReadHtmlCacheBehavior [ RunTime:0.000431s ]
INFO: [ app_begin ] --END-- [ RunTime:0.000524s ]
SQL: SHOW COLUMNS FROM `ex_user` [ RunTime:0.0023s ]
SQL: SELECT * FROM `ex_user` WHERE `id` = 1  [ RunTime:0.0002s ]
SQL: SHOW COLUMNS FROM `ex_pselect` [ RunTime:0.0222s ]
SQL: SHOW COLUMNS FROM `ex_pfillblank` [ RunTime:0.0453s ]
SQL: SHOW COLUMNS FROM `ex_pjudge` [ RunTime:0.0336s ]
SQL: SHOW COLUMNS FROM `ex_preadcode` [ RunTime:0.0331s ]
SQL: SHOW COLUMNS FROM `ex_pcode` [ RunTime:0.0595s ]
SQL: SHOW COLUMNS FROM `ex_pwcode` [ RunTime:0.0357s ]
SQL: SELECT * FROM `ex_pselect`  [ RunTime:0.0004s ]
SQL: SELECT * FROM `ex_pfillblank`  [ RunTime:0.0002s ]
SQL: SELECT * FROM `ex_pjudge`  [ RunTime:0.0002s ]
SQL: SELECT * FROM `ex_preadcode`  [ RunTime:0.0002s ]
SQL: SELECT * FROM `ex_pcode`  [ RunTime:0.0001s ]
NOTIC: [8] Undefined variable: subjects F:\Program\wamp\www\WebExamSystem1\Application\Admin\Controller\IndexController.class.php 第 10 行.
INFO: [ view_parse ] --START--
INFO: [ template_filter ] --START--
INFO: Run Behavior\ContentReplaceBehavior [ RunTime:0.000074s ]
INFO: [ template_filter ] --END-- [ RunTime:0.000164s ]
INFO: Run Behavior\ParseTemplateBehavior [ RunTime:0.021212s ]
INFO: [ view_parse ] --END-- [ RunTime:0.021318s ]
INFO: [ view_filter ] --START--
INFO: Run Behavior\WriteHtmlCacheBehavior [ RunTime:0.000538s ]
INFO: [ view_filter ] --END-- [ RunTime:0.000622s ]
INFO: [ app_end ] --START--
INFO: Run Behavior\ShowPageTraceBehavior [ RunTime:0.000735s ]
INFO: [ app_end ] --END-- [ RunTime:0.000830s ]

[ 2017-06-10T21:08:29+08:00 ] ::1 /WebExamSystem1/index.php/Admin/Problem/select.html
INFO: [ app_init ] --START--
INFO: Run Behavior\BuildLiteBehavior [ RunTime:0.000024s ]
INFO: [ app_init ] --END-- [ RunTime:0.000489s ]
INFO: [ app_begin ] --START--
INFO: Run Behavior\ReadHtmlCacheBehavior [ RunTime:0.000650s ]
INFO: [ app_begin ] --END-- [ RunTime:0.000776s ]
SQL: SHOW COLUMNS FROM `ex_user` [ RunTime:0.0025s ]
SQL: SELECT * FROM `ex_user` WHERE `id` = 1  [ RunTime:0.0002s ]
SQL: select a.id,b.cName as subName,c.cName as capName,a.tTitle from ex_pselect as a,ex_subject as b, ex_chapter as c where a.iSubid = b.id and a.iChaid = c.id; [ RunTime:0.0537s ]
SQL: SHOW COLUMNS FROM `ex_pselect` [ RunTime:0.0028s ]
SQL: SHOW COLUMNS FROM `ex_pfillblank` [ RunTime:0.0032s ]
SQL: SHOW COLUMNS FROM `ex_pjudge` [ RunTime:0.0025s ]
SQL: SHOW COLUMNS FROM `ex_preadcode` [ RunTime:0.0023s ]
SQL: SHOW COLUMNS FROM `ex_pcode` [ RunTime:0.0022s ]
SQL: SHOW COLUMNS FROM `ex_pwcode` [ RunTime:0.0022s ]
SQL: SELECT * FROM `ex_pselect`  [ RunTime:0.0003s ]
INFO: [ view_parse ] --START--
INFO: [ template_filter ] --START--
INFO: Run Behavior\ContentReplaceBehavior [ RunTime:0.000081s ]
INFO: [ template_filter ] --END-- [ RunTime:0.000172s ]
INFO: Run Behavior\ParseTemplateBehavior [ RunTime:0.032564s ]
INFO: [ view_parse ] --END-- [ RunTime:0.032671s ]
INFO: [ view_filter ] --START--
INFO: Run Behavior\WriteHtmlCacheBehavior [ RunTime:0.000538s ]
INFO: [ view_filter ] --END-- [ RunTime:0.000619s ]
INFO: [ app_end ] --START--
INFO: Run Behavior\ShowPageTraceBehavior [ RunTime:0.000589s ]
INFO: [ app_end ] --END-- [ RunTime:0.000674s ]

[ 2017-06-10T21:08:31+08:00 ] ::1 /WebExamSystem1/index.php/Admin/PaperTem/index.html
INFO: [ app_init ] --START--
INFO: Run Behavior\BuildLiteBehavior [ RunTime:0.000019s ]
INFO: [ app_init ] --END-- [ RunTime:0.000397s ]
INFO: [ app_begin ] --START--
INFO: Run Behavior\ReadHtmlCacheBehavior [ RunTime:0.000496s ]
INFO: [ app_begin ] --END-- [ RunTime:0.000611s ]
SQL: SHOW COLUMNS FROM `ex_user` [ RunTime:0.0024s ]
SQL: SELECT * FROM `ex_user` WHERE `id` = 1  [ RunTime:0.0002s ]
SQL: SHOW COLUMNS FROM `ex_paptemplate` [ RunTime:0.0282s ]
SQL: SELECT * FROM `ex_paptemplate`  [ RunTime:0.0003s ]
SQL: SHOW COLUMNS FROM `ex_subject` [ RunTime:0.0021s ]
SQL: SELECT * FROM `ex_subject` WHERE `id` = 1  [ RunTime:0.0002s ]
SQL: SELECT * FROM `ex_subject`  [ RunTime:0.0003s ]
INFO: [ view_parse ] --START--
INFO: [ template_filter ] --START--
INFO: Run Behavior\ContentReplaceBehavior [ RunTime:0.000082s ]
INFO: [ template_filter ] --END-- [ RunTime:0.000172s ]
INFO: Run Behavior\ParseTemplateBehavior [ RunTime:0.021936s ]
INFO: [ view_parse ] --END-- [ RunTime:0.022031s ]
INFO: [ view_filter ] --START--
INFO: Run Behavior\WriteHtmlCacheBehavior [ RunTime:0.000453s ]
INFO: [ view_filter ] --END-- [ RunTime:0.000533s ]
INFO: [ app_end ] --START--
INFO: Run Behavior\ShowPageTraceBehavior [ RunTime:0.000681s ]
INFO: [ app_end ] --END-- [ RunTime:0.000780s ]

[ 2017-06-10T21:08:35+08:00 ] ::1 /WebExamSystem1/index.php/Admin/Paper/index.html
INFO: [ app_init ] --START--
INFO: Run Behavior\BuildLiteBehavior [ RunTime:0.000023s ]
INFO: [ app_init ] --END-- [ RunTime:0.000443s ]
INFO: [ app_begin ] --START--
INFO: Run Behavior\ReadHtmlCacheBehavior [ RunTime:0.000560s ]
INFO: [ app_begin ] --END-- [ RunTime:0.000661s ]
SQL: SHOW COLUMNS FROM `ex_user` [ RunTime:0.0026s ]
SQL: SELECT * FROM `ex_user` WHERE `id` = 1  [ RunTime:0.0003s ]
SQL: SHOW COLUMNS FROM `ex_paper` [ RunTime:0.0028s ]
SQL: SELECT * FROM `ex_paper`  [ RunTime:0.0003s ]
SQL: SHOW COLUMNS FROM `ex_user` [ RunTime:0.0022s ]
SQL: SELECT * FROM `ex_user` WHERE `id` = 2  [ RunTime:0.0003s ]
NOTIC: [8] Undefined index: cname F:\Program\wamp\www\WebExamSystem1\Application\Common\Model\PaperModel.class.php 第 12 行.
SQL: SHOW COLUMNS FROM `ex_subject` [ RunTime:0.0023s ]
SQL: SELECT * FROM `ex_subject` WHERE `id` = 1  [ RunTime:0.0002s ]
NOTIC: [8] Use of undefined constant cname - assumed 'cname' F:\Program\wamp\www\WebExamSystem1\Application\Common\Model\ProblemModel.class.php 第 183 行.
INFO: [ view_parse ] --START--
INFO: [ template_filter ] --START--
INFO: Run Behavior\ContentReplaceBehavior [ RunTime:0.000171s ]
INFO: [ template_filter ] --END-- [ RunTime:0.000263s ]
NOTIC: [8] Undefined variable: subjects F:\Program\wamp\www\WebExamSystem1\Application\Runtime\Cache\Admin\c6472f9944fc0fa6165b0334a436d1fa.php 第 164 行.
INFO: Run Behavior\ParseTemplateBehavior [ RunTime:0.033110s ]
INFO: [ view_parse ] --END-- [ RunTime:0.033197s ]
INFO: [ view_filter ] --START--
INFO: Run Behavior\WriteHtmlCacheBehavior [ RunTime:0.000510s ]
INFO: [ view_filter ] --END-- [ RunTime:0.000588s ]
INFO: [ app_end ] --START--
INFO: Run Behavior\ShowPageTraceBehavior [ RunTime:0.000637s ]
INFO: [ app_end ] --END-- [ RunTime:0.000746s ]

[ 2017-06-10T21:08:53+08:00 ] ::1 /WebExamSystem1/index.php/Admin/Index/index.html
INFO: [ app_init ] --START--
INFO: Run Behavior\BuildLiteBehavior [ RunTime:0.000022s ]
INFO: [ app_init ] --END-- [ RunTime:0.000468s ]
INFO: [ app_begin ] --START--
INFO: Run Behavior\ReadHtmlCacheBehavior [ RunTime:0.000461s ]
INFO: [ app_begin ] --END-- [ RunTime:0.000554s ]
SQL: SHOW COLUMNS FROM `ex_user` [ RunTime:0.0025s ]
SQL: SELECT * FROM `ex_user` WHERE `id` = 1  [ RunTime:0.0003s ]
SQL: SHOW COLUMNS FROM `ex_pselect` [ RunTime:0.0024s ]
SQL: SHOW COLUMNS FROM `ex_pfillblank` [ RunTime:0.0026s ]
SQL: SHOW COLUMNS FROM `ex_pjudge` [ RunTime:0.0025s ]
SQL: SHOW COLUMNS FROM `ex_preadcode` [ RunTime:0.0023s ]
SQL: SHOW COLUMNS FROM `ex_pcode` [ RunTime:0.0026s ]
SQL: SHOW COLUMNS FROM `ex_pwcode` [ RunTime:0.0029s ]
SQL: SELECT * FROM `ex_pselect`  [ RunTime:0.0004s ]
SQL: SELECT * FROM `ex_pfillblank`  [ RunTime:0.0002s ]
SQL: SELECT * FROM `ex_pjudge`  [ RunTime:0.0002s ]
SQL: SELECT * FROM `ex_preadcode`  [ RunTime:0.0002s ]
SQL: SELECT * FROM `ex_pcode`  [ RunTime:0.0001s ]
NOTIC: [8] Undefined variable: subjects F:\Program\wamp\www\WebExamSystem1\Application\Admin\Controller\IndexController.class.php 第 10 行.
INFO: [ view_parse ] --START--
INFO: [ template_filter ] --START--
INFO: Run Behavior\ContentReplaceBehavior [ RunTime:0.000072s ]
INFO: [ template_filter ] --END-- [ RunTime:0.000161s ]
INFO: Run Behavior\ParseTemplateBehavior [ RunTime:0.010499s ]
INFO: [ view_parse ] --END-- [ RunTime:0.010596s ]
INFO: [ view_filter ] --START--
INFO: Run Behavior\WriteHtmlCacheBehavior [ RunTime:0.000478s ]
INFO: [ view_filter ] --END-- [ RunTime:0.000558s ]
INFO: [ app_end ] --START--
INFO: Run Behavior\ShowPageTraceBehavior [ RunTime:0.000607s ]
INFO: [ app_end ] --END-- [ RunTime:0.000691s ]

